{"contracts/partner/mock/MockNFT.sol":{"l":{"12":3,"13":3,"14":3},"path":"/Volumes/Work/WorkInProgress/Popoo/popoo-pns-contracts/contracts/partner/mock/MockNFT.sol","s":{"1":3},"b":{},"f":{"1":3,"2":3},"fnMap":{"1":{"name":"constructor","line":7,"loc":{"start":{"line":7,"column":4},"end":{"line":7,"column":45}}},"2":{"name":"mint","line":11,"loc":{"start":{"line":11,"column":4},"end":{"line":15,"column":4}}}},"statementMap":{"1":{"start":{"line":13,"column":8},"end":{"line":13,"column":37}}},"branchMap":{}},"contracts/partner/PartnerNFTMinter.sol":{"l":{"37":3,"38":3,"39":3,"49":3,"51":3,"52":1,"54":2,"55":1,"57":1,"58":0,"59":1,"60":1,"71":2,"72":1,"81":10,"87":6,"95":1},"path":"/Volumes/Work/WorkInProgress/Popoo/popoo-pns-contracts/contracts/partner/PartnerNFTMinter.sol","s":{"1":3,"2":3,"3":2,"4":1,"5":1,"6":2,"7":10},"b":{"1":[1,2],"2":[1,0],"3":[1,1],"4":[0,1],"5":[1,1],"6":[10,1],"7":[4,6],"8":[3,0],"9":[0,1],"10":[1,0],"11":[1,1]},"f":{"1":3,"2":3,"3":2,"4":10,"5":1},"fnMap":{"1":{"name":"constructor","line":36,"loc":{"start":{"line":32,"column":4},"end":{"line":40,"column":4}}},"2":{"name":"register","line":42,"loc":{"start":{"line":42,"column":4},"end":{"line":68,"column":4}}},"3":{"name":"setAllowDuplication","line":70,"loc":{"start":{"line":70,"column":4},"end":{"line":73,"column":4}}},"4":{"name":"addDomain","line":80,"loc":{"start":{"line":75,"column":4},"end":{"line":92,"column":4}}},"5":{"name":"removeDomain","line":94,"loc":{"start":{"line":94,"column":4},"end":{"line":100,"column":4}}}},"statementMap":{"1":{"start":{"line":49,"column":8},"end":{"line":49,"column":50}},"2":{"start":{"line":51,"column":8},"end":{"line":51,"column":1304}},"3":{"start":{"line":54,"column":8},"end":{"line":54,"column":1408}},"4":{"start":{"line":57,"column":8},"end":{"line":57,"column":1513}},"5":{"start":{"line":60,"column":8},"end":{"line":60,"column":1653}},"6":{"start":{"line":71,"column":8},"end":{"line":71,"column":68}},"7":{"start":{"line":81,"column":8},"end":{"line":81,"column":2217}}},"branchMap":{"1":{"line":51,"type":"if","locations":[{"start":{"line":51,"column":8},"end":{"line":51,"column":8}},{"start":{"line":51,"column":8},"end":{"line":51,"column":8}}]},"2":{"line":51,"type":"cond-expr","locations":[{"start":{"line":51,"column":12},"end":{"line":51,"column":35}},{"start":{"line":51,"column":40},"end":{"line":51,"column":65}}]},"3":{"line":54,"type":"if","locations":[{"start":{"line":54,"column":8},"end":{"line":54,"column":8}},{"start":{"line":54,"column":8},"end":{"line":54,"column":8}}]},"4":{"line":57,"type":"if","locations":[{"start":{"line":57,"column":8},"end":{"line":57,"column":8}},{"start":{"line":57,"column":8},"end":{"line":57,"column":8}}]},"5":{"line":71,"type":"if","locations":[{"start":{"line":71,"column":8},"end":{"line":71,"column":8}},{"start":{"line":71,"column":8},"end":{"line":71,"column":8}}]},"6":{"line":80,"type":"if","locations":[{"start":{"line":80,"column":15},"end":{"line":80,"column":15}},{"start":{"line":80,"column":15},"end":{"line":80,"column":15}}]},"7":{"line":81,"type":"if","locations":[{"start":{"line":81,"column":8},"end":{"line":81,"column":8}},{"start":{"line":81,"column":8},"end":{"line":81,"column":8}}]},"8":{"line":82,"type":"cond-expr","locations":[{"start":{"line":82,"column":12},"end":{"line":82,"column":54}},{"start":{"line":83,"column":12},"end":{"line":83,"column":30}}]},"9":{"line":82,"type":"cond-expr","locations":[{"start":{"line":82,"column":12},"end":{"line":83,"column":30}},{"start":{"line":84,"column":12},"end":{"line":84,"column":28}}]},"10":{"line":82,"type":"cond-expr","locations":[{"start":{"line":82,"column":12},"end":{"line":84,"column":28}},{"start":{"line":85,"column":12},"end":{"line":85,"column":29}}]},"11":{"line":94,"type":"if","locations":[{"start":{"line":94,"column":49},"end":{"line":94,"column":49}},{"start":{"line":94,"column":49},"end":{"line":94,"column":49}}]}}},"contracts/registrar/BaseRegistrarImplementation.sol":{"l":{"48":849,"49":845,"55":17,"56":17,"60":937,"61":937,"65":519,"66":515,"78":1312,"79":1304,"84":17,"85":17,"90":0,"91":0,"96":1,"101":665,"107":557,"121":502,"135":1,"144":501,"145":499,"150":499,"151":499,"153":8,"155":499,"156":499,"157":498,"160":499,"162":499,"169":14,"170":12,"174":12,"175":12,"176":12,"183":418,"184":414,"190":0},"path":"/Volumes/Work/WorkInProgress/Popoo/popoo-pns-contracts/contracts/registrar/BaseRegistrarImplementation.sol","s":{"1":849,"2":845,"3":937,"4":519,"5":1312,"6":1304,"7":17,"8":0,"9":1,"10":665,"11":557,"12":502,"13":1,"14":501,"15":499,"16":499,"17":8,"18":499,"19":499,"20":498,"21":499,"22":499,"23":14,"24":12,"25":12,"26":12,"27":418,"28":414,"29":0},"b":{"1":[437,0],"2":[0,403],"3":[937,0],"4":[515,4],"5":[1304,8],"6":[17,0],"7":[0,0],"8":[1,0],"9":[503,0],"10":[501,2],"11":[499,2],"12":[499,0],"13":[8,491],"14":[498,1],"15":[16,0],"16":[14,2],"17":[12,2],"18":[12,0],"19":[418,0],"20":[414,4],"21":[0,0],"22":[0,0]},"f":{"1":849,"2":17,"3":937,"4":519,"5":1312,"6":17,"7":0,"8":1,"9":665,"10":557,"11":502,"12":1,"13":501,"14":14,"15":418,"16":0},"fnMap":{"1":{"name":"_isApprovedOrOwner","line":44,"loc":{"start":{"line":44,"column":4},"end":{"line":52,"column":4}}},"2":{"name":"constructor","line":54,"loc":{"start":{"line":54,"column":4},"end":{"line":57,"column":4}}},"3":{"name":"live","line":59,"loc":{"start":{"line":59,"column":4},"end":{"line":62,"column":4}}},"4":{"name":"onlyController","line":64,"loc":{"start":{"line":64,"column":4},"end":{"line":67,"column":4}}},"5":{"name":"ownerOf","line":75,"loc":{"start":{"line":75,"column":4},"end":{"line":80,"column":4}}},"6":{"name":"addController","line":83,"loc":{"start":{"line":83,"column":4},"end":{"line":86,"column":4}}},"7":{"name":"removeController","line":89,"loc":{"start":{"line":89,"column":4},"end":{"line":92,"column":4}}},"8":{"name":"setResolver","line":95,"loc":{"start":{"line":95,"column":4},"end":{"line":97,"column":4}}},"9":{"name":"nameExpires","line":100,"loc":{"start":{"line":100,"column":4},"end":{"line":102,"column":4}}},"10":{"name":"available","line":105,"loc":{"start":{"line":105,"column":4},"end":{"line":108,"column":4}}},"11":{"name":"register","line":116,"loc":{"start":{"line":116,"column":4},"end":{"line":122,"column":4}}},"12":{"name":"registerOnly","line":130,"loc":{"start":{"line":130,"column":4},"end":{"line":136,"column":4}}},"13":{"name":"_register","line":143,"loc":{"start":{"line":138,"column":4},"end":{"line":163,"column":4}}},"14":{"name":"renew","line":168,"loc":{"start":{"line":165,"column":4},"end":{"line":177,"column":4}}},"15":{"name":"reclaim","line":182,"loc":{"start":{"line":182,"column":4},"end":{"line":185,"column":4}}},"16":{"name":"supportsInterface","line":187,"loc":{"start":{"line":187,"column":4},"end":{"line":194,"column":4}}}},"statementMap":{"1":{"start":{"line":48,"column":8},"end":{"line":48,"column":40}},"2":{"start":{"line":49,"column":8},"end":{"line":49,"column":2317}},"3":{"start":{"line":60,"column":8},"end":{"line":60,"column":52}},"4":{"start":{"line":65,"column":8},"end":{"line":65,"column":39}},"5":{"start":{"line":78,"column":8},"end":{"line":78,"column":51}},"6":{"start":{"line":79,"column":8},"end":{"line":79,"column":37}},"7":{"start":{"line":85,"column":8},"end":{"line":85,"column":40}},"8":{"start":{"line":91,"column":8},"end":{"line":91,"column":42}},"9":{"start":{"line":96,"column":8},"end":{"line":96,"column":42}},"10":{"start":{"line":101,"column":8},"end":{"line":101,"column":27}},"11":{"start":{"line":107,"column":8},"end":{"line":107,"column":60}},"12":{"start":{"line":121,"column":8},"end":{"line":121,"column":51}},"13":{"start":{"line":135,"column":8},"end":{"line":135,"column":52}},"14":{"start":{"line":144,"column":8},"end":{"line":144,"column":29}},"15":{"start":{"line":145,"column":8},"end":{"line":145,"column":5411}},"16":{"start":{"line":151,"column":8},"end":{"line":151,"column":5621}},"17":{"start":{"line":153,"column":12},"end":{"line":153,"column":20}},"18":{"start":{"line":155,"column":8},"end":{"line":155,"column":23}},"19":{"start":{"line":156,"column":8},"end":{"line":156,"column":5761}},"20":{"start":{"line":157,"column":12},"end":{"line":157,"column":60}},"21":{"start":{"line":160,"column":8},"end":{"line":160,"column":66}},"22":{"start":{"line":162,"column":8},"end":{"line":162,"column":41}},"23":{"start":{"line":169,"column":8},"end":{"line":169,"column":62}},"24":{"start":{"line":170,"column":8},"end":{"line":170,"column":6229}},"25":{"start":{"line":175,"column":8},"end":{"line":175,"column":42}},"26":{"start":{"line":176,"column":8},"end":{"line":176,"column":27}},"27":{"start":{"line":183,"column":8},"end":{"line":183,"column":50}},"28":{"start":{"line":184,"column":8},"end":{"line":184,"column":56}},"29":{"start":{"line":190,"column":8},"end":{"line":190,"column":6913}}},"branchMap":{"1":{"line":49,"type":"cond-expr","locations":[{"start":{"line":49,"column":16},"end":{"line":49,"column":31}},{"start":{"line":50,"column":12},"end":{"line":50,"column":42}}]},"2":{"line":49,"type":"cond-expr","locations":[{"start":{"line":49,"column":16},"end":{"line":50,"column":42}},{"start":{"line":51,"column":12},"end":{"line":51,"column":43}}]},"3":{"line":60,"type":"if","locations":[{"start":{"line":60,"column":8},"end":{"line":60,"column":8}},{"start":{"line":60,"column":8},"end":{"line":60,"column":8}}]},"4":{"line":65,"type":"if","locations":[{"start":{"line":65,"column":8},"end":{"line":65,"column":8}},{"start":{"line":65,"column":8},"end":{"line":65,"column":8}}]},"5":{"line":78,"type":"if","locations":[{"start":{"line":78,"column":8},"end":{"line":78,"column":8}},{"start":{"line":78,"column":8},"end":{"line":78,"column":8}}]},"6":{"line":83,"type":"if","locations":[{"start":{"line":83,"column":65},"end":{"line":83,"column":65}},{"start":{"line":83,"column":65},"end":{"line":83,"column":65}}]},"7":{"line":89,"type":"if","locations":[{"start":{"line":89,"column":68},"end":{"line":89,"column":68}},{"start":{"line":89,"column":68},"end":{"line":89,"column":68}}]},"8":{"line":95,"type":"if","locations":[{"start":{"line":95,"column":61},"end":{"line":95,"column":61}},{"start":{"line":95,"column":61},"end":{"line":95,"column":61}}]},"9":{"line":143,"type":"if","locations":[{"start":{"line":143,"column":15},"end":{"line":143,"column":15}},{"start":{"line":143,"column":15},"end":{"line":143,"column":15}}]},"10":{"line":143,"type":"if","locations":[{"start":{"line":143,"column":20},"end":{"line":143,"column":20}},{"start":{"line":143,"column":20},"end":{"line":143,"column":20}}]},"11":{"line":144,"type":"if","locations":[{"start":{"line":144,"column":8},"end":{"line":144,"column":8}},{"start":{"line":144,"column":8},"end":{"line":144,"column":8}}]},"12":{"line":145,"type":"if","locations":[{"start":{"line":145,"column":8},"end":{"line":145,"column":8}},{"start":{"line":145,"column":8},"end":{"line":145,"column":8}}]},"13":{"line":151,"type":"if","locations":[{"start":{"line":151,"column":8},"end":{"line":151,"column":8}},{"start":{"line":151,"column":8},"end":{"line":151,"column":8}}]},"14":{"line":156,"type":"if","locations":[{"start":{"line":156,"column":8},"end":{"line":156,"column":8}},{"start":{"line":156,"column":8},"end":{"line":156,"column":8}}]},"15":{"line":168,"type":"if","locations":[{"start":{"line":168,"column":24},"end":{"line":168,"column":24}},{"start":{"line":168,"column":24},"end":{"line":168,"column":24}}]},"16":{"line":168,"type":"if","locations":[{"start":{"line":168,"column":29},"end":{"line":168,"column":29}},{"start":{"line":168,"column":29},"end":{"line":168,"column":29}}]},"17":{"line":169,"type":"if","locations":[{"start":{"line":169,"column":8},"end":{"line":169,"column":8}},{"start":{"line":169,"column":8},"end":{"line":169,"column":8}}]},"18":{"line":170,"type":"if","locations":[{"start":{"line":170,"column":8},"end":{"line":170,"column":8}},{"start":{"line":170,"column":8},"end":{"line":170,"column":8}}]},"19":{"line":182,"type":"if","locations":[{"start":{"line":182,"column":66},"end":{"line":182,"column":66}},{"start":{"line":182,"column":66},"end":{"line":182,"column":66}}]},"20":{"line":183,"type":"if","locations":[{"start":{"line":183,"column":8},"end":{"line":183,"column":8}},{"start":{"line":183,"column":8},"end":{"line":183,"column":8}}]},"21":{"line":191,"type":"cond-expr","locations":[{"start":{"line":191,"column":12},"end":{"line":191,"column":43}},{"start":{"line":192,"column":12},"end":{"line":192,"column":35}}]},"22":{"line":191,"type":"cond-expr","locations":[{"start":{"line":191,"column":12},"end":{"line":192,"column":35}},{"start":{"line":193,"column":12},"end":{"line":193,"column":36}}]}}},"contracts/registrar/BulkRenewal.sol":{"l":{"20":1,"24":4,"25":4,"38":1,"39":1,"40":1,"41":2,"45":2,"46":2,"47":2,"56":3,"57":3,"58":3,"59":3,"60":4,"64":4,"65":4,"66":2,"67":2,"68":2,"72":1,"78":0},"path":"/Volumes/Work/WorkInProgress/Popoo/popoo-pns-contracts/contracts/registrar/BulkRenewal.sol","s":{"1":4,"2":4,"3":1,"4":1,"5":1,"6":2,"7":3,"8":3,"9":3,"10":3,"11":4,"12":4,"13":4,"14":1,"15":0},"b":{"1":[0,0]},"f":{"1":1,"2":4,"3":1,"4":3,"5":0},"fnMap":{"1":{"name":"constructor","line":19,"loc":{"start":{"line":19,"column":4},"end":{"line":21,"column":4}}},"2":{"name":"getController","line":23,"loc":{"start":{"line":23,"column":4},"end":{"line":32,"column":4}}},"3":{"name":"rentPrice","line":34,"loc":{"start":{"line":34,"column":4},"end":{"line":50,"column":4}}},"4":{"name":"renewAll","line":52,"loc":{"start":{"line":52,"column":4},"end":{"line":73,"column":4}}},"5":{"name":"supportsInterface","line":75,"loc":{"start":{"line":75,"column":4},"end":{"line":81,"column":4}}}},"statementMap":{"1":{"start":{"line":24,"column":8},"end":{"line":24,"column":57}},"2":{"start":{"line":25,"column":8},"end":{"line":25,"column":727}},"3":{"start":{"line":38,"column":8},"end":{"line":38,"column":56}},"4":{"start":{"line":39,"column":8},"end":{"line":39,"column":37}},"5":{"start":{"line":40,"column":8},"end":{"line":40,"column":1180}},"6":{"start":{"line":41,"column":12},"end":{"line":41,"column":1233}},"7":{"start":{"line":56,"column":8},"end":{"line":56,"column":56}},"8":{"start":{"line":57,"column":8},"end":{"line":57,"column":37}},"9":{"start":{"line":58,"column":8},"end":{"line":58,"column":21}},"10":{"start":{"line":59,"column":8},"end":{"line":59,"column":1724}},"11":{"start":{"line":60,"column":12},"end":{"line":60,"column":1777}},"12":{"start":{"line":64,"column":12},"end":{"line":64,"column":59}},"13":{"start":{"line":65,"column":12},"end":{"line":65,"column":66}},"14":{"start":{"line":72,"column":8},"end":{"line":72,"column":58}},"15":{"start":{"line":78,"column":8},"end":{"line":78,"column":2389}}},"branchMap":{"1":{"line":79,"type":"cond-expr","locations":[{"start":{"line":79,"column":12},"end":{"line":79,"column":51}},{"start":{"line":80,"column":12},"end":{"line":80,"column":56}}]}}},"contracts/registrar/DummyOracle.sol":{"l":{"7":9,"11":9,"15":150},"path":"/Volumes/Work/WorkInProgress/Popoo/popoo-pns-contracts/contracts/registrar/DummyOracle.sol","s":{"1":9,"2":150},"b":{},"f":{"1":9,"2":9,"3":150},"fnMap":{"1":{"name":"constructor","line":6,"loc":{"start":{"line":6,"column":4},"end":{"line":8,"column":4}}},"2":{"name":"set","line":10,"loc":{"start":{"line":10,"column":4},"end":{"line":12,"column":4}}},"3":{"name":"latestAnswer","line":14,"loc":{"start":{"line":14,"column":4},"end":{"line":16,"column":4}}}},"statementMap":{"1":{"start":{"line":7,"column":8},"end":{"line":7,"column":18}},"2":{"start":{"line":15,"column":8},"end":{"line":15,"column":20}}},"branchMap":{}},"contracts/registrar/IBaseRegistrar.sol":{"l":{},"path":"/Volumes/Work/WorkInProgress/Popoo/popoo-pns-contracts/contracts/registrar/IBaseRegistrar.sol","s":{},"b":{},"f":{},"fnMap":{},"statementMap":{},"branchMap":{}},"contracts/registrar/IBatchRegistrarController.sol":{"l":{},"path":"/Volumes/Work/WorkInProgress/Popoo/popoo-pns-contracts/contracts/registrar/IBatchRegistrarController.sol","s":{},"b":{},"f":{},"fnMap":{},"statementMap":{},"branchMap":{}},"contracts/registrar/IBulkRenewal.sol":{"l":{},"path":"/Volumes/Work/WorkInProgress/Popoo/popoo-pns-contracts/contracts/registrar/IBulkRenewal.sol","s":{},"b":{},"f":{},"fnMap":{},"statementMap":{},"branchMap":{}},"contracts/registrar/IETHRegistrarController.sol":{"l":{},"path":"/Volumes/Work/WorkInProgress/Popoo/popoo-pns-contracts/contracts/registrar/IETHRegistrarController.sol","s":{},"b":{},"f":{},"fnMap":{},"statementMap":{},"branchMap":{}},"contracts/registrar/IPriceOracle.sol":{"l":{},"path":"/Volumes/Work/WorkInProgress/Popoo/popoo-pns-contracts/contracts/registrar/IPriceOracle.sol","s":{},"b":{},"f":{},"fnMap":{},"statementMap":{},"branchMap":{}},"contracts/registrar/IRegistrarController.sol":{"l":{},"path":"/Volumes/Work/WorkInProgress/Popoo/popoo-pns-contracts/contracts/registrar/IRegistrarController.sol","s":{},"b":{},"f":{},"fnMap":{},"statementMap":{},"branchMap":{}},"contracts/registrar/LogicControl.sol":{"l":{},"path":"/Volumes/Work/WorkInProgress/Popoo/popoo-pns-contracts/contracts/registrar/LogicControl.sol","s":{},"b":{},"f":{},"fnMap":{},"statementMap":{},"branchMap":{}},"contracts/registrar/RegistrarController.sol":{"l":{"79":7,"80":0,"83":7,"84":0,"87":7,"88":7,"89":7,"90":7,"91":7,"92":7,"99":70,"100":70,"104":67,"108":54,"109":54,"122":84,"123":84,"124":1,"126":83,"142":29,"143":0,"145":29,"158":55,"159":55,"160":1,"163":54,"178":51,"186":51,"187":33,"190":46,"191":30,"194":46,"203":46,"204":46,"214":6,"215":6,"216":6,"217":6,"218":1,"220":5,"222":5,"223":0,"226":5,"230":1,"236":0,"249":54,"250":0,"254":54,"255":2,"257":52,"258":1,"261":51,"263":51,"264":0,"274":33,"275":33,"276":33,"284":30},"path":"/Volumes/Work/WorkInProgress/Popoo/popoo-pns-contracts/contracts/registrar/RegistrarController.sol","s":{"1":7,"2":7,"3":70,"4":67,"5":54,"6":54,"7":84,"8":84,"9":83,"10":29,"11":55,"12":55,"13":54,"14":51,"15":51,"16":33,"17":46,"18":30,"19":46,"20":46,"21":46,"22":6,"23":6,"24":6,"25":6,"26":5,"27":5,"28":0,"29":5,"30":1,"31":0,"32":54,"33":54,"34":52,"35":51,"36":33,"37":33,"38":33,"39":30},"b":{"1":[0,7],"2":[0,7],"3":[1,83],"4":[0,29],"5":[1,54],"6":[33,18],"7":[30,16],"8":[46,0],"9":[1,5],"10":[0,5],"11":[0,0],"12":[0,54],"13":[2,52],"14":[1,51],"15":[0,51]},"f":{"1":7,"2":70,"3":67,"4":54,"5":84,"6":29,"7":55,"8":6,"9":1,"10":0,"11":54,"12":33,"13":30},"fnMap":{"1":{"name":"constructor","line":78,"loc":{"start":{"line":70,"column":4},"end":{"line":93,"column":4}}},"2":{"name":"rentPrice","line":95,"loc":{"start":{"line":95,"column":4},"end":{"line":101,"column":4}}},"3":{"name":"valid","line":103,"loc":{"start":{"line":103,"column":4},"end":{"line":105,"column":4}}},"4":{"name":"available","line":107,"loc":{"start":{"line":107,"column":4},"end":{"line":110,"column":4}}},"5":{"name":"makeCommitment","line":112,"loc":{"start":{"line":112,"column":4},"end":{"line":139,"column":4}}},"6":{"name":"commit","line":141,"loc":{"start":{"line":141,"column":4},"end":{"line":146,"column":4}}},"7":{"name":"register","line":148,"loc":{"start":{"line":148,"column":4},"end":{"line":208,"column":4}}},"8":{"name":"renew","line":210,"loc":{"start":{"line":210,"column":4},"end":{"line":227,"column":4}}},"9":{"name":"withdraw","line":229,"loc":{"start":{"line":229,"column":4},"end":{"line":231,"column":4}}},"10":{"name":"supportsInterface","line":233,"loc":{"start":{"line":233,"column":4},"end":{"line":239,"column":4}}},"11":{"name":"_consumeCommitment","line":243,"loc":{"start":{"line":243,"column":4},"end":{"line":266,"column":4}}},"12":{"name":"_setRecords","line":268,"loc":{"start":{"line":268,"column":4},"end":{"line":277,"column":4}}},"13":{"name":"_setReverseRecord","line":279,"loc":{"start":{"line":279,"column":4},"end":{"line":290,"column":4}}}},"statementMap":{"1":{"start":{"line":79,"column":8},"end":{"line":79,"column":2731}},"2":{"start":{"line":83,"column":8},"end":{"line":83,"column":2841}},"3":{"start":{"line":99,"column":8},"end":{"line":99,"column":46}},"4":{"start":{"line":104,"column":8},"end":{"line":104,"column":33}},"5":{"start":{"line":108,"column":8},"end":{"line":108,"column":46}},"6":{"start":{"line":109,"column":8},"end":{"line":109,"column":60}},"7":{"start":{"line":122,"column":8},"end":{"line":122,"column":46}},"8":{"start":{"line":123,"column":8},"end":{"line":123,"column":4115}},"9":{"start":{"line":126,"column":8},"end":{"line":126,"column":4242}},"10":{"start":{"line":142,"column":8},"end":{"line":142,"column":4645}},"11":{"start":{"line":158,"column":8},"end":{"line":158,"column":67}},"12":{"start":{"line":159,"column":8},"end":{"line":159,"column":5196}},"13":{"start":{"line":163,"column":8},"end":{"line":163,"column":5301}},"14":{"start":{"line":178,"column":8},"end":{"line":178,"column":5635}},"15":{"start":{"line":186,"column":8},"end":{"line":186,"column":5821}},"16":{"start":{"line":187,"column":12},"end":{"line":187,"column":62}},"17":{"start":{"line":190,"column":8},"end":{"line":190,"column":5928}},"18":{"start":{"line":191,"column":12},"end":{"line":191,"column":56}},"19":{"start":{"line":194,"column":8},"end":{"line":194,"column":6028}},"20":{"start":{"line":203,"column":8},"end":{"line":203,"column":6212}},"21":{"start":{"line":204,"column":12},"end":{"line":204,"column":6276}},"22":{"start":{"line":214,"column":8},"end":{"line":214,"column":50}},"23":{"start":{"line":215,"column":8},"end":{"line":215,"column":44}},"24":{"start":{"line":216,"column":8},"end":{"line":216,"column":67}},"25":{"start":{"line":217,"column":8},"end":{"line":217,"column":6675}},"26":{"start":{"line":220,"column":8},"end":{"line":220,"column":62}},"27":{"start":{"line":222,"column":8},"end":{"line":222,"column":6828}},"28":{"start":{"line":223,"column":12},"end":{"line":223,"column":63}},"29":{"start":{"line":226,"column":8},"end":{"line":226,"column":61}},"30":{"start":{"line":230,"column":8},"end":{"line":230,"column":55}},"31":{"start":{"line":236,"column":8},"end":{"line":236,"column":7267}},"32":{"start":{"line":249,"column":8},"end":{"line":249,"column":7561}},"33":{"start":{"line":254,"column":8},"end":{"line":254,"column":7770}},"34":{"start":{"line":257,"column":8},"end":{"line":257,"column":7906}},"35":{"start":{"line":263,"column":8},"end":{"line":263,"column":8035}},"36":{"start":{"line":274,"column":8},"end":{"line":274,"column":71}},"37":{"start":{"line":275,"column":8},"end":{"line":275,"column":53}},"38":{"start":{"line":276,"column":8},"end":{"line":276,"column":54}},"39":{"start":{"line":284,"column":8},"end":{"line":284,"column":8636}}},"branchMap":{"1":{"line":79,"type":"if","locations":[{"start":{"line":79,"column":8},"end":{"line":79,"column":8}},{"start":{"line":79,"column":8},"end":{"line":79,"column":8}}]},"2":{"line":83,"type":"if","locations":[{"start":{"line":83,"column":8},"end":{"line":83,"column":8}},{"start":{"line":83,"column":8},"end":{"line":83,"column":8}}]},"3":{"line":123,"type":"if","locations":[{"start":{"line":123,"column":8},"end":{"line":123,"column":8}},{"start":{"line":123,"column":8},"end":{"line":123,"column":8}}]},"4":{"line":142,"type":"if","locations":[{"start":{"line":142,"column":8},"end":{"line":142,"column":8}},{"start":{"line":142,"column":8},"end":{"line":142,"column":8}}]},"5":{"line":159,"type":"if","locations":[{"start":{"line":159,"column":8},"end":{"line":159,"column":8}},{"start":{"line":159,"column":8},"end":{"line":159,"column":8}}]},"6":{"line":186,"type":"if","locations":[{"start":{"line":186,"column":8},"end":{"line":186,"column":8}},{"start":{"line":186,"column":8},"end":{"line":186,"column":8}}]},"7":{"line":190,"type":"if","locations":[{"start":{"line":190,"column":8},"end":{"line":190,"column":8}},{"start":{"line":190,"column":8},"end":{"line":190,"column":8}}]},"8":{"line":203,"type":"if","locations":[{"start":{"line":203,"column":8},"end":{"line":203,"column":8}},{"start":{"line":203,"column":8},"end":{"line":203,"column":8}}]},"9":{"line":217,"type":"if","locations":[{"start":{"line":217,"column":8},"end":{"line":217,"column":8}},{"start":{"line":217,"column":8},"end":{"line":217,"column":8}}]},"10":{"line":222,"type":"if","locations":[{"start":{"line":222,"column":8},"end":{"line":222,"column":8}},{"start":{"line":222,"column":8},"end":{"line":222,"column":8}}]},"11":{"line":237,"type":"cond-expr","locations":[{"start":{"line":237,"column":12},"end":{"line":237,"column":51}},{"start":{"line":238,"column":12},"end":{"line":238,"column":67}}]},"12":{"line":249,"type":"if","locations":[{"start":{"line":249,"column":8},"end":{"line":249,"column":8}},{"start":{"line":249,"column":8},"end":{"line":249,"column":8}}]},"13":{"line":254,"type":"if","locations":[{"start":{"line":254,"column":8},"end":{"line":254,"column":8}},{"start":{"line":254,"column":8},"end":{"line":254,"column":8}}]},"14":{"line":257,"type":"if","locations":[{"start":{"line":257,"column":8},"end":{"line":257,"column":8}},{"start":{"line":257,"column":8},"end":{"line":257,"column":8}}]},"15":{"line":263,"type":"if","locations":[{"start":{"line":263,"column":8},"end":{"line":263,"column":8}},{"start":{"line":263,"column":8},"end":{"line":263,"column":8}}]}}},"contracts/registrar/RegistrarControllerV1.sol":{"l":{"18":0,"19":0,"46":0,"47":0,"48":0,"49":0,"60":0,"61":0,"76":0,"80":0,"82":0,"84":0,"86":0,"87":0,"89":0,"90":0,"91":0,"95":0,"96":0,"98":0,"99":0,"100":0,"102":0,"103":0,"108":0,"112":0,"121":0,"122":0,"126":0,"127":0,"129":0,"132":0,"133":0,"134":0,"135":0,"139":0,"140":0,"141":0,"142":0,"147":0,"150":0,"151":0,"155":0,"159":0,"160":0,"161":0,"162":0,"164":0,"168":0},"path":"/Volumes/Work/WorkInProgress/Popoo/popoo-pns-contracts/contracts/registrar/RegistrarControllerV1.sol","s":{"1":0,"2":0,"3":0,"4":0,"5":0,"6":0,"7":0,"8":0,"9":0,"10":0,"11":0,"12":0,"13":0,"14":0,"15":0,"16":0,"17":0,"18":0,"19":0,"20":0,"21":0,"22":0,"23":0,"24":0,"25":0,"26":0,"27":0,"28":0,"29":0,"30":0,"31":0,"32":0,"33":0,"34":0,"35":0,"36":0,"37":0,"38":0,"39":0,"40":0,"41":0,"42":0,"43":0,"44":0,"45":0},"b":{"1":[0,0],"2":[0,0],"3":[0,0],"4":[0,0],"5":[0,0],"6":[0,0],"7":[0,0],"8":[0,0],"9":[0,0],"10":[0,0],"11":[0,0],"12":[0,0],"13":[0,0],"14":[0,0],"15":[0,0],"16":[0,0],"17":[0,0]},"f":{"1":0,"2":0,"3":0,"4":0,"5":0,"6":0,"7":0,"8":0,"9":0,"10":0},"fnMap":{"1":{"name":"constructor","line":17,"loc":{"start":{"line":17,"column":4},"end":{"line":20,"column":4}}},"2":{"name":"register","line":45,"loc":{"start":{"line":40,"column":4},"end":{"line":63,"column":4}}},"3":{"name":"_registerSingleDomain","line":65,"loc":{"start":{"line":65,"column":4},"end":{"line":92,"column":4}}},"4":{"name":"renew","line":94,"loc":{"start":{"line":94,"column":4},"end":{"line":105,"column":4}}},"5":{"name":"withdraw","line":107,"loc":{"start":{"line":107,"column":4},"end":{"line":109,"column":4}}},"6":{"name":"setBasePrice","line":111,"loc":{"start":{"line":111,"column":4},"end":{"line":113,"column":4}}},"7":{"name":"rentPrice","line":115,"loc":{"start":{"line":115,"column":4},"end":{"line":123,"column":4}}},"8":{"name":"valid","line":125,"loc":{"start":{"line":125,"column":4},"end":{"line":156,"column":4}}},"9":{"name":"available","line":158,"loc":{"start":{"line":158,"column":4},"end":{"line":165,"column":4}}},"10":{"name":"withdraw","line":167,"loc":{"start":{"line":167,"column":4},"end":{"line":169,"column":4}}}},"statementMap":{"1":{"start":{"line":46,"column":8},"end":{"line":46,"column":46}},"2":{"start":{"line":47,"column":8},"end":{"line":47,"column":40}},"3":{"start":{"line":48,"column":8},"end":{"line":48,"column":48}},"4":{"start":{"line":49,"column":8},"end":{"line":49,"column":1343}},"5":{"start":{"line":60,"column":8},"end":{"line":60,"column":1577}},"6":{"start":{"line":61,"column":12},"end":{"line":61,"column":57}},"7":{"start":{"line":76,"column":8},"end":{"line":76,"column":1991}},"8":{"start":{"line":80,"column":8},"end":{"line":80,"column":23}},"9":{"start":{"line":84,"column":8},"end":{"line":84,"column":54}},"10":{"start":{"line":86,"column":8},"end":{"line":86,"column":50}},"11":{"start":{"line":87,"column":8},"end":{"line":87,"column":49}},"12":{"start":{"line":89,"column":8},"end":{"line":89,"column":40}},"13":{"start":{"line":90,"column":8},"end":{"line":90,"column":60}},"14":{"start":{"line":91,"column":8},"end":{"line":91,"column":62}},"15":{"start":{"line":95,"column":8},"end":{"line":95,"column":48}},"16":{"start":{"line":96,"column":8},"end":{"line":96,"column":33}},"17":{"start":{"line":98,"column":8},"end":{"line":98,"column":46}},"18":{"start":{"line":99,"column":8},"end":{"line":99,"column":62}},"19":{"start":{"line":100,"column":8},"end":{"line":100,"column":52}},"20":{"start":{"line":102,"column":8},"end":{"line":102,"column":3100}},"21":{"start":{"line":103,"column":12},"end":{"line":103,"column":57}},"22":{"start":{"line":108,"column":8},"end":{"line":108,"column":58}},"23":{"start":{"line":121,"column":8},"end":{"line":121,"column":41}},"24":{"start":{"line":122,"column":8},"end":{"line":122,"column":20}},"25":{"start":{"line":126,"column":8},"end":{"line":126,"column":3768}},"26":{"start":{"line":127,"column":12},"end":{"line":127,"column":24}},"27":{"start":{"line":129,"column":8},"end":{"line":129,"column":37}},"28":{"start":{"line":132,"column":8},"end":{"line":132,"column":3935}},"29":{"start":{"line":133,"column":12},"end":{"line":133,"column":31}},"30":{"start":{"line":134,"column":12},"end":{"line":134,"column":4022}},"31":{"start":{"line":135,"column":16},"end":{"line":135,"column":28}},"32":{"start":{"line":139,"column":8},"end":{"line":139,"column":4144}},"33":{"start":{"line":140,"column":12},"end":{"line":140,"column":4182}},"34":{"start":{"line":141,"column":16},"end":{"line":141,"column":4244}},"35":{"start":{"line":142,"column":20},"end":{"line":142,"column":4326}},"36":{"start":{"line":147,"column":24},"end":{"line":147,"column":36}},"37":{"start":{"line":149,"column":23},"end":{"line":149,"column":4590}},"38":{"start":{"line":150,"column":20},"end":{"line":150,"column":4659}},"39":{"start":{"line":151,"column":24},"end":{"line":151,"column":36}},"40":{"start":{"line":155,"column":8},"end":{"line":155,"column":19}},"41":{"start":{"line":159,"column":8},"end":{"line":159,"column":46}},"42":{"start":{"line":160,"column":8},"end":{"line":160,"column":30}},"43":{"start":{"line":161,"column":8},"end":{"line":161,"column":4959}},"44":{"start":{"line":164,"column":8},"end":{"line":164,"column":40}},"45":{"start":{"line":168,"column":8},"end":{"line":168,"column":56}}},"branchMap":{"1":{"line":45,"type":"if","locations":[{"start":{"line":45,"column":21},"end":{"line":45,"column":21}},{"start":{"line":45,"column":21},"end":{"line":45,"column":21}}]},"2":{"line":60,"type":"if","locations":[{"start":{"line":60,"column":8},"end":{"line":60,"column":8}},{"start":{"line":60,"column":8},"end":{"line":60,"column":8}}]},"3":{"line":96,"type":"if","locations":[{"start":{"line":96,"column":8},"end":{"line":96,"column":8}},{"start":{"line":96,"column":8},"end":{"line":96,"column":8}}]},"4":{"line":102,"type":"if","locations":[{"start":{"line":102,"column":8},"end":{"line":102,"column":8}},{"start":{"line":102,"column":8},"end":{"line":102,"column":8}}]},"5":{"line":107,"type":"if","locations":[{"start":{"line":107,"column":31},"end":{"line":107,"column":31}},{"start":{"line":107,"column":31},"end":{"line":107,"column":31}}]},"6":{"line":111,"type":"if","locations":[{"start":{"line":111,"column":46},"end":{"line":111,"column":46}},{"start":{"line":111,"column":46},"end":{"line":111,"column":46}}]},"7":{"line":126,"type":"if","locations":[{"start":{"line":126,"column":8},"end":{"line":126,"column":8}},{"start":{"line":126,"column":8},"end":{"line":126,"column":8}}]},"8":{"line":134,"type":"if","locations":[{"start":{"line":134,"column":12},"end":{"line":134,"column":12}},{"start":{"line":134,"column":12},"end":{"line":134,"column":12}}]},"9":{"line":139,"type":"if","locations":[{"start":{"line":139,"column":8},"end":{"line":139,"column":8}},{"start":{"line":139,"column":8},"end":{"line":139,"column":8}}]},"10":{"line":141,"type":"if","locations":[{"start":{"line":141,"column":16},"end":{"line":141,"column":16}},{"start":{"line":141,"column":16},"end":{"line":141,"column":16}}]},"11":{"line":142,"type":"if","locations":[{"start":{"line":142,"column":20},"end":{"line":142,"column":20}},{"start":{"line":142,"column":20},"end":{"line":142,"column":20}}]},"12":{"line":143,"type":"cond-expr","locations":[{"start":{"line":143,"column":24},"end":{"line":143,"column":48}},{"start":{"line":144,"column":24},"end":{"line":144,"column":48}}]},"13":{"line":143,"type":"cond-expr","locations":[{"start":{"line":143,"column":24},"end":{"line":144,"column":48}},{"start":{"line":145,"column":24},"end":{"line":145,"column":48}}]},"14":{"line":149,"type":"if","locations":[{"start":{"line":149,"column":23},"end":{"line":149,"column":23}},{"start":{"line":149,"column":23},"end":{"line":149,"column":23}}]},"15":{"line":150,"type":"if","locations":[{"start":{"line":150,"column":20},"end":{"line":150,"column":20}},{"start":{"line":150,"column":20},"end":{"line":150,"column":20}}]},"16":{"line":161,"type":"if","locations":[{"start":{"line":161,"column":8},"end":{"line":161,"column":8}},{"start":{"line":161,"column":8},"end":{"line":161,"column":8}}]},"17":{"line":167,"type":"if","locations":[{"start":{"line":167,"column":47},"end":{"line":167,"column":47}},{"start":{"line":167,"column":47},"end":{"line":167,"column":47}}]}}},"contracts/registrar/StablePriceOracle.sol":{"l":{"30":9,"31":9,"32":9,"33":9,"34":9,"35":9,"43":75,"44":75,"46":75,"47":71,"49":2,"51":2,"53":0,"55":0,"58":75,"73":0,"84":75,"88":150,"89":150,"93":0,"94":0,"100":0},"path":"/Volumes/Work/WorkInProgress/Popoo/popoo-pns-contracts/contracts/registrar/StablePriceOracle.sol","s":{"1":75,"2":75,"3":75,"4":4,"5":2,"6":0,"7":75,"8":0,"9":75,"10":150,"11":150,"12":0,"13":0,"14":0},"b":{"1":[71,4],"2":[2,2],"3":[2,0],"4":[0,0],"5":[0,0]},"f":{"1":9,"2":75,"3":0,"4":75,"5":150,"6":0,"7":0},"fnMap":{"1":{"name":"constructor","line":29,"loc":{"start":{"line":29,"column":4},"end":{"line":36,"column":4}}},"2":{"name":"price","line":38,"loc":{"start":{"line":38,"column":4},"end":{"line":63,"column":4}}},"3":{"name":"premium","line":68,"loc":{"start":{"line":68,"column":4},"end":{"line":74,"column":4}}},"4":{"name":"_premium","line":79,"loc":{"start":{"line":79,"column":4},"end":{"line":85,"column":4}}},"5":{"name":"attoUSDToWei","line":87,"loc":{"start":{"line":87,"column":4},"end":{"line":90,"column":4}}},"6":{"name":"weiToAttoUSD","line":92,"loc":{"start":{"line":92,"column":4},"end":{"line":95,"column":4}}},"7":{"name":"supportsInterface","line":97,"loc":{"start":{"line":97,"column":4},"end":{"line":103,"column":4}}}},"statementMap":{"1":{"start":{"line":43,"column":8},"end":{"line":43,"column":35}},"2":{"start":{"line":44,"column":8},"end":{"line":44,"column":25}},"3":{"start":{"line":46,"column":8},"end":{"line":46,"column":1409}},"4":{"start":{"line":48,"column":15},"end":{"line":48,"column":1489}},"5":{"start":{"line":50,"column":15},"end":{"line":50,"column":1569}},"6":{"start":{"line":52,"column":15},"end":{"line":52,"column":1649}},"7":{"start":{"line":58,"column":8},"end":{"line":58,"column":1805}},"8":{"start":{"line":73,"column":8},"end":{"line":73,"column":62}},"9":{"start":{"line":84,"column":8},"end":{"line":84,"column":16}},"10":{"start":{"line":88,"column":8},"end":{"line":88,"column":60}},"11":{"start":{"line":89,"column":8},"end":{"line":89,"column":40}},"12":{"start":{"line":93,"column":8},"end":{"line":93,"column":60}},"13":{"start":{"line":94,"column":8},"end":{"line":94,"column":40}},"14":{"start":{"line":100,"column":8},"end":{"line":100,"column":3046}}},"branchMap":{"1":{"line":46,"type":"if","locations":[{"start":{"line":46,"column":8},"end":{"line":46,"column":8}},{"start":{"line":46,"column":8},"end":{"line":46,"column":8}}]},"2":{"line":48,"type":"if","locations":[{"start":{"line":48,"column":15},"end":{"line":48,"column":15}},{"start":{"line":48,"column":15},"end":{"line":48,"column":15}}]},"3":{"line":50,"type":"if","locations":[{"start":{"line":50,"column":15},"end":{"line":50,"column":15}},{"start":{"line":50,"column":15},"end":{"line":50,"column":15}}]},"4":{"line":52,"type":"if","locations":[{"start":{"line":52,"column":15},"end":{"line":52,"column":15}},{"start":{"line":52,"column":15},"end":{"line":52,"column":15}}]},"5":{"line":101,"type":"cond-expr","locations":[{"start":{"line":101,"column":12},"end":{"line":101,"column":51}},{"start":{"line":102,"column":12},"end":{"line":102,"column":56}}]}}},"contracts/registrar/StringUtils.sol":{"l":{"11":142,"12":142,"13":142,"14":142,"15":1118,"16":1118,"17":1108,"19":0,"21":5,"23":5,"25":0,"27":0,"30":142,"35":0,"36":0,"37":0,"38":0,"40":0},"path":"/Volumes/Work/WorkInProgress/Popoo/popoo-pns-contracts/contracts/registrar/StringUtils.sol","s":{"1":142,"2":142,"3":142,"4":142,"5":1118,"6":1118,"7":10,"8":10,"9":5,"10":0,"11":142,"12":0,"13":0,"14":0,"15":0},"b":{"1":[1108,10],"2":[0,10],"3":[5,5],"4":[5,0],"5":[0,0]},"f":{"1":142,"2":0},"fnMap":{"1":{"name":"strlen","line":10,"loc":{"start":{"line":10,"column":4},"end":{"line":31,"column":4}}},"2":{"name":"substring","line":34,"loc":{"start":{"line":34,"column":4},"end":{"line":41,"column":4}}}},"statementMap":{"1":{"start":{"line":11,"column":8},"end":{"line":11,"column":16}},"2":{"start":{"line":12,"column":8},"end":{"line":12,"column":18}},"3":{"start":{"line":13,"column":8},"end":{"line":13,"column":41}},"4":{"start":{"line":14,"column":8},"end":{"line":14,"column":384}},"5":{"start":{"line":15,"column":12},"end":{"line":15,"column":34}},"6":{"start":{"line":16,"column":12},"end":{"line":16,"column":475}},"7":{"start":{"line":18,"column":19},"end":{"line":18,"column":534}},"8":{"start":{"line":20,"column":19},"end":{"line":20,"column":593}},"9":{"start":{"line":22,"column":19},"end":{"line":22,"column":652}},"10":{"start":{"line":24,"column":19},"end":{"line":24,"column":711}},"11":{"start":{"line":30,"column":8},"end":{"line":30,"column":18}},"12":{"start":{"line":35,"column":8},"end":{"line":35,"column":40}},"13":{"start":{"line":36,"column":8},"end":{"line":36,"column":62}},"14":{"start":{"line":37,"column":8},"end":{"line":37,"column":1070}},"15":{"start":{"line":40,"column":8},"end":{"line":40,"column":29}}},"branchMap":{"1":{"line":16,"type":"if","locations":[{"start":{"line":16,"column":12},"end":{"line":16,"column":12}},{"start":{"line":16,"column":12},"end":{"line":16,"column":12}}]},"2":{"line":18,"type":"if","locations":[{"start":{"line":18,"column":19},"end":{"line":18,"column":19}},{"start":{"line":18,"column":19},"end":{"line":18,"column":19}}]},"3":{"line":20,"type":"if","locations":[{"start":{"line":20,"column":19},"end":{"line":20,"column":19}},{"start":{"line":20,"column":19},"end":{"line":20,"column":19}}]},"4":{"line":22,"type":"if","locations":[{"start":{"line":22,"column":19},"end":{"line":22,"column":19}},{"start":{"line":22,"column":19},"end":{"line":22,"column":19}}]},"5":{"line":24,"type":"if","locations":[{"start":{"line":24,"column":19},"end":{"line":24,"column":19}},{"start":{"line":24,"column":19},"end":{"line":24,"column":19}}]}}},"contracts/registrar/TokenURIBuilder.sol":{"l":{},"path":"/Volumes/Work/WorkInProgress/Popoo/popoo-pns-contracts/contracts/registrar/TokenURIBuilder.sol","s":{},"b":{},"f":{},"fnMap":{},"statementMap":{},"branchMap":{}},"contracts/registry/PNS.sol":{"l":{},"path":"/Volumes/Work/WorkInProgress/Popoo/popoo-pns-contracts/contracts/registry/PNS.sol","s":{},"b":{},"f":{},"fnMap":{},"statementMap":{},"branchMap":{}},"contracts/registry/PNSRegistry.sol":{"l":{"21":1901,"22":1901,"23":1890,"30":138,"41":7,"42":7,"54":248,"55":248,"64":93,"65":93,"75":1744,"76":1744,"77":1744,"78":1744,"87":48,"88":48,"97":5,"98":5,"108":89,"109":89,"118":1817,"119":1817,"120":0,"123":1817,"132":24,"141":8,"150":0,"160":27,"164":1837,"168":255,"169":89,"170":89,"173":255,"174":8,"175":8},"path":"/Volumes/Work/WorkInProgress/Popoo/popoo-pns-contracts/contracts/registry/PNSRegistry.sol","s":{"1":1901,"2":1901,"3":7,"4":7,"5":248,"6":248,"7":93,"8":93,"9":1744,"10":1744,"11":1744,"12":1744,"13":48,"14":5,"15":89,"16":1817,"17":1817,"18":0,"19":1817,"20":24,"21":8,"22":0,"23":27,"24":255,"25":89,"26":255,"27":8},"b":{"1":[1890,11],"2":[1859,31],"3":[93,3],"4":[1744,4],"5":[48,2],"6":[5,2],"7":[0,1817],"8":[89,166],"9":[8,247]},"f":{"1":1901,"2":138,"3":7,"4":248,"5":93,"6":1744,"7":48,"8":5,"9":89,"10":1817,"11":24,"12":8,"13":0,"14":27,"15":1837,"16":255},"fnMap":{"1":{"name":"authorised","line":20,"loc":{"start":{"line":20,"column":4},"end":{"line":24,"column":4}}},"2":{"name":"constructor","line":29,"loc":{"start":{"line":29,"column":4},"end":{"line":31,"column":4}}},"3":{"name":"setRecord","line":40,"loc":{"start":{"line":40,"column":4},"end":{"line":43,"column":4}}},"4":{"name":"setSubnodeRecord","line":53,"loc":{"start":{"line":53,"column":4},"end":{"line":56,"column":4}}},"5":{"name":"setOwner","line":63,"loc":{"start":{"line":63,"column":4},"end":{"line":66,"column":4}}},"6":{"name":"setSubnodeOwner","line":74,"loc":{"start":{"line":74,"column":4},"end":{"line":79,"column":4}}},"7":{"name":"setResolver","line":86,"loc":{"start":{"line":86,"column":4},"end":{"line":89,"column":4}}},"8":{"name":"setTTL","line":96,"loc":{"start":{"line":96,"column":4},"end":{"line":99,"column":4}}},"9":{"name":"setApprovalForAll","line":107,"loc":{"start":{"line":107,"column":4},"end":{"line":110,"column":4}}},"10":{"name":"owner","line":117,"loc":{"start":{"line":117,"column":4},"end":{"line":124,"column":4}}},"11":{"name":"resolver","line":131,"loc":{"start":{"line":131,"column":4},"end":{"line":133,"column":4}}},"12":{"name":"ttl","line":140,"loc":{"start":{"line":140,"column":4},"end":{"line":142,"column":4}}},"13":{"name":"recordExists","line":149,"loc":{"start":{"line":149,"column":4},"end":{"line":151,"column":4}}},"14":{"name":"isApprovedForAll","line":159,"loc":{"start":{"line":159,"column":4},"end":{"line":161,"column":4}}},"15":{"name":"_setOwner","line":163,"loc":{"start":{"line":163,"column":4},"end":{"line":165,"column":4}}},"16":{"name":"_setResolverAndTTL","line":167,"loc":{"start":{"line":167,"column":4},"end":{"line":177,"column":4}}}},"statementMap":{"1":{"start":{"line":21,"column":8},"end":{"line":21,"column":43}},"2":{"start":{"line":22,"column":8},"end":{"line":22,"column":67}},"3":{"start":{"line":41,"column":8},"end":{"line":41,"column":28}},"4":{"start":{"line":42,"column":8},"end":{"line":42,"column":46}},"5":{"start":{"line":54,"column":8},"end":{"line":54,"column":61}},"6":{"start":{"line":55,"column":8},"end":{"line":55,"column":49}},"7":{"start":{"line":64,"column":8},"end":{"line":64,"column":29}},"8":{"start":{"line":65,"column":8},"end":{"line":65,"column":34}},"9":{"start":{"line":75,"column":8},"end":{"line":75,"column":66}},"10":{"start":{"line":76,"column":8},"end":{"line":76,"column":32}},"11":{"start":{"line":77,"column":8},"end":{"line":77,"column":41}},"12":{"start":{"line":78,"column":8},"end":{"line":78,"column":22}},"13":{"start":{"line":87,"column":8},"end":{"line":87,"column":40}},"14":{"start":{"line":97,"column":8},"end":{"line":97,"column":30}},"15":{"start":{"line":109,"column":8},"end":{"line":109,"column":59}},"16":{"start":{"line":118,"column":8},"end":{"line":118,"column":42}},"17":{"start":{"line":119,"column":8},"end":{"line":119,"column":4198}},"18":{"start":{"line":120,"column":12},"end":{"line":120,"column":31}},"19":{"start":{"line":123,"column":8},"end":{"line":123,"column":19}},"20":{"start":{"line":132,"column":8},"end":{"line":132,"column":37}},"21":{"start":{"line":141,"column":8},"end":{"line":141,"column":32}},"22":{"start":{"line":150,"column":8},"end":{"line":150,"column":50}},"23":{"start":{"line":160,"column":8},"end":{"line":160,"column":41}},"24":{"start":{"line":168,"column":8},"end":{"line":168,"column":5866}},"25":{"start":{"line":170,"column":12},"end":{"line":170,"column":44}},"26":{"start":{"line":173,"column":8},"end":{"line":173,"column":6020}},"27":{"start":{"line":175,"column":12},"end":{"line":175,"column":34}}},"branchMap":{"1":{"line":22,"type":"if","locations":[{"start":{"line":22,"column":8},"end":{"line":22,"column":8}},{"start":{"line":22,"column":8},"end":{"line":22,"column":8}}]},"2":{"line":22,"type":"cond-expr","locations":[{"start":{"line":22,"column":16},"end":{"line":22,"column":34}},{"start":{"line":22,"column":39},"end":{"line":22,"column":66}}]},"3":{"line":63,"type":"if","locations":[{"start":{"line":63,"column":75},"end":{"line":63,"column":75}},{"start":{"line":63,"column":75},"end":{"line":63,"column":75}}]},"4":{"line":74,"type":"if","locations":[{"start":{"line":74,"column":97},"end":{"line":74,"column":97}},{"start":{"line":74,"column":97},"end":{"line":74,"column":97}}]},"5":{"line":86,"type":"if","locations":[{"start":{"line":86,"column":81},"end":{"line":86,"column":81}},{"start":{"line":86,"column":81},"end":{"line":86,"column":81}}]},"6":{"line":96,"type":"if","locations":[{"start":{"line":96,"column":70},"end":{"line":96,"column":70}},{"start":{"line":96,"column":70},"end":{"line":96,"column":70}}]},"7":{"line":119,"type":"if","locations":[{"start":{"line":119,"column":8},"end":{"line":119,"column":8}},{"start":{"line":119,"column":8},"end":{"line":119,"column":8}}]},"8":{"line":168,"type":"if","locations":[{"start":{"line":168,"column":8},"end":{"line":168,"column":8}},{"start":{"line":168,"column":8},"end":{"line":168,"column":8}}]},"9":{"line":173,"type":"if","locations":[{"start":{"line":173,"column":8},"end":{"line":173,"column":8}},{"start":{"line":173,"column":8},"end":{"line":173,"column":8}}]}}},"contracts/registry/TestRegistrar.sol":{"l":{"22":3,"23":3,"32":6,"34":4,"35":4},"path":"/Volumes/Work/WorkInProgress/Popoo/popoo-pns-contracts/contracts/registry/TestRegistrar.sol","s":{"1":6,"2":4},"b":{"1":[4,2]},"f":{"1":3,"2":6},"fnMap":{"1":{"name":"constructor","line":21,"loc":{"start":{"line":21,"column":4},"end":{"line":24,"column":4}}},"2":{"name":"register","line":31,"loc":{"start":{"line":31,"column":4},"end":{"line":36,"column":4}}}},"statementMap":{"1":{"start":{"line":32,"column":8},"end":{"line":32,"column":52}},"2":{"start":{"line":35,"column":8},"end":{"line":35,"column":50}}},"branchMap":{"1":{"line":32,"type":"if","locations":[{"start":{"line":32,"column":8},"end":{"line":32,"column":8}},{"start":{"line":32,"column":8},"end":{"line":32,"column":8}}]}}},"contracts/resolvers/IMulticallable.sol":{"l":{},"path":"/Volumes/Work/WorkInProgress/Popoo/popoo-pns-contracts/contracts/resolvers/IMulticallable.sol","s":{},"b":{},"f":{},"fnMap":{},"statementMap":{},"branchMap":{}},"contracts/resolvers/mocks/DummyNameWrapper.sol":{"l":{"8":2},"path":"/Volumes/Work/WorkInProgress/Popoo/popoo-pns-contracts/contracts/resolvers/mocks/DummyNameWrapper.sol","s":{"1":2},"b":{},"f":{"1":2},"fnMap":{"1":{"name":"ownerOf","line":7,"loc":{"start":{"line":7,"column":4},"end":{"line":9,"column":4}}}},"statementMap":{"1":{"start":{"line":8,"column":8},"end":{"line":8,"column":24}}},"branchMap":{}},"contracts/resolvers/Multicallable.sol":{"l":{"12":32,"13":32,"14":36,"15":32,"16":32,"21":34,"24":34,"25":34,"27":30,"37":30,"43":2,"49":3},"path":"/Volumes/Work/WorkInProgress/Popoo/popoo-pns-contracts/contracts/resolvers/Multicallable.sol","s":{"1":32,"2":36,"3":32,"4":32,"5":34,"6":34,"7":30,"8":30,"9":2,"10":3},"b":{"1":[32,4],"2":[30,2],"3":[34,0],"4":[0,2]},"f":{"1":32,"2":30,"3":2,"4":3},"fnMap":{"1":{"name":"_multicall","line":8,"loc":{"start":{"line":8,"column":4},"end":{"line":28,"column":4}}},"2":{"name":"multicallWithNodeCheck","line":33,"loc":{"start":{"line":33,"column":4},"end":{"line":38,"column":4}}},"3":{"name":"multicall","line":40,"loc":{"start":{"line":40,"column":4},"end":{"line":44,"column":4}}},"4":{"name":"supportsInterface","line":46,"loc":{"start":{"line":46,"column":4},"end":{"line":52,"column":4}}}},"statementMap":{"1":{"start":{"line":13,"column":8},"end":{"line":13,"column":406}},"2":{"start":{"line":14,"column":12},"end":{"line":14,"column":466}},"3":{"start":{"line":15,"column":16},"end":{"line":15,"column":59}},"4":{"start":{"line":16,"column":16},"end":{"line":16,"column":577}},"5":{"start":{"line":21,"column":12},"end":{"line":21,"column":747}},"6":{"start":{"line":24,"column":12},"end":{"line":24,"column":27}},"7":{"start":{"line":27,"column":8},"end":{"line":27,"column":22}},"8":{"start":{"line":37,"column":8},"end":{"line":37,"column":41}},"9":{"start":{"line":43,"column":8},"end":{"line":43,"column":43}},"10":{"start":{"line":49,"column":8},"end":{"line":49,"column":1656}}},"branchMap":{"1":{"line":14,"type":"if","locations":[{"start":{"line":14,"column":12},"end":{"line":14,"column":12}},{"start":{"line":14,"column":12},"end":{"line":14,"column":12}}]},"2":{"line":16,"type":"if","locations":[{"start":{"line":16,"column":16},"end":{"line":16,"column":16}},{"start":{"line":16,"column":16},"end":{"line":16,"column":16}}]},"3":{"line":24,"type":"if","locations":[{"start":{"line":24,"column":12},"end":{"line":24,"column":12}},{"start":{"line":24,"column":12},"end":{"line":24,"column":12}}]},"4":{"line":50,"type":"cond-expr","locations":[{"start":{"line":50,"column":12},"end":{"line":50,"column":58}},{"start":{"line":51,"column":12},"end":{"line":51,"column":47}}]}}},"contracts/resolvers/OwnedResolver.sol":{"l":{"27":0,"47":0},"path":"/Volumes/Work/WorkInProgress/Popoo/popoo-pns-contracts/contracts/resolvers/OwnedResolver.sol","s":{"1":0,"2":0},"b":{},"f":{"1":0,"2":0},"fnMap":{"1":{"name":"isAuthorised","line":26,"loc":{"start":{"line":26,"column":4},"end":{"line":28,"column":4}}},"2":{"name":"supportsInterface","line":30,"loc":{"start":{"line":30,"column":4},"end":{"line":48,"column":4}}}},"statementMap":{"1":{"start":{"line":27,"column":8},"end":{"line":27,"column":36}},"2":{"start":{"line":47,"column":8},"end":{"line":47,"column":51}}},"branchMap":{}},"contracts/resolvers/profiles/ABIResolver.sol":{"l":{"24":8,"26":6,"27":6,"42":8,"46":8,"51":104,"55":5,"59":3,"65":4},"path":"/Volumes/Work/WorkInProgress/Popoo/popoo-pns-contracts/contracts/resolvers/profiles/ABIResolver.sol","s":{"1":8,"2":6,"3":8,"4":8,"5":104,"6":5,"7":3,"8":4},"b":{"1":[8,2],"2":[6,2],"3":[5,99],"4":[1,2]},"f":{"1":8,"2":8,"3":4},"fnMap":{"1":{"name":"setABI","line":22,"loc":{"start":{"line":18,"column":4},"end":{"line":28,"column":4}}},"2":{"name":"ABI","line":38,"loc":{"start":{"line":38,"column":4},"end":{"line":60,"column":4}}},"3":{"name":"supportsInterface","line":62,"loc":{"start":{"line":62,"column":4},"end":{"line":68,"column":4}}}},"statementMap":{"1":{"start":{"line":24,"column":8},"end":{"line":24,"column":54}},"2":{"start":{"line":27,"column":8},"end":{"line":27,"column":42}},"3":{"start":{"line":42,"column":8},"end":{"line":42,"column":1413}},"4":{"start":{"line":46,"column":8},"end":{"line":46,"column":1526}},"5":{"start":{"line":51,"column":12},"end":{"line":51,"column":1668}},"6":{"start":{"line":55,"column":16},"end":{"line":55,"column":57}},"7":{"start":{"line":59,"column":8},"end":{"line":59,"column":29}},"8":{"start":{"line":65,"column":8},"end":{"line":65,"column":2066}}},"branchMap":{"1":{"line":22,"type":"if","locations":[{"start":{"line":22,"column":23},"end":{"line":22,"column":23}},{"start":{"line":22,"column":23},"end":{"line":22,"column":23}}]},"2":{"line":24,"type":"if","locations":[{"start":{"line":24,"column":8},"end":{"line":24,"column":8}},{"start":{"line":24,"column":8},"end":{"line":24,"column":8}}]},"3":{"line":51,"type":"if","locations":[{"start":{"line":51,"column":12},"end":{"line":51,"column":12}},{"start":{"line":51,"column":12},"end":{"line":51,"column":12}}]},"4":{"line":66,"type":"cond-expr","locations":[{"start":{"line":66,"column":12},"end":{"line":66,"column":56}},{"start":{"line":67,"column":12},"end":{"line":67,"column":47}}]}}},"contracts/resolvers/profiles/AddrResolver.sol":{"l":{"27":57,"38":32,"39":32,"40":7,"42":25,"50":61,"51":61,"52":59,"54":61,"61":36,"67":7,"76":84,"77":84,"83":57,"84":57},"path":"/Volumes/Work/WorkInProgress/Popoo/popoo-pns-contracts/contracts/resolvers/profiles/AddrResolver.sol","s":{"1":57,"2":32,"3":32,"4":7,"5":25,"6":61,"7":61,"8":59,"9":36,"10":7,"11":84},"b":{"1":[57,22],"2":[7,25],"3":[61,0],"4":[59,2],"5":[2,1],"6":[1,3],"7":[84,0]},"f":{"1":57,"2":32,"3":61,"4":36,"5":7,"6":84,"7":57},"fnMap":{"1":{"name":"setAddr","line":26,"loc":{"start":{"line":23,"column":4},"end":{"line":28,"column":4}}},"2":{"name":"addr","line":35,"loc":{"start":{"line":35,"column":4},"end":{"line":43,"column":4}}},"3":{"name":"setAddr","line":49,"loc":{"start":{"line":45,"column":4},"end":{"line":55,"column":4}}},"4":{"name":"addr","line":57,"loc":{"start":{"line":57,"column":4},"end":{"line":62,"column":4}}},"5":{"name":"supportsInterface","line":64,"loc":{"start":{"line":64,"column":4},"end":{"line":71,"column":4}}},"6":{"name":"bytesToAddress","line":73,"loc":{"start":{"line":73,"column":4},"end":{"line":80,"column":4}}},"7":{"name":"addressToBytes","line":82,"loc":{"start":{"line":82,"column":4},"end":{"line":87,"column":4}}}},"statementMap":{"1":{"start":{"line":27,"column":8},"end":{"line":27,"column":54}},"2":{"start":{"line":38,"column":8},"end":{"line":38,"column":50}},"3":{"start":{"line":39,"column":8},"end":{"line":39,"column":1099}},"4":{"start":{"line":40,"column":12},"end":{"line":40,"column":29}},"5":{"start":{"line":42,"column":8},"end":{"line":42,"column":32}},"6":{"start":{"line":50,"column":8},"end":{"line":50,"column":46}},"7":{"start":{"line":51,"column":8},"end":{"line":51,"column":1391}},"8":{"start":{"line":52,"column":12},"end":{"line":52,"column":53}},"9":{"start":{"line":61,"column":8},"end":{"line":61,"column":74}},"10":{"start":{"line":67,"column":8},"end":{"line":67,"column":1937}},"11":{"start":{"line":76,"column":8},"end":{"line":76,"column":30}}},"branchMap":{"1":{"line":26,"type":"if","locations":[{"start":{"line":26,"column":23},"end":{"line":26,"column":23}},{"start":{"line":26,"column":23},"end":{"line":26,"column":23}}]},"2":{"line":39,"type":"if","locations":[{"start":{"line":39,"column":8},"end":{"line":39,"column":8}},{"start":{"line":39,"column":8},"end":{"line":39,"column":8}}]},"3":{"line":49,"type":"if","locations":[{"start":{"line":49,"column":21},"end":{"line":49,"column":21}},{"start":{"line":49,"column":21},"end":{"line":49,"column":21}}]},"4":{"line":51,"type":"if","locations":[{"start":{"line":51,"column":8},"end":{"line":51,"column":8}},{"start":{"line":51,"column":8},"end":{"line":51,"column":8}}]},"5":{"line":68,"type":"cond-expr","locations":[{"start":{"line":68,"column":12},"end":{"line":68,"column":57}},{"start":{"line":69,"column":12},"end":{"line":69,"column":60}}]},"6":{"line":68,"type":"cond-expr","locations":[{"start":{"line":68,"column":12},"end":{"line":69,"column":60}},{"start":{"line":70,"column":12},"end":{"line":70,"column":47}}]},"7":{"line":76,"type":"if","locations":[{"start":{"line":76,"column":8},"end":{"line":76,"column":8}},{"start":{"line":76,"column":8},"end":{"line":76,"column":8}}]}}},"contracts/resolvers/profiles/ContentHashResolver.sol":{"l":{"20":7,"21":7,"32":8,"38":8},"path":"/Volumes/Work/WorkInProgress/Popoo/popoo-pns-contracts/contracts/resolvers/profiles/ContentHashResolver.sol","s":{"1":7,"2":8,"3":8},"b":{"1":[7,4],"2":[1,6]},"f":{"1":7,"2":8,"3":8},"fnMap":{"1":{"name":"setContenthash","line":19,"loc":{"start":{"line":16,"column":4},"end":{"line":22,"column":4}}},"2":{"name":"contenthash","line":29,"loc":{"start":{"line":29,"column":4},"end":{"line":33,"column":4}}},"3":{"name":"supportsInterface","line":35,"loc":{"start":{"line":35,"column":4},"end":{"line":41,"column":4}}}},"statementMap":{"1":{"start":{"line":21,"column":8},"end":{"line":21,"column":43}},"2":{"start":{"line":32,"column":8},"end":{"line":32,"column":61}},"3":{"start":{"line":38,"column":8},"end":{"line":38,"column":1245}}},"branchMap":{"1":{"line":19,"type":"if","locations":[{"start":{"line":19,"column":23},"end":{"line":19,"column":23}},{"start":{"line":19,"column":23},"end":{"line":19,"column":23}}]},"2":{"line":39,"type":"cond-expr","locations":[{"start":{"line":39,"column":12},"end":{"line":39,"column":64}},{"start":{"line":40,"column":12},"end":{"line":40,"column":47}}]}}},"contracts/resolvers/profiles/ExtendedResolver.sol":{"l":{"9":0,"10":0,"11":0,"14":0},"path":"/Volumes/Work/WorkInProgress/Popoo/popoo-pns-contracts/contracts/resolvers/profiles/ExtendedResolver.sol","s":{"1":0,"2":0,"3":0},"b":{"1":[0,0]},"f":{"1":0},"fnMap":{"1":{"name":"resolve","line":5,"loc":{"start":{"line":5,"column":4},"end":{"line":18,"column":4}}}},"statementMap":{"1":{"start":{"line":9,"column":8},"end":{"line":9,"column":76}},"2":{"start":{"line":10,"column":8},"end":{"line":10,"column":306}},"3":{"start":{"line":11,"column":12},"end":{"line":11,"column":25}}},"branchMap":{"1":{"line":10,"type":"if","locations":[{"start":{"line":10,"column":8},"end":{"line":10,"column":8}},{"start":{"line":10,"column":8},"end":{"line":10,"column":8}}]}}},"contracts/resolvers/profiles/IABIResolver.sol":{"l":{},"path":"/Volumes/Work/WorkInProgress/Popoo/popoo-pns-contracts/contracts/resolvers/profiles/IABIResolver.sol","s":{},"b":{},"f":{},"fnMap":{},"statementMap":{},"branchMap":{}},"contracts/resolvers/profiles/IAddressResolver.sol":{"l":{},"path":"/Volumes/Work/WorkInProgress/Popoo/popoo-pns-contracts/contracts/resolvers/profiles/IAddressResolver.sol","s":{},"b":{},"f":{},"fnMap":{},"statementMap":{},"branchMap":{}},"contracts/resolvers/profiles/IAddrResolver.sol":{"l":{},"path":"/Volumes/Work/WorkInProgress/Popoo/popoo-pns-contracts/contracts/resolvers/profiles/IAddrResolver.sol","s":{},"b":{},"f":{},"fnMap":{},"statementMap":{},"branchMap":{}},"contracts/resolvers/profiles/IContentHashResolver.sol":{"l":{},"path":"/Volumes/Work/WorkInProgress/Popoo/popoo-pns-contracts/contracts/resolvers/profiles/IContentHashResolver.sol","s":{},"b":{},"f":{},"fnMap":{},"statementMap":{},"branchMap":{}},"contracts/resolvers/profiles/IExtendedResolver.sol":{"l":{},"path":"/Volumes/Work/WorkInProgress/Popoo/popoo-pns-contracts/contracts/resolvers/profiles/IExtendedResolver.sol","s":{},"b":{},"f":{},"fnMap":{},"statementMap":{},"branchMap":{}},"contracts/resolvers/profiles/IInterfaceResolver.sol":{"l":{},"path":"/Volumes/Work/WorkInProgress/Popoo/popoo-pns-contracts/contracts/resolvers/profiles/IInterfaceResolver.sol","s":{},"b":{},"f":{},"fnMap":{},"statementMap":{},"branchMap":{}},"contracts/resolvers/profiles/INameResolver.sol":{"l":{},"path":"/Volumes/Work/WorkInProgress/Popoo/popoo-pns-contracts/contracts/resolvers/profiles/INameResolver.sol","s":{},"b":{},"f":{},"fnMap":{},"statementMap":{},"branchMap":{}},"contracts/resolvers/profiles/InterfaceResolver.sol":{"l":{"24":4,"27":4,"44":13,"47":13,"48":7,"51":6,"52":6,"53":3,"56":3,"62":3,"64":2,"67":1,"70":1,"72":0,"75":1,"81":8},"path":"/Volumes/Work/WorkInProgress/Popoo/popoo-pns-contracts/contracts/resolvers/profiles/InterfaceResolver.sol","s":{"1":4,"2":13,"3":13,"4":7,"5":6,"6":6,"7":3,"8":3,"9":3,"10":2,"11":1,"12":0,"13":1,"14":8},"b":{"1":[4,2],"2":[7,6],"3":[3,3],"4":[2,1],"5":[1,1],"6":[1,0],"7":[0,1],"8":[0,0],"9":[0,0],"10":[0,7]},"f":{"1":4,"2":13,"3":8},"fnMap":{"1":{"name":"setInterface","line":23,"loc":{"start":{"line":19,"column":4},"end":{"line":28,"column":4}}},"2":{"name":"interfaceImplementer","line":40,"loc":{"start":{"line":40,"column":4},"end":{"line":76,"column":4}}},"3":{"name":"supportsInterface","line":78,"loc":{"start":{"line":78,"column":4},"end":{"line":84,"column":4}}}},"statementMap":{"1":{"start":{"line":27,"column":8},"end":{"line":27,"column":61}},"2":{"start":{"line":44,"column":8},"end":{"line":44,"column":1894}},"3":{"start":{"line":47,"column":8},"end":{"line":47,"column":1997}},"4":{"start":{"line":48,"column":12},"end":{"line":48,"column":30}},"5":{"start":{"line":51,"column":8},"end":{"line":51,"column":30}},"6":{"start":{"line":52,"column":8},"end":{"line":52,"column":2113}},"7":{"start":{"line":53,"column":12},"end":{"line":53,"column":29}},"8":{"start":{"line":56,"column":8},"end":{"line":56,"column":2187}},"9":{"start":{"line":62,"column":8},"end":{"line":62,"column":2399}},"10":{"start":{"line":64,"column":12},"end":{"line":64,"column":29}},"11":{"start":{"line":70,"column":8},"end":{"line":70,"column":2696}},"12":{"start":{"line":72,"column":12},"end":{"line":72,"column":29}},"13":{"start":{"line":75,"column":8},"end":{"line":75,"column":16}},"14":{"start":{"line":81,"column":8},"end":{"line":81,"column":3046}}},"branchMap":{"1":{"line":23,"type":"if","locations":[{"start":{"line":23,"column":23},"end":{"line":23,"column":23}},{"start":{"line":23,"column":23},"end":{"line":23,"column":23}}]},"2":{"line":47,"type":"if","locations":[{"start":{"line":47,"column":8},"end":{"line":47,"column":8}},{"start":{"line":47,"column":8},"end":{"line":47,"column":8}}]},"3":{"line":52,"type":"if","locations":[{"start":{"line":52,"column":8},"end":{"line":52,"column":8}},{"start":{"line":52,"column":8},"end":{"line":52,"column":8}}]},"4":{"line":62,"type":"if","locations":[{"start":{"line":62,"column":8},"end":{"line":62,"column":8}},{"start":{"line":62,"column":8},"end":{"line":62,"column":8}}]},"5":{"line":62,"type":"cond-expr","locations":[{"start":{"line":62,"column":12},"end":{"line":62,"column":19}},{"start":{"line":62,"column":24},"end":{"line":62,"column":45}}]},"6":{"line":62,"type":"cond-expr","locations":[{"start":{"line":62,"column":12},"end":{"line":62,"column":45}},{"start":{"line":62,"column":50},"end":{"line":62,"column":68}}]},"7":{"line":70,"type":"if","locations":[{"start":{"line":70,"column":8},"end":{"line":70,"column":8}},{"start":{"line":70,"column":8},"end":{"line":70,"column":8}}]},"8":{"line":70,"type":"cond-expr","locations":[{"start":{"line":70,"column":12},"end":{"line":70,"column":19}},{"start":{"line":70,"column":24},"end":{"line":70,"column":45}}]},"9":{"line":70,"type":"cond-expr","locations":[{"start":{"line":70,"column":12},"end":{"line":70,"column":45}},{"start":{"line":70,"column":50},"end":{"line":70,"column":68}}]},"10":{"line":82,"type":"cond-expr","locations":[{"start":{"line":82,"column":12},"end":{"line":82,"column":62}},{"start":{"line":83,"column":12},"end":{"line":83,"column":47}}]}}},"contracts/resolvers/profiles/IPubkeyResolver.sol":{"l":{},"path":"/Volumes/Work/WorkInProgress/Popoo/popoo-pns-contracts/contracts/resolvers/profiles/IPubkeyResolver.sol","s":{},"b":{},"f":{},"fnMap":{},"statementMap":{},"branchMap":{}},"contracts/resolvers/profiles/ITextResolver.sol":{"l":{},"path":"/Volumes/Work/WorkInProgress/Popoo/popoo-pns-contracts/contracts/resolvers/profiles/ITextResolver.sol","s":{},"b":{},"f":{},"fnMap":{},"statementMap":{},"branchMap":{}},"contracts/resolvers/profiles/IVersionableResolver.sol":{"l":{},"path":"/Volumes/Work/WorkInProgress/Popoo/popoo-pns-contracts/contracts/resolvers/profiles/IVersionableResolver.sol","s":{},"b":{},"f":{},"fnMap":{},"statementMap":{},"branchMap":{}},"contracts/resolvers/profiles/NameResolver.sol":{"l":{"19":41,"20":41,"32":13,"38":9},"path":"/Volumes/Work/WorkInProgress/Popoo/popoo-pns-contracts/contracts/resolvers/profiles/NameResolver.sol","s":{"1":41,"2":13,"3":9},"b":{"1":[41,2],"2":[1,7]},"f":{"1":41,"2":13,"3":9},"fnMap":{"1":{"name":"setName","line":18,"loc":{"start":{"line":15,"column":4},"end":{"line":21,"column":4}}},"2":{"name":"name","line":29,"loc":{"start":{"line":29,"column":4},"end":{"line":33,"column":4}}},"3":{"name":"supportsInterface","line":35,"loc":{"start":{"line":35,"column":4},"end":{"line":41,"column":4}}}},"statementMap":{"1":{"start":{"line":20,"column":8},"end":{"line":20,"column":39}},"2":{"start":{"line":32,"column":8},"end":{"line":32,"column":60}},"3":{"start":{"line":38,"column":8},"end":{"line":38,"column":1217}}},"branchMap":{"1":{"line":18,"type":"if","locations":[{"start":{"line":18,"column":23},"end":{"line":18,"column":23}},{"start":{"line":18,"column":23},"end":{"line":18,"column":23}}]},"2":{"line":39,"type":"cond-expr","locations":[{"start":{"line":39,"column":12},"end":{"line":39,"column":57}},{"start":{"line":40,"column":12},"end":{"line":40,"column":47}}]}}},"contracts/resolvers/profiles/PubkeyResolver.sol":{"l":{"26":8,"27":8,"40":6,"41":6,"50":10},"path":"/Volumes/Work/WorkInProgress/Popoo/popoo-pns-contracts/contracts/resolvers/profiles/PubkeyResolver.sol","s":{"1":8,"2":6,"3":6,"4":10},"b":{"1":[8,6],"2":[1,8]},"f":{"1":8,"2":6,"3":10},"fnMap":{"1":{"name":"setPubkey","line":25,"loc":{"start":{"line":21,"column":4},"end":{"line":28,"column":4}}},"2":{"name":"pubkey","line":37,"loc":{"start":{"line":37,"column":4},"end":{"line":45,"column":4}}},"3":{"name":"supportsInterface","line":47,"loc":{"start":{"line":47,"column":4},"end":{"line":53,"column":4}}}},"statementMap":{"1":{"start":{"line":27,"column":8},"end":{"line":27,"column":38}},"2":{"start":{"line":40,"column":8},"end":{"line":40,"column":58}},"3":{"start":{"line":41,"column":8},"end":{"line":41,"column":1335}},"4":{"start":{"line":50,"column":8},"end":{"line":50,"column":1645}}},"branchMap":{"1":{"line":25,"type":"if","locations":[{"start":{"line":25,"column":23},"end":{"line":25,"column":23}},{"start":{"line":25,"column":23},"end":{"line":25,"column":23}}]},"2":{"line":51,"type":"cond-expr","locations":[{"start":{"line":51,"column":12},"end":{"line":51,"column":59}},{"start":{"line":52,"column":12},"end":{"line":52,"column":47}}]}}},"contracts/resolvers/profiles/TextResolver.sol":{"l":{"22":10,"23":10,"36":10,"42":11},"path":"/Volumes/Work/WorkInProgress/Popoo/popoo-pns-contracts/contracts/resolvers/profiles/TextResolver.sol","s":{"1":10,"2":10,"3":11},"b":{"1":[10,4],"2":[1,9]},"f":{"1":10,"2":10,"3":11},"fnMap":{"1":{"name":"setText","line":21,"loc":{"start":{"line":17,"column":4},"end":{"line":24,"column":4}}},"2":{"name":"text","line":32,"loc":{"start":{"line":32,"column":4},"end":{"line":37,"column":4}}},"3":{"name":"supportsInterface","line":39,"loc":{"start":{"line":39,"column":4},"end":{"line":45,"column":4}}}},"statementMap":{"1":{"start":{"line":23,"column":8},"end":{"line":23,"column":47}},"2":{"start":{"line":36,"column":8},"end":{"line":36,"column":65}},"3":{"start":{"line":42,"column":8},"end":{"line":42,"column":1399}}},"branchMap":{"1":{"line":21,"type":"if","locations":[{"start":{"line":21,"column":23},"end":{"line":21,"column":23}},{"start":{"line":21,"column":23},"end":{"line":21,"column":23}}]},"2":{"line":43,"type":"cond-expr","locations":[{"start":{"line":43,"column":12},"end":{"line":43,"column":57}},{"start":{"line":44,"column":12},"end":{"line":44,"column":47}}]}}},"contracts/resolvers/PublicResolver.sol":{"l":{"74":117,"75":117,"76":117,"77":117,"84":9,"89":7,"90":7,"100":52,"107":8,"109":6,"110":6,"121":48,"125":246,"129":98,"131":148,"132":148,"133":2,"135":148,"158":11},"path":"/Volumes/Work/WorkInProgress/Popoo/popoo-pns-contracts/contracts/resolvers/PublicResolver.sol","s":{"1":9,"2":7,"3":52,"4":8,"5":6,"6":48,"7":246,"8":98,"9":148,"10":148,"11":148,"12":11},"b":{"1":[7,2],"2":[6,2],"3":[98,148],"4":[61,37],"5":[2,146],"6":[98,4],"7":[4,4]},"f":{"1":117,"2":9,"3":52,"4":8,"5":48,"6":246,"7":11},"fnMap":{"1":{"name":"constructor","line":73,"loc":{"start":{"line":68,"column":4},"end":{"line":78,"column":4}}},"2":{"name":"setApprovalForAll","line":83,"loc":{"start":{"line":83,"column":4},"end":{"line":91,"column":4}}},"3":{"name":"isApprovedForAll","line":96,"loc":{"start":{"line":96,"column":4},"end":{"line":101,"column":4}}},"4":{"name":"approve","line":106,"loc":{"start":{"line":106,"column":4},"end":{"line":111,"column":4}}},"5":{"name":"isApprovedFor","line":116,"loc":{"start":{"line":116,"column":4},"end":{"line":122,"column":4}}},"6":{"name":"isAuthorised","line":124,"loc":{"start":{"line":124,"column":4},"end":{"line":139,"column":4}}},"7":{"name":"supportsInterface","line":141,"loc":{"start":{"line":141,"column":4},"end":{"line":159,"column":4}}}},"statementMap":{"1":{"start":{"line":84,"column":8},"end":{"line":84,"column":2579}},"2":{"start":{"line":90,"column":8},"end":{"line":90,"column":59}},"3":{"start":{"line":100,"column":8},"end":{"line":100,"column":52}},"4":{"start":{"line":107,"column":8},"end":{"line":107,"column":74}},"5":{"start":{"line":110,"column":8},"end":{"line":110,"column":59}},"6":{"start":{"line":121,"column":8},"end":{"line":121,"column":53}},"7":{"start":{"line":125,"column":8},"end":{"line":125,"column":3821}},"8":{"start":{"line":129,"column":12},"end":{"line":129,"column":23}},"9":{"start":{"line":131,"column":8},"end":{"line":131,"column":39}},"10":{"start":{"line":132,"column":8},"end":{"line":132,"column":4022}},"11":{"start":{"line":135,"column":8},"end":{"line":135,"column":4175}},"12":{"start":{"line":158,"column":8},"end":{"line":158,"column":51}}},"branchMap":{"1":{"line":84,"type":"if","locations":[{"start":{"line":84,"column":8},"end":{"line":84,"column":8}},{"start":{"line":84,"column":8},"end":{"line":84,"column":8}}]},"2":{"line":107,"type":"if","locations":[{"start":{"line":107,"column":8},"end":{"line":107,"column":8}},{"start":{"line":107,"column":8},"end":{"line":107,"column":8}}]},"3":{"line":125,"type":"if","locations":[{"start":{"line":125,"column":8},"end":{"line":125,"column":8}},{"start":{"line":125,"column":8},"end":{"line":125,"column":8}}]},"4":{"line":126,"type":"cond-expr","locations":[{"start":{"line":126,"column":12},"end":{"line":126,"column":45}},{"start":{"line":127,"column":12},"end":{"line":127,"column":48}}]},"5":{"line":132,"type":"if","locations":[{"start":{"line":132,"column":8},"end":{"line":132,"column":8}},{"start":{"line":132,"column":8},"end":{"line":132,"column":8}}]},"6":{"line":136,"type":"cond-expr","locations":[{"start":{"line":136,"column":12},"end":{"line":136,"column":30}},{"start":{"line":137,"column":12},"end":{"line":137,"column":46}}]},"7":{"line":136,"type":"cond-expr","locations":[{"start":{"line":136,"column":12},"end":{"line":137,"column":46}},{"start":{"line":138,"column":12},"end":{"line":138,"column":49}}]}}},"contracts/resolvers/Resolver.sol":{"l":{},"path":"/Volumes/Work/WorkInProgress/Popoo/popoo-pns-contracts/contracts/resolvers/Resolver.sol","s":{},"b":{},"f":{},"fnMap":{},"statementMap":{},"branchMap":{}},"contracts/resolvers/ResolverBase.sol":{"l":{"13":246,"14":204,"23":8,"24":8,"30":3},"path":"/Volumes/Work/WorkInProgress/Popoo/popoo-pns-contracts/contracts/resolvers/ResolverBase.sol","s":{"1":246,"2":8,"3":3},"b":{"1":[204,42],"2":[8,0],"3":[0,2]},"f":{"1":246,"2":8,"3":3},"fnMap":{"1":{"name":"authorised","line":12,"loc":{"start":{"line":12,"column":4},"end":{"line":15,"column":4}}},"2":{"name":"clearRecords","line":22,"loc":{"start":{"line":22,"column":4},"end":{"line":25,"column":4}}},"3":{"name":"supportsInterface","line":27,"loc":{"start":{"line":27,"column":4},"end":{"line":33,"column":4}}}},"statementMap":{"1":{"start":{"line":13,"column":8},"end":{"line":13,"column":34}},"2":{"start":{"line":24,"column":8},"end":{"line":24,"column":55}},"3":{"start":{"line":30,"column":8},"end":{"line":30,"column":996}}},"branchMap":{"1":{"line":13,"type":"if","locations":[{"start":{"line":13,"column":8},"end":{"line":13,"column":8}},{"start":{"line":13,"column":8},"end":{"line":13,"column":8}}]},"2":{"line":22,"type":"if","locations":[{"start":{"line":22,"column":55},"end":{"line":22,"column":55}},{"start":{"line":22,"column":55},"end":{"line":22,"column":55}}]},"3":{"line":31,"type":"cond-expr","locations":[{"start":{"line":31,"column":12},"end":{"line":31,"column":64}},{"start":{"line":32,"column":12},"end":{"line":32,"column":47}}]}}},"contracts/reverseRegistrar/IReverseRegistrar.sol":{"l":{},"path":"/Volumes/Work/WorkInProgress/Popoo/popoo-pns-contracts/contracts/reverseRegistrar/IReverseRegistrar.sol","s":{},"b":{},"f":{},"fnMap":{},"statementMap":{},"branchMap":{}},"contracts/reverseRegistrar/ReverseClaimer.sol":{"l":{"12":143,"15":143},"path":"/Volumes/Work/WorkInProgress/Popoo/popoo-pns-contracts/contracts/reverseRegistrar/ReverseClaimer.sol","s":{"1":143,"2":143},"b":{},"f":{"1":143},"fnMap":{"1":{"name":"constructor","line":11,"loc":{"start":{"line":11,"column":4},"end":{"line":16,"column":4}}}},"statementMap":{"1":{"start":{"line":12,"column":8},"end":{"line":12,"column":391}},"2":{"start":{"line":15,"column":8},"end":{"line":15,"column":39}}},"branchMap":{}},"contracts/reverseRegistrar/ReverseRegistrar.sol":{"l":{"30":319,"33":319,"36":319,"37":20,"42":213,"49":209,"53":108,"57":108,"58":108,"68":165,"84":209,"85":209,"88":209,"89":209,"90":209,"104":2,"115":2,"140":39,"141":37,"142":37,"151":1,"165":210,"184":5,"185":1,"187":0},"path":"/Volumes/Work/WorkInProgress/Popoo/popoo-pns-contracts/contracts/reverseRegistrar/ReverseRegistrar.sol","s":{"1":319,"2":319,"3":20,"4":213,"5":108,"6":108,"7":165,"8":209,"9":209,"10":209,"11":209,"12":209,"13":2,"14":2,"15":39,"16":37,"17":37,"18":1,"19":5,"20":1,"21":0},"b":{"1":[20,299],"2":[209,4],"3":[173,33],"4":[33,2],"5":[2,1],"6":[108,0],"7":[108,0],"8":[209,4]},"f":{"1":319,"2":213,"3":108,"4":165,"5":209,"6":2,"7":2,"8":39,"9":1,"10":210,"11":5},"fnMap":{"1":{"name":"constructor","line":29,"loc":{"start":{"line":29,"column":4},"end":{"line":39,"column":4}}},"2":{"name":"authorised","line":41,"loc":{"start":{"line":41,"column":4},"end":{"line":50,"column":4}}},"3":{"name":"setDefaultResolver","line":52,"loc":{"start":{"line":52,"column":4},"end":{"line":59,"column":4}}},"4":{"name":"claim","line":67,"loc":{"start":{"line":67,"column":4},"end":{"line":69,"column":4}}},"5":{"name":"claimForAddr","line":83,"loc":{"start":{"line":79,"column":4},"end":{"line":91,"column":4}}},"6":{"name":"claimWithResolver","line":100,"loc":{"start":{"line":100,"column":4},"end":{"line":105,"column":4}}},"7":{"name":"setName","line":114,"loc":{"start":{"line":114,"column":4},"end":{"line":122,"column":4}}},"8":{"name":"setNameForAddr","line":134,"loc":{"start":{"line":134,"column":4},"end":{"line":143,"column":4}}},"9":{"name":"node","line":150,"loc":{"start":{"line":150,"column":4},"end":{"line":155,"column":4}}},"10":{"name":"sha3HexAddress","line":164,"loc":{"start":{"line":164,"column":4},"end":{"line":181,"column":4}}},"11":{"name":"ownsContract","line":183,"loc":{"start":{"line":183,"column":4},"end":{"line":189,"column":4}}}},"statementMap":{"1":{"start":{"line":33,"column":8},"end":{"line":33,"column":1030}},"2":{"start":{"line":36,"column":8},"end":{"line":36,"column":1143}},"3":{"start":{"line":37,"column":12},"end":{"line":37,"column":41}},"4":{"start":{"line":42,"column":8},"end":{"line":42,"column":1297}},"5":{"start":{"line":53,"column":8},"end":{"line":53,"column":1698}},"6":{"start":{"line":58,"column":8},"end":{"line":58,"column":59}},"7":{"start":{"line":68,"column":8},"end":{"line":68,"column":72}},"8":{"start":{"line":84,"column":8},"end":{"line":84,"column":48}},"9":{"start":{"line":85,"column":8},"end":{"line":85,"column":2933}},"10":{"start":{"line":88,"column":8},"end":{"line":88,"column":46}},"11":{"start":{"line":89,"column":8},"end":{"line":89,"column":77}},"12":{"start":{"line":90,"column":8},"end":{"line":90,"column":26}},"13":{"start":{"line":104,"column":8},"end":{"line":104,"column":56}},"14":{"start":{"line":115,"column":8},"end":{"line":115,"column":4130}},"15":{"start":{"line":140,"column":8},"end":{"line":140,"column":58}},"16":{"start":{"line":141,"column":8},"end":{"line":141,"column":49}},"17":{"start":{"line":142,"column":8},"end":{"line":142,"column":19}},"18":{"start":{"line":151,"column":8},"end":{"line":151,"column":5346}},"19":{"start":{"line":184,"column":8},"end":{"line":184,"column":6355}},"20":{"start":{"line":185,"column":12},"end":{"line":185,"column":38}},"21":{"start":{"line":187,"column":12},"end":{"line":187,"column":24}}},"branchMap":{"1":{"line":36,"type":"if","locations":[{"start":{"line":36,"column":8},"end":{"line":36,"column":8}},{"start":{"line":36,"column":8},"end":{"line":36,"column":8}}]},"2":{"line":42,"type":"if","locations":[{"start":{"line":42,"column":8},"end":{"line":42,"column":8}},{"start":{"line":42,"column":8},"end":{"line":42,"column":8}}]},"3":{"line":43,"type":"cond-expr","locations":[{"start":{"line":43,"column":12},"end":{"line":43,"column":29}},{"start":{"line":44,"column":16},"end":{"line":44,"column":38}}]},"4":{"line":43,"type":"cond-expr","locations":[{"start":{"line":43,"column":12},"end":{"line":44,"column":38}},{"start":{"line":45,"column":16},"end":{"line":45,"column":53}}]},"5":{"line":43,"type":"cond-expr","locations":[{"start":{"line":43,"column":12},"end":{"line":45,"column":53}},{"start":{"line":46,"column":16},"end":{"line":46,"column":33}}]},"6":{"line":52,"type":"if","locations":[{"start":{"line":52,"column":66},"end":{"line":52,"column":66}},{"start":{"line":52,"column":66},"end":{"line":52,"column":66}}]},"7":{"line":53,"type":"if","locations":[{"start":{"line":53,"column":8},"end":{"line":53,"column":8}},{"start":{"line":53,"column":8},"end":{"line":53,"column":8}}]},"8":{"line":83,"type":"if","locations":[{"start":{"line":83,"column":22},"end":{"line":83,"column":22}},{"start":{"line":83,"column":22},"end":{"line":83,"column":22}}]}}},"contracts/root/Controllable.sol":{"l":{"11":5,"15":3,"19":8,"20":8},"path":"/Volumes/Work/WorkInProgress/Popoo/popoo-pns-contracts/contracts/root/Controllable.sol","s":{"1":5,"2":8},"b":{"1":[3,2],"2":[8,2]},"f":{"1":5,"2":8},"fnMap":{"1":{"name":"onlyController","line":10,"loc":{"start":{"line":10,"column":4},"end":{"line":16,"column":4}}},"2":{"name":"setController","line":18,"loc":{"start":{"line":18,"column":4},"end":{"line":21,"column":4}}}},"statementMap":{"1":{"start":{"line":11,"column":8},"end":{"line":11,"column":283}},"2":{"start":{"line":20,"column":8},"end":{"line":20,"column":51}}},"branchMap":{"1":{"line":11,"type":"if","locations":[{"start":{"line":11,"column":8},"end":{"line":11,"column":8}},{"start":{"line":11,"column":8},"end":{"line":11,"column":8}}]},"2":{"line":18,"type":"if","locations":[{"start":{"line":18,"column":68},"end":{"line":18,"column":68}},{"start":{"line":18,"column":68},"end":{"line":18,"column":68}}]}}},"contracts/root/Ownable.sol":{"l":{"10":13,"11":11,"15":3,"19":0,"20":0,"24":13},"path":"/Volumes/Work/WorkInProgress/Popoo/popoo-pns-contracts/contracts/root/Ownable.sol","s":{"1":13,"2":0,"3":13},"b":{"1":[11,2],"2":[0,0]},"f":{"1":13,"2":3,"3":0,"4":13},"fnMap":{"1":{"name":"onlyOwner","line":9,"loc":{"start":{"line":9,"column":4},"end":{"line":12,"column":4}}},"2":{"name":"constructor","line":14,"loc":{"start":{"line":14,"column":4},"end":{"line":16,"column":4}}},"3":{"name":"transferOwnership","line":18,"loc":{"start":{"line":18,"column":4},"end":{"line":21,"column":4}}},"4":{"name":"isOwner","line":23,"loc":{"start":{"line":23,"column":4},"end":{"line":25,"column":4}}}},"statementMap":{"1":{"start":{"line":10,"column":8},"end":{"line":10,"column":35}},"2":{"start":{"line":19,"column":8},"end":{"line":19,"column":50}},"3":{"start":{"line":24,"column":8},"end":{"line":24,"column":28}}},"branchMap":{"1":{"line":10,"type":"if","locations":[{"start":{"line":10,"column":8},"end":{"line":10,"column":8}},{"start":{"line":10,"column":8},"end":{"line":10,"column":8}}]},"2":{"line":18,"type":"if","locations":[{"start":{"line":18,"column":56},"end":{"line":18,"column":56}},{"start":{"line":18,"column":56},"end":{"line":18,"column":56}}]}}},"contracts/root/Root.sol":{"l":{"19":3,"23":3,"24":1,"28":0,"32":1,"33":1,"37":0},"path":"/Volumes/Work/WorkInProgress/Popoo/popoo-pns-contracts/contracts/root/Root.sol","s":{"1":3,"2":1,"3":0,"4":1,"5":0},"b":{"1":[3,2],"2":[1,2],"3":[0,0],"4":[1,0]},"f":{"1":3,"2":3,"3":0,"4":1,"5":0},"fnMap":{"1":{"name":"constructor","line":18,"loc":{"start":{"line":18,"column":4},"end":{"line":20,"column":4}}},"2":{"name":"setSubnodeOwner","line":22,"loc":{"start":{"line":22,"column":4},"end":{"line":25,"column":4}}},"3":{"name":"setResolver","line":27,"loc":{"start":{"line":27,"column":4},"end":{"line":29,"column":4}}},"4":{"name":"lock","line":31,"loc":{"start":{"line":31
[...]
1137,"column":8},"end":{"line":1137,"column":39}},"201":{"start":{"line":1147,"column":8},"end":{"line":1147,"column":43}},"202":{"start":{"line":1148,"column":8},"end":{"line":1148,"column":34}},"203":{"start":{"line":1149,"column":8},"end":{"line":1149,"column":37486}},"204":{"start":{"line":1150,"column":12},"end":{"line":1150,"column":45}},"205":{"start":{"line":1160,"column":8},"end":{"line":1160,"column":37}},"206":{"start":{"line":1161,"column":8},"end":{"line":1161,"column":58}},"207":{"start":{"line":1166,"column":8},"end":{"line":1166,"column":37983}},"208":{"start":{"line":1176,"column":8},"end":{"line":1176,"column":38319}},"209":{"start":{"line":1183,"column":8},"end":{"line":1183,"column":38619}},"210":{"start":{"line":1192,"column":8},"end":{"line":1192,"column":38864}}},"branchMap":{"1":{"line":91,"type":"cond-expr","locations":[{"start":{"line":91,"column":12},"end":{"line":91,"column":56}},{"start":{"line":92,"column":12},"end":{"line":92,"column":59}}]},"2":{"line":91,"type":"cond-expr","locations":[{"start":{"line":91,"column":12},"end":{"line":92,"column":59}},{"start":{"line":93,"column":12},"end":{"line":93,"column":47}}]},"3":{"line":125,"type":"if","locations":[{"start":{"line":125,"column":8},"end":{"line":125,"column":8}},{"start":{"line":125,"column":8},"end":{"line":125,"column":8}}]},"4":{"line":142,"type":"if","locations":[{"start":{"line":142,"column":8},"end":{"line":142,"column":8}},{"start":{"line":142,"column":8},"end":{"line":142,"column":8}}]},"5":{"line":178,"type":"if","locations":[{"start":{"line":178,"column":13},"end":{"line":178,"column":13}},{"start":{"line":178,"column":13},"end":{"line":178,"column":13}}]},"6":{"line":208,"type":"if","locations":[{"start":{"line":208,"column":13},"end":{"line":208,"column":13}},{"start":{"line":208,"column":13},"end":{"line":208,"column":13}}]},"7":{"line":209,"type":"if","locations":[{"start":{"line":209,"column":8},"end":{"line":209,"column":8}},{"start":{"line":209,"column":8},"end":{"line":209,"column":8}}]},"8":{"line":216,"type":"if","locations":[{"start":{"line":216,"column":8},"end":{"line":216,"column":8}},{"start":{"line":216,"column":8},"end":{"line":216,"column":8}}]},"9":{"line":228,"type":"if","locations":[{"start":{"line":228,"column":8},"end":{"line":228,"column":8}},{"start":{"line":228,"column":8},"end":{"line":228,"column":8}}]},"10":{"line":243,"type":"if","locations":[{"start":{"line":243,"column":8},"end":{"line":243,"column":8}},{"start":{"line":243,"column":8},"end":{"line":243,"column":8}}]},"11":{"line":263,"type":"cond-expr","locations":[{"start":{"line":263,"column":13},"end":{"line":263,"column":25}},{"start":{"line":263,"column":30},"end":{"line":263,"column":58}}]},"12":{"line":280,"type":"cond-expr","locations":[{"start":{"line":280,"column":13},"end":{"line":280,"column":25}},{"start":{"line":281,"column":16},"end":{"line":281,"column":44}}]},"13":{"line":280,"type":"cond-expr","locations":[{"start":{"line":280,"column":13},"end":{"line":281,"column":44}},{"start":{"line":282,"column":16},"end":{"line":282,"column":49}}]},"14":{"line":303,"type":"if","locations":[{"start":{"line":303,"column":8},"end":{"line":303,"column":8}},{"start":{"line":303,"column":8},"end":{"line":303,"column":8}}]},"15":{"line":347,"type":"if","locations":[{"start":{"line":347,"column":15},"end":{"line":347,"column":15}},{"start":{"line":347,"column":15},"end":{"line":347,"column":15}}]},"16":{"line":370,"type":"if","locations":[{"start":{"line":370,"column":15},"end":{"line":370,"column":15}},{"start":{"line":370,"column":15},"end":{"line":370,"column":15}}]},"17":{"line":377,"type":"if","locations":[{"start":{"line":377,"column":12},"end":{"line":377,"column":12}},{"start":{"line":377,"column":12},"end":{"line":377,"column":12}}]},"18":{"line":378,"type":"cond-expr","locations":[{"start":{"line":378,"column":16},"end":{"line":378,"column":46}},{"start":{"line":379,"column":16},"end":{"line":379,"column":47}}]},"19":{"line":416,"type":"if","locations":[{"start":{"line":416,"column":8},"end":{"line":416,"column":8}},{"start":{"line":416,"column":8},"end":{"line":416,"column":8}}]},"20":{"line":422,"type":"if","locations":[{"start":{"line":422,"column":8},"end":{"line":422,"column":8}},{"start":{"line":422,"column":8},"end":{"line":422,"column":8}}]},"21":{"line":426,"type":"if","locations":[{"start":{"line":426,"column":8},"end":{"line":426,"column":8}},{"start":{"line":426,"column":8},"end":{"line":426,"column":8}}]},"22":{"line":447,"type":"if","locations":[{"start":{"line":447,"column":13},"end":{"line":447,"column":13}},{"start":{"line":447,"column":13},"end":{"line":447,"column":13}}]},"23":{"line":448,"type":"if","locations":[{"start":{"line":448,"column":8},"end":{"line":448,"column":8}},{"start":{"line":448,"column":8},"end":{"line":448,"column":8}}]},"24":{"line":471,"type":"if","locations":[{"start":{"line":471,"column":13},"end":{"line":471,"column":13}},{"start":{"line":471,"column":13},"end":{"line":471,"column":13}}]},"25":{"line":472,"type":"if","locations":[{"start":{"line":472,"column":8},"end":{"line":472,"column":8}},{"start":{"line":472,"column":8},"end":{"line":472,"column":8}}]},"26":{"line":475,"type":"if","locations":[{"start":{"line":475,"column":8},"end":{"line":475,"column":8}},{"start":{"line":475,"column":8},"end":{"line":475,"column":8}}]},"27":{"line":475,"type":"cond-expr","locations":[{"start":{"line":475,"column":12},"end":{"line":475,"column":37}},{"start":{"line":475,"column":42},"end":{"line":475,"column":68}}]},"28":{"line":493,"type":"if","locations":[{"start":{"line":493,"column":8},"end":{"line":493,"column":8}},{"start":{"line":493,"column":8},"end":{"line":493,"column":8}}]},"29":{"line":494,"type":"if","locations":[{"start":{"line":494,"column":8},"end":{"line":494,"column":8}},{"start":{"line":494,"column":8},"end":{"line":494,"column":8}}]},"30":{"line":520,"type":"if","locations":[{"start":{"line":520,"column":8},"end":{"line":520,"column":8}},{"start":{"line":520,"column":8},"end":{"line":520,"column":8}}]},"31":{"line":527,"type":"if","locations":[{"start":{"line":527,"column":8},"end":{"line":527,"column":8}},{"start":{"line":527,"column":8},"end":{"line":527,"column":8}}]},"32":{"line":536,"type":"if","locations":[{"start":{"line":536,"column":8},"end":{"line":536,"column":8}},{"start":{"line":536,"column":8},"end":{"line":536,"column":8}}]},"33":{"line":559,"type":"if","locations":[{"start":{"line":559,"column":8},"end":{"line":559,"column":8}},{"start":{"line":559,"column":8},"end":{"line":559,"column":8}}]},"34":{"line":563,"type":"if","locations":[{"start":{"line":563,"column":8},"end":{"line":563,"column":8}},{"start":{"line":563,"column":8},"end":{"line":563,"column":8}}]},"35":{"line":604,"type":"if","locations":[{"start":{"line":604,"column":8},"end":{"line":604,"column":8}},{"start":{"line":604,"column":8},"end":{"line":604,"column":8}}]},"36":{"line":604,"type":"cond-expr","locations":[{"start":{"line":604,"column":12},"end":{"line":604,"column":30}},{"start":{"line":604,"column":35},"end":{"line":604,"column":66}}]},"37":{"line":609,"type":"if","locations":[{"start":{"line":609,"column":8},"end":{"line":609,"column":8}},{"start":{"line":609,"column":8},"end":{"line":609,"column":8}}]},"38":{"line":610,"type":"if","locations":[{"start":{"line":610,"column":12},"end":{"line":610,"column":12}},{"start":{"line":610,"column":12},"end":{"line":610,"column":12}}]},"39":{"line":614,"type":"if","locations":[{"start":{"line":614,"column":12},"end":{"line":614,"column":12}},{"start":{"line":614,"column":12},"end":{"line":614,"column":12}}]},"40":{"line":624,"type":"if","locations":[{"start":{"line":624,"column":8},"end":{"line":624,"column":8}},{"start":{"line":624,"column":8},"end":{"line":624,"column":8}}]},"41":{"line":650,"type":"if","locations":[{"start":{"line":650,"column":13},"end":{"line":650,"column":13}},{"start":{"line":650,"column":13},"end":{"line":650,"column":13}}]},"42":{"line":658,"type":"if","locations":[{"start":{"line":658,"column":8},"end":{"line":658,"column":8}},{"start":{"line":658,"column":8},"end":{"line":658,"column":8}}]},"43":{"line":686,"type":"if","locations":[{"start":{"line":686,"column":13},"end":{"line":686,"column":13}},{"start":{"line":686,"column":13},"end":{"line":686,"column":13}}]},"44":{"line":693,"type":"if","locations":[{"start":{"line":693,"column":8},"end":{"line":693,"column":8}},{"start":{"line":693,"column":8},"end":{"line":693,"column":8}}]},"45":{"line":729,"type":"if","locations":[{"start":{"line":729,"column":8},"end":{"line":729,"column":8}},{"start":{"line":729,"column":8},"end":{"line":729,"column":8}}]},"46":{"line":730,"type":"if","locations":[{"start":{"line":730,"column":8},"end":{"line":730,"column":8}},{"start":{"line":730,"column":8},"end":{"line":730,"column":8}}]},"47":{"line":736,"type":"if","locations":[{"start":{"line":736,"column":8},"end":{"line":736,"column":8}},{"start":{"line":736,"column":8},"end":{"line":736,"column":8}}]},"48":{"line":738,"type":"if","locations":[{"start":{"line":738,"column":12},"end":{"line":738,"column":12}},{"start":{"line":738,"column":12},"end":{"line":738,"column":12}}]},"49":{"line":757,"type":"if","locations":[{"start":{"line":757,"column":13},"end":{"line":757,"column":13}},{"start":{"line":757,"column":13},"end":{"line":757,"column":13}}]},"50":{"line":757,"type":"if","locations":[{"start":{"line":757,"column":34},"end":{"line":757,"column":34}},{"start":{"line":757,"column":34},"end":{"line":757,"column":34}}]},"51":{"line":770,"type":"if","locations":[{"start":{"line":770,"column":13},"end":{"line":770,"column":13}},{"start":{"line":770,"column":13},"end":{"line":770,"column":13}}]},"52":{"line":770,"type":"if","locations":[{"start":{"line":770,"column":34},"end":{"line":770,"column":34}},{"start":{"line":770,"column":34},"end":{"line":770,"column":34}}]},"53":{"line":782,"type":"if","locations":[{"start":{"line":782,"column":8},"end":{"line":782,"column":8}},{"start":{"line":782,"column":8},"end":{"line":782,"column":8}}]},"54":{"line":812,"type":"if","locations":[{"start":{"line":812,"column":8},"end":{"line":812,"column":8}},{"start":{"line":812,"column":8},"end":{"line":812,"column":8}}]},"55":{"line":815,"type":"cond-expr","locations":[{"start":{"line":815,"column":13},"end":{"line":815,"column":38}},{"start":{"line":817,"column":16},"end":{"line":817,"column":47}}]},"56":{"line":820,"type":"if","locations":[{"start":{"line":820,"column":12},"end":{"line":820,"column":12}},{"start":{"line":820,"column":12},"end":{"line":820,"column":12}}]},"57":{"line":824,"type":"if","locations":[{"start":{"line":824,"column":12},"end":{"line":824,"column":12}},{"start":{"line":824,"column":12},"end":{"line":824,"column":12}}]},"58":{"line":853,"type":"if","locations":[{"start":{"line":853,"column":8},"end":{"line":853,"column":8}},{"start":{"line":853,"column":8},"end":{"line":853,"column":8}}]},"59":{"line":874,"type":"if","locations":[{"start":{"line":874,"column":8},"end":{"line":874,"column":8}},{"start":{"line":874,"column":8},"end":{"line":874,"column":8}}]},"60":{"line":891,"type":"if","locations":[{"start":{"line":891,"column":8},"end":{"line":891,"column":8}},{"start":{"line":891,"column":8},"end":{"line":891,"column":8}}]},"61":{"line":905,"type":"if","locations":[{"start":{"line":905,"column":8},"end":{"line":905,"column":8}},{"start":{"line":905,"column":8},"end":{"line":905,"column":8}}]},"62":{"line":927,"type":"if","locations":[{"start":{"line":927,"column":8},"end":{"line":927,"column":8}},{"start":{"line":927,"column":8},"end":{"line":927,"column":8}}]},"63":{"line":931,"type":"if","locations":[{"start":{"line":931,"column":8},"end":{"line":931,"column":8}},{"start":{"line":931,"column":8},"end":{"line":931,"column":8}}]},"64":{"line":933,"type":"if","locations":[{"start":{"line":933,"column":12},"end":{"line":933,"column":12}},{"start":{"line":933,"column":12},"end":{"line":933,"column":12}}]},"65":{"line":938,"type":"if","locations":[{"start":{"line":938,"column":12},"end":{"line":938,"column":12}},{"start":{"line":938,"column":12},"end":{"line":938,"column":12}}]},"66":{"line":944,"type":"if","locations":[{"start":{"line":944,"column":8},"end":{"line":944,"column":8}},{"start":{"line":944,"column":8},"end":{"line":944,"column":8}}]},"67":{"line":954,"type":"if","locations":[{"start":{"line":954,"column":8},"end":{"line":954,"column":8}},{"start":{"line":954,"column":8},"end":{"line":954,"column":8}}]},"68":{"line":955,"type":"if","locations":[{"start":{"line":955,"column":12},"end":{"line":955,"column":12}},{"start":{"line":955,"column":12},"end":{"line":955,"column":12}}]},"69":{"line":975,"type":"if","locations":[{"start":{"line":975,"column":8},"end":{"line":975,"column":8}},{"start":{"line":975,"column":8},"end":{"line":975,"column":8}}]},"70":{"line":978,"type":"if","locations":[{"start":{"line":978,"column":8},"end":{"line":978,"column":8}},{"start":{"line":978,"column":8},"end":{"line":978,"column":8}}]},"71":{"line":992,"type":"if","locations":[{"start":{"line":992,"column":8},"end":{"line":992,"column":8}},{"start":{"line":992,"column":8},"end":{"line":992,"column":8}}]},"72":{"line":1045,"type":"if","locations":[{"start":{"line":1045,"column":8},"end":{"line":1045,"column":8}},{"start":{"line":1045,"column":8},"end":{"line":1045,"column":8}}]},"73":{"line":1049,"type":"if","locations":[{"start":{"line":1049,"column":8},"end":{"line":1049,"column":8}},{"start":{"line":1049,"column":8},"end":{"line":1049,"column":8}}]},"74":{"line":1079,"type":"if","locations":[{"start":{"line":1079,"column":8},"end":{"line":1079,"column":8}},{"start":{"line":1079,"column":8},"end":{"line":1079,"column":8}}]},"75":{"line":1091,"type":"if","locations":[{"start":{"line":1091,"column":8},"end":{"line":1091,"column":8}},{"start":{"line":1091,"column":8},"end":{"line":1091,"column":8}}]},"76":{"line":1095,"type":"if","locations":[{"start":{"line":1095,"column":8},"end":{"line":1095,"column":8}},{"start":{"line":1095,"column":8},"end":{"line":1095,"column":8}}]},"77":{"line":1123,"type":"if","locations":[{"start":{"line":1123,"column":8},"end":{"line":1123,"column":8}},{"start":{"line":1123,"column":8},"end":{"line":1123,"column":8}}]},"78":{"line":1129,"type":"if","locations":[{"start":{"line":1129,"column":8},"end":{"line":1129,"column":8}},{"start":{"line":1129,"column":8},"end":{"line":1129,"column":8}}]},"79":{"line":1149,"type":"if","locations":[{"start":{"line":1149,"column":8},"end":{"line":1149,"column":8}},{"start":{"line":1149,"column":8},"end":{"line":1149,"column":8}}]},"80":{"line":1166,"type":"if","locations":[{"start":{"line":1166,"column":8},"end":{"line":1166,"column":8}},{"start":{"line":1166,"column":8},"end":{"line":1166,"column":8}}]},"81":{"line":1176,"type":"if","locations":[{"start":{"line":1176,"column":8},"end":{"line":1176,"column":8}},{"start":{"line":1176,"column":8},"end":{"line":1176,"column":8}}]},"82":{"line":1202,"type":"if","locations":[{"start":{"line":1202,"column":47},"end":{"line":1202,"column":47}},{"start":{"line":1202,"column":47},"end":{"line":1202,"column":47}}]}}},"contracts/wrapper/StaticMetadataService.sol":{"l":{"8":9,"12":1},"path":"/Volumes/Work/WorkInProgress/Popoo/popoo-pns-contracts/contracts/wrapper/StaticMetadataService.sol","s":{"1":1},"b":{},"f":{"1":9,"2":1},"fnMap":{"1":{"name":"constructor","line":7,"loc":{"start":{"line":7,"column":4},"end":{"line":9,"column":4}}},"2":{"name":"uri","line":11,"loc":{"start":{"line":11,"column":4},"end":{"line":13,"column":4}}}},"statementMap":{"1":{"start":{"line":12,"column":8},"end":{"line":12,"column":19}}},"branchMap":{}},"contracts/wrapper/test/NameGriefer.sol":{"l":{"16":3,"17":3,"18":3,"19":3,"23":1,"33":0,"34":0,"37":0,"38":0,"39":0,"40":0,"45":0,"55":0,"61":0},"path":"/Volumes/Work/WorkInProgress/Popoo/popoo-pns-contracts/contracts/wrapper/test/NameGriefer.sol","s":{"1":3,"2":3,"3":1,"4":0,"5":0,"6":0,"7":0,"8":0,"9":0,"10":0,"11":0,"12":0},"b":{"1":[0,0],"2":[0,0],"3":[0,0]},"f":{"1":3,"2":1,"3":0,"4":0,"5":0},"fnMap":{"1":{"name":"constructor","line":15,"loc":{"start":{"line":15,"column":4},"end":{"line":20,"column":4}}},"2":{"name":"destroy","line":22,"loc":{"start":{"line":22,"column":4},"end":{"line":24,"column":4}}},"3":{"name":"onERC1155Received","line":26,"loc":{"start":{"line":26,"column":4},"end":{"line":46,"column":4}}},"4":{"name":"onERC1155BatchReceived","line":48,"loc":{"start":{"line":48,"column":4},"end":{"line":56,"column":4}}},"5":{"name":"supportsInterface","line":58,"loc":{"start":{"line":58,"column":4},"end":{"line":64,"column":4}}}},"statementMap":{"1":{"start":{"line":17,"column":8},"end":{"line":17,"column":33}},"2":{"start":{"line":19,"column":8},"end":{"line":19,"column":54}},"3":{"start":{"line":23,"column":8},"end":{"line":23,"column":52}},"4":{"start":{"line":33,"column":8},"end":{"line":33,"column":64}},"5":{"start":{"line":34,"column":8},"end":{"line":34,"column":55}},"6":{"start":{"line":37,"column":8},"end":{"line":37,"column":54}},"7":{"start":{"line":38,"column":8},"end":{"line":38,"column":63}},"8":{"start":{"line":39,"column":8},"end":{"line":39,"column":50}},"9":{"start":{"line":40,"column":8},"end":{"line":40,"column":59}},"10":{"start":{"line":45,"column":8},"end":{"line":45,"column":53}},"11":{"start":{"line":55,"column":8},"end":{"line":55,"column":58}},"12":{"start":{"line":61,"column":8},"end":{"line":61,"column":1921}}},"branchMap":{"1":{"line":33,"type":"if","locations":[{"start":{"line":33,"column":8},"end":{"line":33,"column":8}},{"start":{"line":33,"column":8},"end":{"line":33,"column":8}}]},"2":{"line":34,"type":"if","locations":[{"start":{"line":34,"column":8},"end":{"line":34,"column":8}},{"start":{"line":34,"column":8},"end":{"line":34,"column":8}}]},"3":{"line":62,"type":"cond-expr","locations":[{"start":{"line":62,"column":12},"end":{"line":62,"column":36}},{"start":{"line":63,"column":12},"end":{"line":63,"column":36}}]}}},"contracts/wrapper/test/TestBytesUtils.sol":{"l":{"13":5,"20":4},"path":"/Volumes/Work/WorkInProgress/Popoo/popoo-pns-contracts/contracts/wrapper/test/TestBytesUtils.sol","s":{"1":5,"2":4},"b":{},"f":{"1":5,"2":4},"fnMap":{"1":{"name":"readLabel","line":9,"loc":{"start":{"line":9,"column":4},"end":{"line":14,"column":4}}},"2":{"name":"namehash","line":16,"loc":{"start":{"line":16,"column":4},"end":{"line":21,"column":4}}}},"statementMap":{"1":{"start":{"line":13,"column":8},"end":{"line":13,"column":37}},"2":{"start":{"line":20,"column":8},"end":{"line":20,"column":36}}},"branchMap":{}},"contracts/wrapper/test/TestNameWrapperReentrancy.sol":{"l":{"21":6,"22":6,"23":6,"24":6,"30":0,"42":0,"43":0,"45":0,"55":0,"59":0},"path":"/Volumes/Work/WorkInProgress/Popoo/popoo-pns-contracts/contracts/wrapper/test/TestNameWrapperReentrancy.sol","s":{"1":0,"2":0,"3":0,"4":0,"5":0},"b":{"1":[0,0]},"f":{"1":6,"2":0,"3":0,"4":0,"5":0},"fnMap":{"1":{"name":"constructor","line":15,"loc":{"start":{"line":15,"column":4},"end":{"line":25,"column":4}}},"2":{"name":"supportsInterface","line":27,"loc":{"start":{"line":27,"column":4},"end":{"line":33,"column":4}}},"3":{"name":"onERC1155Received","line":35,"loc":{"start":{"line":35,"column":4},"end":{"line":46,"column":4}}},"4":{"name":"onERC1155BatchReceived","line":48,"loc":{"start":{"line":48,"column":4},"end":{"line":56,"column":4}}},"5":{"name":"claimToOwner","line":58,"loc":{"start":{"line":58,"column":4},"end":{"line":60,"column":4}}}},"statementMap":{"1":{"start":{"line":30,"column":8},"end":{"line":30,"column":863}},"2":{"start":{"line":43,"column":8},"end":{"line":43,"column":55}},"3":{"start":{"line":45,"column":8},"end":{"line":45,"column":46}},"4":{"start":{"line":55,"column":8},"end":{"line":55,"column":51}},"5":{"start":{"line":59,"column":8},"end":{"line":59,"column":73}}},"branchMap":{"1":{"line":31,"type":"cond-expr","locations":[{"start":{"line":31,"column":12},"end":{"line":31,"column":60}},{"start":{"line":32,"column":12},"end":{"line":32,"column":47}}]}}}}