{"contracts/partner/mock/MockNFT.sol":{"l":{"12":7,"13":7,"14":7},"path":"/Volumes/Work/WorkInProgress/Popoo/pop-sc/pns-contracts/contracts/partner/mock/MockNFT.sol","s":{"1":7},"b":{},"f":{"1":3,"2":7},"fnMap":{"1":{"name":"constructor","line":7,"loc":{"start":{"line":7,"column":4},"end":{"line":7,"column":45}}},"2":{"name":"mint","line":11,"loc":{"start":{"line":11,"column":4},"end":{"line":15,"column":4}}}},"statementMap":{"1":{"start":{"line":13,"column":8},"end":{"line":13,"column":37}}},"branchMap":{}},"contracts/partner/PartnerNFTMinter.sol":{"l":{"46":3,"47":3,"48":3,"49":3,"61":8,"63":8,"64":1,"66":7,"67":1,"69":6,"70":1,"72":5,"77":1,"80":4,"82":4,"92":4,"93":1,"96":4,"104":4,"105":3,"110":3,"111":2,"120":14,"121":4,"122":10,"123":9,"131":1,"144":1,"145":1,"154":3,"155":3,"167":5,"173":4,"183":4,"193":0},"path":"/Volumes/Work/WorkInProgress/Popoo/pop-sc/pns-contracts/contracts/partner/PartnerNFTMinter.sol","s":{"1":8,"2":8,"3":7,"4":6,"5":5,"6":4,"7":1,"8":4,"9":4,"10":3,"11":3,"12":14,"13":10,"14":1,"15":1,"16":3,"17":3,"18":5,"19":4,"20":4,"21":0},"b":{"1":[1,7],"2":[1,6],"3":[1,5],"4":[1,4],"5":[1,3],"6":[3,1],"7":[1,2],"8":[14,1],"9":[4,10],"10":[1,2],"11":[2,1],"12":[1,9],"13":[1,1]},"f":{"1":3,"2":8,"3":3,"4":14,"5":1,"6":1,"7":3,"8":5,"9":4,"10":4,"11":0},"fnMap":{"1":{"name":"constructor","line":45,"loc":{"start":{"line":40,"column":4},"end":{"line":50,"column":4}}},"2":{"name":"register","line":52,"loc":{"start":{"line":52,"column":4},"end":{"line":107,"column":4}}},"3":{"name":"setAllowDuplication","line":109,"loc":{"start":{"line":109,"column":4},"end":{"line":112,"column":4}}},"4":{"name":"addDomain","line":119,"loc":{"start":{"line":114,"column":4},"end":{"line":128,"column":4}}},"5":{"name":"removeDomain","line":130,"loc":{"start":{"line":130,"column":4},"end":{"line":136,"column":4}}},"6":{"name":"_setRecords","line":138,"loc":{"start":{"line":138,"column":4},"end":{"line":146,"column":4}}},"7":{"name":"_setReverseRecord","line":148,"loc":{"start":{"line":148,"column":4},"end":{"line":161,"column":4}}},"8":{"name":"_makeNode","line":163,"loc":{"start":{"line":163,"column":4},"end":{"line":168,"column":4}}},"9":{"name":"supportsInterface","line":170,"loc":{"start":{"line":170,"column":4},"end":{"line":174,"column":4}}},"10":{"name":"onERC1155Received","line":176,"loc":{"start":{"line":176,"column":4},"end":{"line":184,"column":4}}},"11":{"name":"onERC1155BatchReceived","line":186,"loc":{"start":{"line":186,"column":4},"end":{"line":194,"column":4}}}},"statementMap":{"1":{"start":{"line":61,"column":8},"end":{"line":61,"column":50}},"2":{"start":{"line":63,"column":8},"end":{"line":63,"column":1938}},"3":{"start":{"line":66,"column":8},"end":{"line":66,"column":2042}},"4":{"start":{"line":69,"column":8},"end":{"line":69,"column":2147}},"5":{"start":{"line":72,"column":8},"end":{"line":72,"column":2233}},"6":{"start":{"line":92,"column":8},"end":{"line":92,"column":2709}},"7":{"start":{"line":93,"column":12},"end":{"line":93,"column":44}},"8":{"start":{"line":96,"column":8},"end":{"line":96,"column":2798}},"9":{"start":{"line":104,"column":8},"end":{"line":104,"column":2956}},"10":{"start":{"line":105,"column":12},"end":{"line":105,"column":69}},"11":{"start":{"line":110,"column":8},"end":{"line":110,"column":68}},"12":{"start":{"line":120,"column":8},"end":{"line":120,"column":3442}},"13":{"start":{"line":122,"column":8},"end":{"line":122,"column":78}},"14":{"start":{"line":144,"column":8},"end":{"line":144,"column":53}},"15":{"start":{"line":145,"column":8},"end":{"line":145,"column":54}},"16":{"start":{"line":154,"column":8},"end":{"line":154,"column":70}},"17":{"start":{"line":155,"column":8},"end":{"line":155,"column":4479}},"18":{"start":{"line":167,"column":8},"end":{"line":167,"column":59}},"19":{"start":{"line":173,"column":8},"end":{"line":173,"column":64}},"20":{"start":{"line":183,"column":8},"end":{"line":183,"column":46}},"21":{"start":{"line":193,"column":8},"end":{"line":193,"column":51}}},"branchMap":{"1":{"line":63,"type":"if","locations":[{"start":{"line":63,"column":8},"end":{"line":63,"column":8}},{"start":{"line":63,"column":8},"end":{"line":63,"column":8}}]},"2":{"line":66,"type":"if","locations":[{"start":{"line":66,"column":8},"end":{"line":66,"column":8}},{"start":{"line":66,"column":8},"end":{"line":66,"column":8}}]},"3":{"line":69,"type":"if","locations":[{"start":{"line":69,"column":8},"end":{"line":69,"column":8}},{"start":{"line":69,"column":8},"end":{"line":69,"column":8}}]},"4":{"line":72,"type":"if","locations":[{"start":{"line":72,"column":8},"end":{"line":72,"column":8}},{"start":{"line":72,"column":8},"end":{"line":72,"column":8}}]},"5":{"line":92,"type":"if","locations":[{"start":{"line":92,"column":8},"end":{"line":92,"column":8}},{"start":{"line":92,"column":8},"end":{"line":92,"column":8}}]},"6":{"line":104,"type":"if","locations":[{"start":{"line":104,"column":8},"end":{"line":104,"column":8}},{"start":{"line":104,"column":8},"end":{"line":104,"column":8}}]},"7":{"line":110,"type":"if","locations":[{"start":{"line":110,"column":8},"end":{"line":110,"column":8}},{"start":{"line":110,"column":8},"end":{"line":110,"column":8}}]},"8":{"line":119,"type":"if","locations":[{"start":{"line":119,"column":15},"end":{"line":119,"column":15}},{"start":{"line":119,"column":15},"end":{"line":119,"column":15}}]},"9":{"line":120,"type":"if","locations":[{"start":{"line":120,"column":8},"end":{"line":120,"column":8}},{"start":{"line":120,"column":8},"end":{"line":120,"column":8}}]},"10":{"line":120,"type":"cond-expr","locations":[{"start":{"line":120,"column":12},"end":{"line":120,"column":30}},{"start":{"line":120,"column":35},"end":{"line":120,"column":51}}]},"11":{"line":120,"type":"cond-expr","locations":[{"start":{"line":120,"column":12},"end":{"line":120,"column":51}},{"start":{"line":120,"column":56},"end":{"line":120,"column":73}}]},"12":{"line":122,"type":"if","locations":[{"start":{"line":122,"column":8},"end":{"line":122,"column":8}},{"start":{"line":122,"column":8},"end":{"line":122,"column":8}}]},"13":{"line":130,"type":"if","locations":[{"start":{"line":130,"column":49},"end":{"line":130,"column":49}},{"start":{"line":130,"column":49},"end":{"line":130,"column":49}}]}}},"contracts/registrar/BaseRegistrarImplementation.sol":{"l":{"48":849,"49":845,"55":16,"56":16,"60":936,"61":936,"65":518,"66":514,"78":1310,"79":1302,"84":14,"85":14,"90":0,"91":0,"96":1,"101":593,"107":563,"121":503,"135":1,"144":502,"145":500,"150":500,"151":500,"153":8,"155":500,"156":500,"157":499,"160":500,"162":500,"169":12,"170":10,"174":10,"175":10,"176":10,"183":418,"184":414,"190":0},"path":"/Volumes/Work/WorkInProgress/Popoo/pop-sc/pns-contracts/contracts/registrar/BaseRegistrarImplementation.sol","s":{"1":849,"2":845,"3":936,"4":518,"5":1310,"6":1302,"7":14,"8":0,"9":1,"10":593,"11":563,"12":503,"13":1,"14":502,"15":500,"16":500,"17":8,"18":500,"19":500,"20":499,"21":500,"22":500,"23":12,"24":10,"25":10,"26":10,"27":418,"28":414,"29":0},"b":{"1":[437,0],"2":[0,403],"3":[936,0],"4":[514,4],"5":[1302,8],"6":[14,0],"7":[0,0],"8":[1,0],"9":[504,0],"10":[502,2],"11":[500,2],"12":[500,0],"13":[8,492],"14":[499,1],"15":[14,0],"16":[12,2],"17":[10,2],"18":[10,0],"19":[418,0],"20":[414,4],"21":[0,0],"22":[0,0]},"f":{"1":849,"2":16,"3":936,"4":518,"5":1310,"6":14,"7":0,"8":1,"9":593,"10":563,"11":503,"12":1,"13":502,"14":12,"15":418,"16":0},"fnMap":{"1":{"name":"_isApprovedOrOwner","line":44,"loc":{"start":{"line":44,"column":4},"end":{"line":52,"column":4}}},"2":{"name":"constructor","line":54,"loc":{"start":{"line":54,"column":4},"end":{"line":57,"column":4}}},"3":{"name":"live","line":59,"loc":{"start":{"line":59,"column":4},"end":{"line":62,"column":4}}},"4":{"name":"onlyController","line":64,"loc":{"start":{"line":64,"column":4},"end":{"line":67,"column":4}}},"5":{"name":"ownerOf","line":75,"loc":{"start":{"line":75,"column":4},"end":{"line":80,"column":4}}},"6":{"name":"addController","line":83,"loc":{"start":{"line":83,"column":4},"end":{"line":86,"column":4}}},"7":{"name":"removeController","line":89,"loc":{"start":{"line":89,"column":4},"end":{"line":92,"column":4}}},"8":{"name":"setResolver","line":95,"loc":{"start":{"line":95,"column":4},"end":{"line":97,"column":4}}},"9":{"name":"nameExpires","line":100,"loc":{"start":{"line":100,"column":4},"end":{"line":102,"column":4}}},"10":{"name":"available","line":105,"loc":{"start":{"line":105,"column":4},"end":{"line":108,"column":4}}},"11":{"name":"register","line":116,"loc":{"start":{"line":116,"column":4},"end":{"line":122,"column":4}}},"12":{"name":"registerOnly","line":130,"loc":{"start":{"line":130,"column":4},"end":{"line":136,"column":4}}},"13":{"name":"_register","line":143,"loc":{"start":{"line":138,"column":4},"end":{"line":163,"column":4}}},"14":{"name":"renew","line":168,"loc":{"start":{"line":165,"column":4},"end":{"line":177,"column":4}}},"15":{"name":"reclaim","line":182,"loc":{"start":{"line":182,"column":4},"end":{"line":185,"column":4}}},"16":{"name":"supportsInterface","line":187,"loc":{"start":{"line":187,"column":4},"end":{"line":194,"column":4}}}},"statementMap":{"1":{"start":{"line":48,"column":8},"end":{"line":48,"column":40}},"2":{"start":{"line":49,"column":8},"end":{"line":49,"column":2317}},"3":{"start":{"line":60,"column":8},"end":{"line":60,"column":52}},"4":{"start":{"line":65,"column":8},"end":{"line":65,"column":39}},"5":{"start":{"line":78,"column":8},"end":{"line":78,"column":51}},"6":{"start":{"line":79,"column":8},"end":{"line":79,"column":37}},"7":{"start":{"line":85,"column":8},"end":{"line":85,"column":40}},"8":{"start":{"line":91,"column":8},"end":{"line":91,"column":42}},"9":{"start":{"line":96,"column":8},"end":{"line":96,"column":42}},"10":{"start":{"line":101,"column":8},"end":{"line":101,"column":27}},"11":{"start":{"line":107,"column":8},"end":{"line":107,"column":60}},"12":{"start":{"line":121,"column":8},"end":{"line":121,"column":51}},"13":{"start":{"line":135,"column":8},"end":{"line":135,"column":52}},"14":{"start":{"line":144,"column":8},"end":{"line":144,"column":29}},"15":{"start":{"line":145,"column":8},"end":{"line":145,"column":5411}},"16":{"start":{"line":151,"column":8},"end":{"line":151,"column":5621}},"17":{"start":{"line":153,"column":12},"end":{"line":153,"column":20}},"18":{"start":{"line":155,"column":8},"end":{"line":155,"column":23}},"19":{"start":{"line":156,"column":8},"end":{"line":156,"column":5761}},"20":{"start":{"line":157,"column":12},"end":{"line":157,"column":60}},"21":{"start":{"line":160,"column":8},"end":{"line":160,"column":66}},"22":{"start":{"line":162,"column":8},"end":{"line":162,"column":41}},"23":{"start":{"line":169,"column":8},"end":{"line":169,"column":62}},"24":{"start":{"line":170,"column":8},"end":{"line":170,"column":6229}},"25":{"start":{"line":175,"column":8},"end":{"line":175,"column":42}},"26":{"start":{"line":176,"column":8},"end":{"line":176,"column":27}},"27":{"start":{"line":183,"column":8},"end":{"line":183,"column":50}},"28":{"start":{"line":184,"column":8},"end":{"line":184,"column":56}},"29":{"start":{"line":190,"column":8},"end":{"line":190,"column":6913}}},"branchMap":{"1":{"line":49,"type":"cond-expr","locations":[{"start":{"line":49,"column":16},"end":{"line":49,"column":31}},{"start":{"line":50,"column":12},"end":{"line":50,"column":42}}]},"2":{"line":49,"type":"cond-expr","locations":[{"start":{"line":49,"column":16},"end":{"line":50,"column":42}},{"start":{"line":51,"column":12},"end":{"line":51,"column":43}}]},"3":{"line":60,"type":"if","locations":[{"start":{"line":60,"column":8},"end":{"line":60,"column":8}},{"start":{"line":60,"column":8},"end":{"line":60,"column":8}}]},"4":{"line":65,"type":"if","locations":[{"start":{"line":65,"column":8},"end":{"line":65,"column":8}},{"start":{"line":65,"column":8},"end":{"line":65,"column":8}}]},"5":{"line":78,"type":"if","locations":[{"start":{"line":78,"column":8},"end":{"line":78,"column":8}},{"start":{"line":78,"column":8},"end":{"line":78,"column":8}}]},"6":{"line":83,"type":"if","locations":[{"start":{"line":83,"column":65},"end":{"line":83,"column":65}},{"start":{"line":83,"column":65},"end":{"line":83,"column":65}}]},"7":{"line":89,"type":"if","locations":[{"start":{"line":89,"column":68},"end":{"line":89,"column":68}},{"start":{"line":89,"column":68},"end":{"line":89,"column":68}}]},"8":{"line":95,"type":"if","locations":[{"start":{"line":95,"column":61},"end":{"line":95,"column":61}},{"start":{"line":95,"column":61},"end":{"line":95,"column":61}}]},"9":{"line":143,"type":"if","locations":[{"start":{"line":143,"column":15},"end":{"line":143,"column":15}},{"start":{"line":143,"column":15},"end":{"line":143,"column":15}}]},"10":{"line":143,"type":"if","locations":[{"start":{"line":143,"column":20},"end":{"line":143,"column":20}},{"start":{"line":143,"column":20},"end":{"line":143,"column":20}}]},"11":{"line":144,"type":"if","locations":[{"start":{"line":144,"column":8},"end":{"line":144,"column":8}},{"start":{"line":144,"column":8},"end":{"line":144,"column":8}}]},"12":{"line":145,"type":"if","locations":[{"start":{"line":145,"column":8},"end":{"line":145,"column":8}},{"start":{"line":145,"column":8},"end":{"line":145,"column":8}}]},"13":{"line":151,"type":"if","locations":[{"start":{"line":151,"column":8},"end":{"line":151,"column":8}},{"start":{"line":151,"column":8},"end":{"line":151,"column":8}}]},"14":{"line":156,"type":"if","locations":[{"start":{"line":156,"column":8},"end":{"line":156,"column":8}},{"start":{"line":156,"column":8},"end":{"line":156,"column":8}}]},"15":{"line":168,"type":"if","locations":[{"start":{"line":168,"column":24},"end":{"line":168,"column":24}},{"start":{"line":168,"column":24},"end":{"line":168,"column":24}}]},"16":{"line":168,"type":"if","locations":[{"start":{"line":168,"column":29},"end":{"line":168,"column":29}},{"start":{"line":168,"column":29},"end":{"line":168,"column":29}}]},"17":{"line":169,"type":"if","locations":[{"start":{"line":169,"column":8},"end":{"line":169,"column":8}},{"start":{"line":169,"column":8},"end":{"line":169,"column":8}}]},"18":{"line":170,"type":"if","locations":[{"start":{"line":170,"column":8},"end":{"line":170,"column":8}},{"start":{"line":170,"column":8},"end":{"line":170,"column":8}}]},"19":{"line":182,"type":"if","locations":[{"start":{"line":182,"column":66},"end":{"line":182,"column":66}},{"start":{"line":182,"column":66},"end":{"line":182,"column":66}}]},"20":{"line":183,"type":"if","locations":[{"start":{"line":183,"column":8},"end":{"line":183,"column":8}},{"start":{"line":183,"column":8},"end":{"line":183,"column":8}}]},"21":{"line":191,"type":"cond-expr","locations":[{"start":{"line":191,"column":12},"end":{"line":191,"column":43}},{"start":{"line":192,"column":12},"end":{"line":192,"column":35}}]},"22":{"line":191,"type":"cond-expr","locations":[{"start":{"line":191,"column":12},"end":{"line":192,"column":35}},{"start":{"line":193,"column":12},"end":{"line":193,"column":36}}]}}},"contracts/registrar/IBaseRegistrar.sol":{"l":{},"path":"/Volumes/Work/WorkInProgress/Popoo/pop-sc/pns-contracts/contracts/registrar/IBaseRegistrar.sol","s":{},"b":{},"f":{},"fnMap":{},"statementMap":{},"branchMap":{}},"contracts/registrar/IBatchRegistrarController.sol":{"l":{},"path":"/Volumes/Work/WorkInProgress/Popoo/pop-sc/pns-contracts/contracts/registrar/IBatchRegistrarController.sol","s":{},"b":{},"f":{},"fnMap":{},"statementMap":{},"branchMap":{}},"contracts/registrar/IRegistrarController.sol":{"l":{},"path":"/Volumes/Work/WorkInProgress/Popoo/pop-sc/pns-contracts/contracts/registrar/IRegistrarController.sol","s":{},"b":{},"f":{},"fnMap":{},"statementMap":{},"branchMap":{}},"contracts/registrar/RegistrarController.sol":{"l":{"68":6,"69":6,"70":6,"71":6,"80":65,"84":72,"88":59,"89":59,"101":58,"102":58,"103":1,"106":57,"107":1,"110":56,"111":0,"114":56,"115":1,"118":55,"126":55,"127":33,"130":50,"131":30,"134":50,"142":50,"143":50,"151":4,"152":4,"153":4,"154":4,"155":1,"157":3,"159":3,"160":0,"163":3,"167":1,"171":0,"177":0,"190":33,"191":33,"192":33,"200":30},"path":"/Volumes/Work/WorkInProgress/Popoo/pop-sc/pns-contracts/contracts/registrar/RegistrarController.sol","s":{"1":72,"2":59,"3":59,"4":58,"5":58,"6":57,"7":56,"8":56,"9":55,"10":55,"11":33,"12":50,"13":30,"14":50,"15":50,"16":50,"17":4,"18":4,"19":4,"20":4,"21":3,"22":3,"23":0,"24":3,"25":1,"26":0,"27":33,"28":33,"29":33,"30":30},"b":{"1":[1,57],"2":[1,56],"3":[0,56],"4":[1,55],"5":[33,22],"6":[30,20],"7":[50,0],"8":[1,3],"9":[0,3],"10":[0,0],"11":[0,0]},"f":{"1":6,"2":65,"3":72,"4":59,"5":58,"6":4,"7":1,"8":0,"9":0,"10":33,"11":30},"fnMap":{"1":{"name":"constructor","line":67,"loc":{"start":{"line":61,"column":4},"end":{"line":72,"column":4}}},"2":{"name":"rentPrice","line":74,"loc":{"start":{"line":74,"column":4},"end":{"line":81,"column":4}}},"3":{"name":"valid","line":83,"loc":{"start":{"line":83,"column":4},"end":{"line":85,"column":4}}},"4":{"name":"available","line":87,"loc":{"start":{"line":87,"column":4},"end":{"line":90,"column":4}}},"5":{"name":"register","line":92,"loc":{"start":{"line":92,"column":4},"end":{"line":145,"column":4}}},"6":{"name":"renew","line":147,"loc":{"start":{"line":147,"column":4},"end":{"line":164,"column":4}}},"7":{"name":"withdraw","line":166,"loc":{"start":{"line":166,"column":4},"end":{"line":168,"column":4}}},"8":{"name":"setBasePrice","line":170,"loc":{"start":{"line":170,"column":4},"end":{"line":172,"column":4}}},"9":{"name":"supportsInterface","line":174,"loc":{"start":{"line":174,"column":4},"end":{"line":180,"column":4}}},"10":{"name":"_setRecords","line":184,"loc":{"start":{"line":184,"column":4},"end":{"line":193,"column":4}}},"11":{"name":"_setReverseRecord","line":195,"loc":{"start":{"line":195,"column":4},"end":{"line":206,"column":4}}}},"statementMap":{"1":{"start":{"line":84,"column":8},"end":{"line":84,"column":33}},"2":{"start":{"line":88,"column":8},"end":{"line":88,"column":46}},"3":{"start":{"line":89,"column":8},"end":{"line":89,"column":60}},"4":{"start":{"line":101,"column":8},"end":{"line":101,"column":49}},"5":{"start":{"line":102,"column":8},"end":{"line":102,"column":3275}},"6":{"start":{"line":106,"column":8},"end":{"line":106,"column":3359}},"7":{"start":{"line":110,"column":8},"end":{"line":110,"column":3445}},"8":{"start":{"line":114,"column":8},"end":{"line":114,"column":3555}},"9":{"start":{"line":118,"column":8},"end":{"line":118,"column":3679}},"10":{"start":{"line":126,"column":8},"end":{"line":126,"column":3865}},"11":{"start":{"line":127,"column":12},"end":{"line":127,"column":62}},"12":{"start":{"line":130,"column":8},"end":{"line":130,"column":3972}},"13":{"start":{"line":131,"column":12},"end":{"line":131,"column":56}},"14":{"start":{"line":134,"column":8},"end":{"line":134,"column":4072}},"15":{"start":{"line":142,"column":8},"end":{"line":142,"column":4224}},"16":{"start":{"line":143,"column":12},"end":{"line":143,"column":60}},"17":{"start":{"line":151,"column":8},"end":{"line":151,"column":50}},"18":{"start":{"line":152,"column":8},"end":{"line":152,"column":44}},"19":{"start":{"line":153,"column":8},"end":{"line":153,"column":49}},"20":{"start":{"line":154,"column":8},"end":{"line":154,"column":4597}},"21":{"start":{"line":157,"column":8},"end":{"line":157,"column":62}},"22":{"start":{"line":159,"column":8},"end":{"line":159,"column":4745}},"23":{"start":{"line":160,"column":12},"end":{"line":160,"column":58}},"24":{"start":{"line":163,"column":8},"end":{"line":163,"column":61}},"25":{"start":{"line":167,"column":8},"end":{"line":167,"column":55}},"26":{"start":{"line":177,"column":8},"end":{"line":177,"column":5264}},"27":{"start":{"line":190,"column":8},"end":{"line":190,"column":71}},"28":{"start":{"line":191,"column":8},"end":{"line":191,"column":53}},"29":{"start":{"line":192,"column":8},"end":{"line":192,"column":54}},"30":{"start":{"line":200,"column":8},"end":{"line":200,"column":5867}}},"branchMap":{"1":{"line":102,"type":"if","locations":[{"start":{"line":102,"column":8},"end":{"line":102,"column":8}},{"start":{"line":102,"column":8},"end":{"line":102,"column":8}}]},"2":{"line":106,"type":"if","locations":[{"start":{"line":106,"column":8},"end":{"line":106,"column":8}},{"start":{"line":106,"column":8},"end":{"line":106,"column":8}}]},"3":{"line":110,"type":"if","locations":[{"start":{"line":110,"column":8},"end":{"line":110,"column":8}},{"start":{"line":110,"column":8},"end":{"line":110,"column":8}}]},"4":{"line":114,"type":"if","locations":[{"start":{"line":114,"column":8},"end":{"line":114,"column":8}},{"start":{"line":114,"column":8},"end":{"line":114,"column":8}}]},"5":{"line":126,"type":"if","locations":[{"start":{"line":126,"column":8},"end":{"line":126,"column":8}},{"start":{"line":126,"column":8},"end":{"line":126,"column":8}}]},"6":{"line":130,"type":"if","locations":[{"start":{"line":130,"column":8},"end":{"line":130,"column":8}},{"start":{"line":130,"column":8},"end":{"line":130,"column":8}}]},"7":{"line":142,"type":"if","locations":[{"start":{"line":142,"column":8},"end":{"line":142,"column":8}},{"start":{"line":142,"column":8},"end":{"line":142,"column":8}}]},"8":{"line":154,"type":"if","locations":[{"start":{"line":154,"column":8},"end":{"line":154,"column":8}},{"start":{"line":154,"column":8},"end":{"line":154,"column":8}}]},"9":{"line":159,"type":"if","locations":[{"start":{"line":159,"column":8},"end":{"line":159,"column":8}},{"start":{"line":159,"column":8},"end":{"line":159,"column":8}}]},"10":{"line":170,"type":"if","locations":[{"start":{"line":170,"column":46},"end":{"line":170,"column":46}},{"start":{"line":170,"column":46},"end":{"line":170,"column":46}}]},"11":{"line":178,"type":"cond-expr","locations":[{"start":{"line":178,"column":12},"end":{"line":178,"column":51}},{"start":{"line":179,"column":12},"end":{"line":179,"column":64}}]}}},"contracts/registrar/StringUtils.sol":{"l":{"11":72,"12":72,"13":72,"14":72,"15":509,"16":509,"17":499,"19":0,"21":5,"23":5,"25":0,"27":0,"30":72,"35":0,"36":0,"37":0,"38":0,"40":0},"path":"/Volumes/Work/WorkInProgress/Popoo/pop-sc/pns-contracts/contracts/registrar/StringUtils.sol","s":{"1":72,"2":72,"3":72,"4":72,"5":509,"6":509,"7":10,"8":10,"9":5,"10":0,"11":72,"12":0,"13":0,"14":0,"15":0},"b":{"1":[499,10],"2":[0,10],"3":[5,5],"4":[5,0],"5":[0,0]},"f":{"1":72,"2":0},"fnMap":{"1":{"name":"strlen","line":10,"loc":{"start":{"line":10,"column":4},"end":{"line":31,"column":4}}},"2":{"name":"substring","line":34,"loc":{"start":{"line":34,"column":4},"end":{"line":41,"column":4}}}},"statementMap":{"1":{"start":{"line":11,"column":8},"end":{"line":11,"column":16}},"2":{"start":{"line":12,"column":8},"end":{"line":12,"column":18}},"3":{"start":{"line":13,"column":8},"end":{"line":13,"column":41}},"4":{"start":{"line":14,"column":8},"end":{"line":14,"column":384}},"5":{"start":{"line":15,"column":12},"end":{"line":15,"column":34}},"6":{"start":{"line":16,"column":12},"end":{"line":16,"column":475}},"7":{"start":{"line":18,"column":19},"end":{"line":18,"column":534}},"8":{"start":{"line":20,"column":19},"end":{"line":20,"column":593}},"9":{"start":{"line":22,"column":19},"end":{"line":22,"column":652}},"10":{"start":{"line":24,"column":19},"end":{"line":24,"column":711}},"11":{"start":{"line":30,"column":8},"end":{"line":30,"column":18}},"12":{"start":{"line":35,"column":8},"end":{"line":35,"column":40}},"13":{"start":{"line":36,"column":8},"end":{"line":36,"column":62}},"14":{"start":{"line":37,"column":8},"end":{"line":37,"column":1070}},"15":{"start":{"line":40,"column":8},"end":{"line":40,"column":29}}},"branchMap":{"1":{"line":16,"type":"if","locations":[{"start":{"line":16,"column":12},"end":{"line":16,"column":12}},{"start":{"line":16,"column":12},"end":{"line":16,"column":12}}]},"2":{"line":18,"type":"if","locations":[{"start":{"line":18,"column":19},"end":{"line":18,"column":19}},{"start":{"line":18,"column":19},"end":{"line":18,"column":19}}]},"3":{"line":20,"type":"if","locations":[{"start":{"line":20,"column":19},"end":{"line":20,"column":19}},{"start":{"line":20,"column":19},"end":{"line":20,"column":19}}]},"4":{"line":22,"type":"if","locations":[{"start":{"line":22,"column":19},"end":{"line":22,"column":19}},{"start":{"line":22,"column":19},"end":{"line":22,"column":19}}]},"5":{"line":24,"type":"if","locations":[{"start":{"line":24,"column":19},"end":{"line":24,"column":19}},{"start":{"line":24,"column":19},"end":{"line":24,"column":19}}]}}},"contracts/registrar/TokenURIBuilder.sol":{"l":{},"path":"/Volumes/Work/WorkInProgress/Popoo/pop-sc/pns-contracts/contracts/registrar/TokenURIBuilder.sol","s":{},"b":{},"f":{},"fnMap":{},"statementMap":{},"branchMap":{}},"contracts/registry/PNS.sol":{"l":{},"path":"/Volumes/Work/WorkInProgress/Popoo/pop-sc/pns-contracts/contracts/registry/PNS.sol","s":{},"b":{},"f":{},"fnMap":{},"statementMap":{},"branchMap":{}},"contracts/registry/PNSRegistry.sol":{"l":{"21":1901,"22":1901,"23":1890,"30":137,"41":7,"42":7,"54":251,"55":251,"64":92,"65":92,"75":1745,"76":1745,"77":1745,"78":1745,"87":48,"88":48,"97":5,"98":5,"108":89,"109":89,"118":1813,"119":1813,"120":0,"123":1813,"132":21,"141":8,"150":0,"160":27,"164":1837,"168":258,"169":95,"170":95,"173":258,"174":12,"175":12},"path":"/Volumes/Work/WorkInProgress/Popoo/pop-sc/pns-contracts/contracts/registry/PNSRegistry.sol","s":{"1":1901,"2":1901,"3":7,"4":7,"5":251,"6":251,"7":92,"8":92,"9":1745,"10":1745,"11":1745,"12":1745,"13":48,"14":5,"15":89,"16":1813,"17":1813,"18":0,"19":1813,"20":21,"21":8,"22":0,"23":27,"24":258,"25":95,"26":258,"27":12},"b":{"1":[1890,11],"2":[1859,31],"3":[92,3],"4":[1745,4],"5":[48,2],"6":[5,2],"7":[0,1813],"8":[95,163],"9":[12,246]},"f":{"1":1901,"2":137,"3":7,"4":251,"5":92,"6":1745,"7":48,"8":5,"9":89,"10":1813,"11":21,"12":8,"13":0,"14":27,"15":1837,"16":258},"fnMap":{"1":{"name":"authorised","line":20,"loc":{"start":{"line":20,"column":4},"end":{"line":24,"column":4}}},"2":{"name":"constructor","line":29,"loc":{"start":{"line":29,"column":4},"end":{"line":31,"column":4}}},"3":{"name":"setRecord","line":40,"loc":{"start":{"line":40,"column":4},"end":{"line":43,"column":4}}},"4":{"name":"setSubnodeRecord","line":53,"loc":{"start":{"line":53,"column":4},"end":{"line":56,"column":4}}},"5":{"name":"setOwner","line":63,"loc":{"start":{"line":63,"column":4},"end":{"line":66,"column":4}}},"6":{"name":"setSubnodeOwner","line":74,"loc":{"start":{"line":74,"column":4},"end":{"line":79,"column":4}}},"7":{"name":"setResolver","line":86,"loc":{"start":{"line":86,"column":4},"end":{"line":89,"column":4}}},"8":{"name":"setTTL","line":96,"loc":{"start":{"line":96,"column":4},"end":{"line":99,"column":4}}},"9":{"name":"setApprovalForAll","line":107,"loc":{"start":{"line":107,"column":4},"end":{"line":110,"column":4}}},"10":{"name":"owner","line":117,"loc":{"start":{"line":117,"column":4},"end":{"line":124,"column":4}}},"11":{"name":"resolver","line":131,"loc":{"start":{"line":131,"column":4},"end":{"line":133,"column":4}}},"12":{"name":"ttl","line":140,"loc":{"start":{"line":140,"column":4},"end":{"line":142,"column":4}}},"13":{"name":"recordExists","line":149,"loc":{"start":{"line":149,"column":4},"end":{"line":151,"column":4}}},"14":{"name":"isApprovedForAll","line":159,"loc":{"start":{"line":159,"column":4},"end":{"line":161,"column":4}}},"15":{"name":"_setOwner","line":163,"loc":{"start":{"line":163,"column":4},"end":{"line":165,"column":4}}},"16":{"name":"_setResolverAndTTL","line":167,"loc":{"start":{"line":167,"column":4},"end":{"line":177,"column":4}}}},"statementMap":{"1":{"start":{"line":21,"column":8},"end":{"line":21,"column":43}},"2":{"start":{"line":22,"column":8},"end":{"line":22,"column":67}},"3":{"start":{"line":41,"column":8},"end":{"line":41,"column":28}},"4":{"start":{"line":42,"column":8},"end":{"line":42,"column":46}},"5":{"start":{"line":54,"column":8},"end":{"line":54,"column":61}},"6":{"start":{"line":55,"column":8},"end":{"line":55,"column":49}},"7":{"start":{"line":64,"column":8},"end":{"line":64,"column":29}},"8":{"start":{"line":65,"column":8},"end":{"line":65,"column":34}},"9":{"start":{"line":75,"column":8},"end":{"line":75,"column":66}},"10":{"start":{"line":76,"column":8},"end":{"line":76,"column":32}},"11":{"start":{"line":77,"column":8},"end":{"line":77,"column":41}},"12":{"start":{"line":78,"column":8},"end":{"line":78,"column":22}},"13":{"start":{"line":87,"column":8},"end":{"line":87,"column":40}},"14":{"start":{"line":97,"column":8},"end":{"line":97,"column":30}},"15":{"start":{"line":109,"column":8},"end":{"line":109,"column":59}},"16":{"start":{"line":118,"column":8},"end":{"line":118,"column":42}},"17":{"start":{"line":119,"column":8},"end":{"line":119,"column":4198}},"18":{"start":{"line":120,"column":12},"end":{"line":120,"column":31}},"19":{"start":{"line":123,"column":8},"end":{"line":123,"column":19}},"20":{"start":{"line":132,"column":8},"end":{"line":132,"column":37}},"21":{"start":{"line":141,"column":8},"end":{"line":141,"column":32}},"22":{"start":{"line":150,"column":8},"end":{"line":150,"column":50}},"23":{"start":{"line":160,"column":8},"end":{"line":160,"column":41}},"24":{"start":{"line":168,"column":8},"end":{"line":168,"column":5866}},"25":{"start":{"line":170,"column":12},"end":{"line":170,"column":44}},"26":{"start":{"line":173,"column":8},"end":{"line":173,"column":6020}},"27":{"start":{"line":175,"column":12},"end":{"line":175,"column":34}}},"branchMap":{"1":{"line":22,"type":"if","locations":[{"start":{"line":22,"column":8},"end":{"line":22,"column":8}},{"start":{"line":22,"column":8},"end":{"line":22,"column":8}}]},"2":{"line":22,"type":"cond-expr","locations":[{"start":{"line":22,"column":16},"end":{"line":22,"column":34}},{"start":{"line":22,"column":39},"end":{"line":22,"column":66}}]},"3":{"line":63,"type":"if","locations":[{"start":{"line":63,"column":75},"end":{"line":63,"column":75}},{"start":{"line":63,"column":75},"end":{"line":63,"column":75}}]},"4":{"line":74,"type":"if","locations":[{"start":{"line":74,"column":97},"end":{"line":74,"column":97}},{"start":{"line":74,"column":97},"end":{"line":74,"column":97}}]},"5":{"line":86,"type":"if","locations":[{"start":{"line":86,"column":81},"end":{"line":86,"column":81}},{"start":{"line":86,"column":81},"end":{"line":86,"column":81}}]},"6":{"line":96,"type":"if","locations":[{"start":{"line":96,"column":70},"end":{"line":96,"column":70}},{"start":{"line":96,"column":70},"end":{"line":96,"column":70}}]},"7":{"line":119,"type":"if","locations":[{"start":{"line":119,"column":8},"end":{"line":119,"column":8}},{"start":{"line":119,"column":8},"end":{"line":119,"column":8}}]},"8":{"line":168,"type":"if","locations":[{"start":{"line":168,"column":8},"end":{"line":168,"column":8}},{"start":{"line":168,"column":8},"end":{"line":168,"column":8}}]},"9":{"line":173,"type":"if","locations":[{"start":{"line":173,"column":8},"end":{"line":173,"column":8}},{"start":{"line":173,"column":8},"end":{"line":173,"column":8}}]}}},"contracts/registry/TestRegistrar.sol":{"l":{"22":3,"23":3,"32":6,"34":4,"35":4},"path":"/Volumes/Work/WorkInProgress/Popoo/pop-sc/pns-contracts/contracts/registry/TestRegistrar.sol","s":{"1":6,"2":4},"b":{"1":[4,2]},"f":{"1":3,"2":6},"fnMap":{"1":{"name":"constructor","line":21,"loc":{"start":{"line":21,"column":4},"end":{"line":24,"column":4}}},"2":{"name":"register","line":31,"loc":{"start":{"line":31,"column":4},"end":{"line":36,"column":4}}}},"statementMap":{"1":{"start":{"line":32,"column":8},"end":{"line":32,"column":52}},"2":{"start":{"line":35,"column":8},"end":{"line":35,"column":50}}},"branchMap":{"1":{"line":32,"type":"if","locations":[{"start":{"line":32,"column":8},"end":{"line":32,"column":8}},{"start":{"line":32,"column":8},"end":{"line":32,"column":8}}]}}},"contracts/resolvers/IMulticallable.sol":{"l":{},"path":"/Volumes/Work/WorkInProgress/Popoo/pop-sc/pns-contracts/contracts/resolvers/IMulticallable.sol","s":{},"b":{},"f":{},"fnMap":{},"statementMap":{},"branchMap":{}},"contracts/resolvers/mocks/DummyNameWrapper.sol":{"l":{"8":2},"path":"/Volumes/Work/WorkInProgress/Popoo/pop-sc/pns-contracts/contracts/resolvers/mocks/DummyNameWrapper.sol","s":{"1":2},"b":{},"f":{"1":2},"fnMap":{"1":{"name":"ownerOf","line":7,"loc":{"start":{"line":7,"column":4},"end":{"line":9,"column":4}}}},"statementMap":{"1":{"start":{"line":8,"column":8},"end":{"line":8,"column":24}}},"branchMap":{}},"contracts/resolvers/Multicallable.sol":{"l":{"12":33,"13":33,"14":38,"15":34,"16":34,"21":36,"24":36,"25":36,"27":31,"37":31,"43":2,"49":3},"path":"/Volumes/Work/WorkInProgress/Popoo/pop-sc/pns-contracts/contracts/resolvers/Multicallable.sol","s":{"1":33,"2":38,"3":34,"4":34,"5":36,"6":36,"7":31,"8":31,"9":2,"10":3},"b":{"1":[34,4],"2":[32,2],"3":[36,0],"4":[0,2]},"f":{"1":33,"2":31,"3":2,"4":3},"fnMap":{"1":{"name":"_multicall","line":8,"loc":{"start":{"line":8,"column":4},"end":{"line":28,"column":4}}},"2":{"name":"multicallWithNodeCheck","line":33,"loc":{"start":{"line":33,"column":4},"end":{"line":38,"column":4}}},"3":{"name":"multicall","line":40,"loc":{"start":{"line":40,"column":4},"end":{"line":44,"column":4}}},"4":{"name":"supportsInterface","line":46,"loc":{"start":{"line":46,"column":4},"end":{"line":52,"column":4}}}},"statementMap":{"1":{"start":{"line":13,"column":8},"end":{"line":13,"column":406}},"2":{"start":{"line":14,"column":12},"end":{"line":14,"column":466}},"3":{"start":{"line":15,"column":16},"end":{"line":15,"column":59}},"4":{"start":{"line":16,"column":16},"end":{"line":16,"column":577}},"5":{"start":{"line":21,"column":12},"end":{"line":21,"column":747}},"6":{"start":{"line":24,"column":12},"end":{"line":24,"column":27}},"7":{"start":{"line":27,"column":8},"end":{"line":27,"column":22}},"8":{"start":{"line":37,"column":8},"end":{"line":37,"column":41}},"9":{"start":{"line":43,"column":8},"end":{"line":43,"column":43}},"10":{"start":{"line":49,"column":8},"end":{"line":49,"column":1656}}},"branchMap":{"1":{"line":14,"type":"if","locations":[{"start":{"line":14,"column":12},"end":{"line":14,"column":12}},{"start":{"line":14,"column":12},"end":{"line":14,"column":12}}]},"2":{"line":16,"type":"if","locations":[{"start":{"line":16,"column":16},"end":{"line":16,"column":16}},{"start":{"line":16,"column":16},"end":{"line":16,"column":16}}]},"3":{"line":24,"type":"if","locations":[{"start":{"line":24,"column":12},"end":{"line":24,"column":12}},{"start":{"line":24,"column":12},"end":{"line":24,"column":12}}]},"4":{"line":50,"type":"cond-expr","locations":[{"start":{"line":50,"column":12},"end":{"line":50,"column":58}},{"start":{"line":51,"column":12},"end":{"line":51,"column":47}}]}}},"contracts/resolvers/profiles/ABIResolver.sol":{"l":{"24":8,"26":6,"27":6,"42":8,"46":8,"51":104,"55":5,"59":3,"65":4},"path":"/Volumes/Work/WorkInProgress/Popoo/pop-sc/pns-contracts/contracts/resolvers/profiles/ABIResolver.sol","s":{"1":8,"2":6,"3":8,"4":8,"5":104,"6":5,"7":3,"8":4},"b":{"1":[8,2],"2":[6,2],"3":[5,99],"4":[1,2]},"f":{"1":8,"2":8,"3":4},"fnMap":{"1":{"name":"setABI","line":22,"loc":{"start":{"line":18,"column":4},"end":{"line":28,"column":4}}},"2":{"name":"ABI","line":38,"loc":{"start":{"line":38,"column":4},"end":{"line":60,"column":4}}},"3":{"name":"supportsInterface","line":62,"loc":{"start":{"line":62,"column":4},"end":{"line":68,"column":4}}}},"statementMap":{"1":{"start":{"line":24,"column":8},"end":{"line":24,"column":54}},"2":{"start":{"line":27,"column":8},"end":{"line":27,"column":42}},"3":{"start":{"line":42,"column":8},"end":{"line":42,"column":1413}},"4":{"start":{"line":46,"column":8},"end":{"line":46,"column":1526}},"5":{"start":{"line":51,"column":12},"end":{"line":51,"column":1668}},"6":{"start":{"line":55,"column":16},"end":{"line":55,"column":57}},"7":{"start":{"line":59,"column":8},"end":{"line":59,"column":29}},"8":{"start":{"line":65,"column":8},"end":{"line":65,"column":2066}}},"branchMap":{"1":{"line":22,"type":"if","locations":[{"start":{"line":22,"column":23},"end":{"line":22,"column":23}},{"start":{"line":22,"column":23},"end":{"line":22,"column":23}}]},"2":{"line":24,"type":"if","locations":[{"start":{"line":24,"column":8},"end":{"line":24,"column":8}},{"start":{"line":24,"column":8},"end":{"line":24,"column":8}}]},"3":{"line":51,"type":"if","locations":[{"start":{"line":51,"column":12},"end":{"line":51,"column":12}},{"start":{"line":51,"column":12},"end":{"line":51,"column":12}}]},"4":{"line":66,"type":"cond-expr","locations":[{"start":{"line":66,"column":12},"end":{"line":66,"column":56}},{"start":{"line":67,"column":12},"end":{"line":67,"column":47}}]}}},"contracts/resolvers/profiles/AddrResolver.sol":{"l":{"27":58,"38":33,"39":33,"40":7,"42":26,"50":62,"51":62,"52":60,"54":62,"61":37,"67":7,"76":86,"77":86,"83":58,"84":58},"path":"/Volumes/Work/WorkInProgress/Popoo/pop-sc/pns-contracts/contracts/resolvers/profiles/AddrResolver.sol","s":{"1":58,"2":33,"3":33,"4":7,"5":26,"6":62,"7":62,"8":60,"9":37,"10":7,"11":86},"b":{"1":[58,22],"2":[7,26],"3":[62,0],"4":[60,2],"5":[2,1],"6":[1,3],"7":[86,0]},"f":{"1":58,"2":33,"3":62,"4":37,"5":7,"6":86,"7":58},"fnMap":{"1":{"name":"setAddr","line":26,"loc":{"start":{"line":23,"column":4},"end":{"line":28,"column":4}}},"2":{"name":"addr","line":35,"loc":{"start":{"line":35,"column":4},"end":{"line":43,"column":4}}},"3":{"name":"setAddr","line":49,"loc":{"start":{"line":45,"column":4},"end":{"line":55,"column":4}}},"4":{"name":"addr","line":57,"loc":{"start":{"line":57,"column":4},"end":{"line":62,"column":4}}},"5":{"name":"supportsInterface","line":64,"loc":{"start":{"line":64,"column":4},"end":{"line":71,"column":4}}},"6":{"name":"bytesToAddress","line":73,"loc":{"start":{"line":73,"column":4},"end":{"line":80,"column":4}}},"7":{"name":"addressToBytes","line":82,"loc":{"start":{"line":82,"column":4},"end":{"line":87,"column":4}}}},"statementMap":{"1":{"start":{"line":27,"column":8},"end":{"line":27,"column":54}},"2":{"start":{"line":38,"column":8},"end":{"line":38,"column":50}},"3":{"start":{"line":39,"column":8},"end":{"line":39,"column":1099}},"4":{"start":{"line":40,"column":12},"end":{"line":40,"column":29}},"5":{"start":{"line":42,"column":8},"end":{"line":42,"column":32}},"6":{"start":{"line":50,"column":8},"end":{"line":50,"column":46}},"7":{"start":{"line":51,"column":8},"end":{"line":51,"column":1391}},"8":{"start":{"line":52,"column":12},"end":{"line":52,"column":53}},"9":{"start":{"line":61,"column":8},"end":{"line":61,"column":74}},"10":{"start":{"line":67,"column":8},"end":{"line":67,"column":1937}},"11":{"start":{"line":76,"column":8},"end":{"line":76,"column":30}}},"branchMap":{"1":{"line":26,"type":"if","locations":[{"start":{"line":26,"column":23},"end":{"line":26,"column":23}},{"start":{"line":26,"column":23},"end":{"line":26,"column":23}}]},"2":{"line":39,"type":"if","locations":[{"start":{"line":39,"column":8},"end":{"line":39,"column":8}},{"start":{"line":39,"column":8},"end":{"line":39,"column":8}}]},"3":{"line":49,"type":"if","locations":[{"start":{"line":49,"column":21},"end":{"line":49,"column":21}},{"start":{"line":49,"column":21},"end":{"line":49,"column":21}}]},"4":{"line":51,"type":"if","locations":[{"start":{"line":51,"column":8},"end":{"line":51,"column":8}},{"start":{"line":51,"column":8},"end":{"line":51,"column":8}}]},"5":{"line":68,"type":"cond-expr","locations":[{"start":{"line":68,"column":12},"end":{"line":68,"column":57}},{"start":{"line":69,"column":12},"end":{"line":69,"column":60}}]},"6":{"line":68,"type":"cond-expr","locations":[{"start":{"line":68,"column":12},"end":{"line":69,"column":60}},{"start":{"line":70,"column":12},"end":{"line":70,"column":47}}]},"7":{"line":76,"type":"if","locations":[{"start":{"line":76,"column":8},"end":{"line":76,"column":8}},{"start":{"line":76,"column":8},"end":{"line":76,"column":8}}]}}},"contracts/resolvers/profiles/ContentHashResolver.sol":{"l":{"20":7,"21":7,"32":8,"38":8},"path":"/Volumes/Work/WorkInProgress/Popoo/pop-sc/pns-contracts/contracts/resolvers/profiles/ContentHashResolver.sol","s":{"1":7,"2":8,"3":8},"b":{"1":[7,4],"2":[1,6]},"f":{"1":7,"2":8,"3":8},"fnMap":{"1":{"name":"setContenthash","line":19,"loc":{"start":{"line":16,"column":4},"end":{"line":22,"column":4}}},"2":{"name":"contenthash","line":29,"loc":{"start":{"line":29,"column":4},"end":{"line":33,"column":4}}},"3":{"name":"supportsInterface","line":35,"loc":{"start":{"line":35,"column":4},"end":{"line":41,"column":4}}}},"statementMap":{"1":{"start":{"line":21,"column":8},"end":{"line":21,"column":43}},"2":{"start":{"line":32,"column":8},"end":{"line":32,"column":61}},"3":{"start":{"line":38,"column":8},"end":{"line":38,"column":1245}}},"branchMap":{"1":{"line":19,"type":"if","locations":[{"start":{"line":19,"column":23},"end":{"line":19,"column":23}},{"start":{"line":19,"column":23},"end":{"line":19,"column":23}}]},"2":{"line":39,"type":"cond-expr","locations":[{"start":{"line":39,"column":12},"end":{"line":39,"column":64}},{"start":{"line":40,"column":12},"end":{"line":40,"column":47}}]}}},"contracts/resolvers/profiles/IABIResolver.sol":{"l":{},"path":"/Volumes/Work/WorkInProgress/Popoo/pop-sc/pns-contracts/contracts/resolvers/profiles/IABIResolver.sol","s":{},"b":{},"f":{},"fnMap":{},"statementMap":{},"branchMap":{}},"contracts/resolvers/profiles/IAddressResolver.sol":{"l":{},"path":"/Volumes/Work/WorkInProgress/Popoo/pop-sc/pns-contracts/contracts/resolvers/profiles/IAddressResolver.sol","s":{},"b":{},"f":{},"fnMap":{},"statementMap":{},"branchMap":{}},"contracts/resolvers/profiles/IAddrResolver.sol":{"l":{},"path":"/Volumes/Work/WorkInProgress/Popoo/pop-sc/pns-contracts/contracts/resolvers/profiles/IAddrResolver.sol","s":{},"b":{},"f":{},"fnMap":{},"statementMap":{},"branchMap":{}},"contracts/resolvers/profiles/IContentHashResolver.sol":{"l":{},"path":"/Volumes/Work/WorkInProgress/Popoo/pop-sc/pns-contracts/contracts/resolvers/profiles/IContentHashResolver.sol","s":{},"b":{},"f":{},"fnMap":{},"statementMap":{},"branchMap":{}},"contracts/resolvers/profiles/IInterfaceResolver.sol":{"l":{},"path":"/Volumes/Work/WorkInProgress/Popoo/pop-sc/pns-contracts/contracts/resolvers/profiles/IInterfaceResolver.sol","s":{},"b":{},"f":{},"fnMap":{},"statementMap":{},"branchMap":{}},"contracts/resolvers/profiles/INameResolver.sol":{"l":{},"path":"/Volumes/Work/WorkInProgress/Popoo/pop-sc/pns-contracts/contracts/resolvers/profiles/INameResolver.sol","s":{},"b":{},"f":{},"fnMap":{},"statementMap":{},"branchMap":{}},"contracts/resolvers/profiles/InterfaceResolver.sol":{"l":{"24":3,"27":3,"44":9,"47":9,"48":3,"51":6,"52":6,"53":3,"56":3,"62":3,"64":2,"67":1,"70":1,"72":0,"75":1,"81":8},"path":"/Volumes/Work/WorkInProgress/Popoo/pop-sc/pns-contracts/contracts/resolvers/profiles/InterfaceResolver.sol","s":{"1":3,"2":9,"3":9,"4":3,"5":6,"6":6,"7":3,"8":3,"9":3,"10":2,"11":1,"12":0,"13":1,"14":8},"b":{"1":[3,2],"2":[3,6],"3":[3,3],"4":[2,1],"5":[1,1],"6":[1,0],"7":[0,1],"8":[0,0],"9":[0,0],"10":[0,7]},"f":{"1":3,"2":9,"3":8},"fnMap":{"1":{"name":"setInterface","line":23,"loc":{"start":{"line":19,"column":4},"end":{"line":28,"column":4}}},"2":{"name":"interfaceImplementer","line":40,"loc":{"start":{"line":40,"column":4},"end":{"line":76,"column":4}}},"3":{"name":"supportsInterface","line":78,"loc":{"start":{"line":78,"column":4},"end":{"line":84,"column":4}}}},"statementMap":{"1":{"start":{"line":27,"column":8},"end":{"line":27,"column":61}},"2":{"start":{"line":44,"column":8},"end":{"line":44,"column":1894}},"3":{"start":{"line":47,"column":8},"end":{"line":47,"column":1997}},"4":{"start":{"line":48,"column":12},"end":{"line":48,"column":30}},"5":{"start":{"line":51,"column":8},"end":{"line":51,"column":30}},"6":{"start":{"line":52,"column":8},"end":{"line":52,"column":2113}},"7":{"start":{"line":53,"column":12},"end":{"line":53,"column":29}},"8":{"start":{"line":56,"column":8},"end":{"line":56,"column":2187}},"9":{"start":{"line":62,"column":8},"end":{"line":62,"column":2399}},"10":{"start":{"line":64,"column":12},"end":{"line":64,"column":29}},"11":{"start":{"line":70,"column":8},"end":{"line":70,"column":2696}},"12":{"start":{"line":72,"column":12},"end":{"line":72,"column":29}},"13":{"start":{"line":75,"column":8},"end":{"line":75,"column":16}},"14":{"start":{"line":81,"column":8},"end":{"line":81,"column":3046}}},"branchMap":{"1":{"line":23,"type":"if","locations":[{"start":{"line":23,"column":23},"end":{"line":23,"column":23}},{"start":{"line":23,"column":23},"end":{"line":23,"column":23}}]},"2":{"line":47,"type":"if","locations":[{"start":{"line":47,"column":8},"end":{"line":47,"column":8}},{"start":{"line":47,"column":8},"end":{"line":47,"column":8}}]},"3":{"line":52,"type":"if","locations":[{"start":{"line":52,"column":8},"end":{"line":52,"column":8}},{"start":{"line":52,"column":8},"end":{"line":52,"column":8}}]},"4":{"line":62,"type":"if","locations":[{"start":{"line":62,"column":8},"end":{"line":62,"column":8}},{"start":{"line":62,"column":8},"end":{"line":62,"column":8}}]},"5":{"line":62,"type":"cond-expr","locations":[{"start":{"line":62,"column":12},"end":{"line":62,"column":19}},{"start":{"line":62,"column":24},"end":{"line":62,"column":45}}]},"6":{"line":62,"type":"cond-expr","locations":[{"start":{"line":62,"column":12},"end":{"line":62,"column":45}},{"start":{"line":62,"column":50},"end":{"line":62,"column":68}}]},"7":{"line":70,"type":"if","locations":[{"start":{"line":70,"column":8},"end":{"line":70,"column":8}},{"start":{"line":70,"column":8},"end":{"line":70,"column":8}}]},"8":{"line":70,"type":"cond-expr","locations":[{"start":{"line":70,"column":12},"end":{"line":70,"column":19}},{"start":{"line":70,"column":24},"end":{"line":70,"column":45}}]},"9":{"line":70,"type":"cond-expr","locations":[{"start":{"line":70,"column":12},"end":{"line":70,"column":45}},{"start":{"line":70,"column":50},"end":{"line":70,"column":68}}]},"10":{"line":82,"type":"cond-expr","locations":[{"start":{"line":82,"column":12},"end":{"line":82,"column":62}},{"start":{"line":83,"column":12},"end":{"line":83,"column":47}}]}}},"contracts/resolvers/profiles/IPubkeyResolver.sol":{"l":{},"path":"/Volumes/Work/WorkInProgress/Popoo/pop-sc/pns-contracts/contracts/resolvers/profiles/IPubkeyResolver.sol","s":{},"b":{},"f":{},"fnMap":{},"statementMap":{},"branchMap":{}},"contracts/resolvers/profiles/ITextResolver.sol":{"l":{},"path":"/Volumes/Work/WorkInProgress/Popoo/pop-sc/pns-contracts/contracts/resolvers/profiles/ITextResolver.sol","s":{},"b":{},"f":{},"fnMap":{},"statementMap":{},"branchMap":{}},"contracts/resolvers/profiles/IVersionableResolver.sol":{"l":{},"path":"/Volumes/Work/WorkInProgress/Popoo/pop-sc/pns-contracts/contracts/resolvers/profiles/IVersionableResolver.sol","s":{},"b":{},"f":{},"fnMap":{},"statementMap":{},"branchMap":{}},"contracts/resolvers/profiles/NameResolver.sol":{"l":{"19":44,"20":44,"32":16,"38":9},"path":"/Volumes/Work/WorkInProgress/Popoo/pop-sc/pns-contracts/contracts/resolvers/profiles/NameResolver.sol","s":{"1":44,"2":16,"3":9},"b":{"1":[44,2],"2":[1,7]},"f":{"1":44,"2":16,"3":9},"fnMap":{"1":{"name":"setName","line":18,"loc":{"start":{"line":15,"column":4},"end":{"line":21,"column":4}}},"2":{"name":"name","line":29,"loc":{"start":{"line":29,"column":4},"end":{"line":33,"column":4}}},"3":{"name":"supportsInterface","line":35,"loc":{"start":{"line":35,"column":4},"end":{"line":41,"column":4}}}},"statementMap":{"1":{"start":{"line":20,"column":8},"end":{"line":20,"column":39}},"2":{"start":{"line":32,"column":8},"end":{"line":32,"column":60}},"3":{"start":{"line":38,"column":8},"end":{"line":38,"column":1217}}},"branchMap":{"1":{"line":18,"type":"if","locations":[{"start":{"line":18,"column":23},"end":{"line":18,"column":23}},{"start":{"line":18,"column":23},"end":{"line":18,"column":23}}]},"2":{"line":39,"type":"cond-expr","locations":[{"start":{"line":39,"column":12},"end":{"line":39,"column":57}},{"start":{"line":40,"column":12},"end":{"line":40,"column":47}}]}}},"contracts/resolvers/profiles/PubkeyResolver.sol":{"l":{"26":8,"27":8,"40":6,"41":6,"50":10},"path":"/Volumes/Work/WorkInProgress/Popoo/pop-sc/pns-contracts/contracts/resolvers/profiles/PubkeyResolver.sol","s":{"1":8,"2":6,"3":6,"4":10},"b":{"1":[8,6],"2":[1,8]},"f":{"1":8,"2":6,"3":10},"fnMap":{"1":{"name":"setPubkey","line":25,"loc":{"start":{"line":21,"column":4},"end":{"line":28,"column":4}}},"2":{"name":"pubkey","line":37,"loc":{"start":{"line":37,"column":4},"end":{"line":45,"column":4}}},"3":{"name":"supportsInterface","line":47,"loc":{"start":{"line":47,"column":4},"end":{"line":53,"column":4}}}},"statementMap":{"1":{"start":{"line":27,"column":8},"end":{"line":27,"column":38}},"2":{"start":{"line":40,"column":8},"end":{"line":40,"column":58}},"3":{"start":{"line":41,"column":8},"end":{"line":41,"column":1335}},"4":{"start":{"line":50,"column":8},"end":{"line":50,"column":1645}}},"branchMap":{"1":{"line":25,"type":"if","locations":[{"start":{"line":25,"column":23},"end":{"line":25,"column":23}},{"start":{"line":25,"column":23},"end":{"line":25,"column":23}}]},"2":{"line":51,"type":"cond-expr","locations":[{"start":{"line":51,"column":12},"end":{"line":51,"column":59}},{"start":{"line":52,"column":12},"end":{"line":52,"column":47}}]}}},"contracts/resolvers/profiles/TextResolver.sol":{"l":{"22":11,"23":11,"36":11,"42":11},"path":"/Volumes/Work/WorkInProgress/Popoo/pop-sc/pns-contracts/contracts/resolvers/profiles/TextResolver.sol","s":{"1":11,"2":11,"3":11},"b":{"1":[11,4],"2":[1,9]},"f":{"1":11,"2":11,"3":11},"fnMap":{"1":{"name":"setText","line":21,"loc":{"start":{"line":17,"column":4},"end":{"line":24,"column":4}}},"2":{"name":"text","line":32,"loc":{"start":{"line":32,"column":4},"end":{"line":37,"column":4}}},"3":{"name":"supportsInterface","line":39,"loc":{"start":{"line":39,"column":4},"end":{"line":45,"column":4}}}},"statementMap":{"1":{"start":{"line":23,"column":8},"end":{"line":23,"column":47}},"2":{"start":{"line":36,"column":8},"end":{"line":36,"column":65}},"3":{"start":{"line":42,"column":8},"end":{"line":42,"column":1399}}},"branchMap":{"1":{"line":21,"type":"if","locations":[{"start":{"line":21,"column":23},"end":{"line":21,"column":23}},{"start":{"line":21,"column":23},"end":{"line":21,"column":23}}]},"2":{"line":43,"type":"cond-expr","locations":[{"start":{"line":43,"column":12},"end":{"line":43,"column":57}},{"start":{"line":44,"column":12},"end":{"line":44,"column":47}}]}}},"contracts/resolvers/PublicResolver.sol":{"l":{"74":116,"75":116,"76":116,"77":116,"84":9,"89":7,"90":7,"100":52,"107":8,"109":6,"110":6,"121":48,"125":251,"129":101,"131":150,"132":150,"133":5,"135":150,"158":11},"path":"/Volumes/Work/WorkInProgress/Popoo/pop-sc/pns-contracts/contracts/resolvers/PublicResolver.sol","s":{"1":9,"2":7,"3":52,"4":8,"5":6,"6":48,"7":251,"8":101,"9":150,"10":150,"11":150,"12":11},"b":{"1":[7,2],"2":[6,2],"3":[101,150],"4":[61,40],"5":[5,145],"6":[100,4],"7":[4,4]},"f":{"1":116,"2":9,"3":52,"4":8,"5":48,"6":251,"7":11},"fnMap":{"1":{"name":"constructor","line":73,"loc":{"start":{"line":68,"column":4},"end":{"line":78,"column":4}}},"2":{"name":"setApprovalForAll","line":83,"loc":{"start":{"line":83,"column":4},"end":{"line":91,"column":4}}},"3":{"name":"isApprovedForAll","line":96,"loc":{"start":{"line":96,"column":4},"end":{"line":101,"column":4}}},"4":{"name":"approve","line":106,"loc":{"start":{"line":106,"column":4},"end":{"line":111,"column":4}}},"5":{"name":"isApprovedFor","line":116,"loc":{"start":{"line":116,"column":4},"end":{"line":122,"column":4}}},"6":{"name":"isAuthorised","line":124,"loc":{"start":{"line":124,"column":4},"end":{"line":139,"column":4}}},"7":{"name":"supportsInterface","line":141,"loc":{"start":{"line":141,"column":4},"end":{"line":159,"column":4}}}},"statementMap":{"1":{"start":{"line":84,"column":8},"end":{"line":84,"column":2579}},"2":{"start":{"line":90,"column":8},"end":{"line":90,"column":59}},"3":{"start":{"line":100,"column":8},"end":{"line":100,"column":52}},"4":{"start":{"line":107,"column":8},"end":{"line":107,"column":74}},"5":{"start":{"line":110,"column":8},"end":{"line":110,"column":59}},"6":{"start":{"line":121,"column":8},"end":{"line":121,"column":53}},"7":{"start":{"line":125,"column":8},"end":{"line":125,"column":3821}},"8":{"start":{"line":129,"column":12},"end":{"line":129,"column":23}},"9":{"start":{"line":131,"column":8},"end":{"line":131,"column":39}},"10":{"start":{"line":132,"column":8},"end":{"line":132,"column":4022}},"11":{"start":{"line":135,"column":8},"end":{"line":135,"column":4175}},"12":{"start":{"line":158,"column":8},"end":{"line":158,"column":51}}},"branchMap":{"1":{"line":84,"type":"if","locations":[{"start":{"line":84,"column":8},"end":{"line":84,"column":8}},{"start":{"line":84,"column":8},"end":{"line":84,"column":8}}]},"2":{"line":107,"type":"if","locations":[{"start":{"line":107,"column":8},"end":{"line":107,"column":8}},{"start":{"line":107,"column":8},"end":{"line":107,"column":8}}]},"3":{"line":125,"type":"if","locations":[{"start":{"line":125,"column":8},"end":{"line":125,"column":8}},{"start":{"line":125,"column":8},"end":{"line":125,"column":8}}]},"4":{"line":126,"type":"cond-expr","locations":[{"start":{"line":126,"column":12},"end":{"line":126,"column":45}},{"start":{"line":127,"column":12},"end":{"line":127,"column":48}}]},"5":{"line":132,"type":"if","locations":[{"start":{"line":132,"column":8},"end":{"line":132,"column":8}},{"start":{"line":132,"column":8},"end":{"line":132,"column":8}}]},"6":{"line":136,"type":"cond-expr","locations":[{"start":{"line":136,"column":12},"end":{"line":136,"column":30}},{"start":{"line":137,"column":12},"end":{"line":137,"column":46}}]},"7":{"line":136,"type":"cond-expr","locations":[{"start":{"line":136,"column":12},"end":{"line":137,"column":46}},{"start":{"line":138,"column":12},"end":{"line":138,"column":49}}]}}},"contracts/resolvers/Resolver.sol":{"l":{},"path":"/Volumes/Work/WorkInProgress/Popoo/pop-sc/pns-contracts/contracts/resolvers/Resolver.sol","s":{},"b":{},"f":{},"fnMap":{},"statementMap":{},"branchMap":{}},"contracts/resolvers/ResolverBase.sol":{"l":{"13":251,"14":209,"23":8,"24":8,"30":3},"path":"/Volumes/Work/WorkInProgress/Popoo/pop-sc/pns-contracts/contracts/resolvers/ResolverBase.sol","s":{"1":251,"2":8,"3":3},"b":{"1":[209,42],"2":[8,0],"3":[0,2]},"f":{"1":251,"2":8,"3":3},"fnMap":{"1":{"name":"authorised","line":12,"loc":{"start":{"line":12,"column":4},"end":{"line":15,"column":4}}},"2":{"name":"clearRecords","line":22,"loc":{"start":{"line":22,"column":4},"end":{"line":25,"column":4}}},"3":{"name":"supportsInterface","line":27,"loc":{"start":{"line":27,"column":4},"end":{"line":33,"column":4}}}},"statementMap":{"1":{"start":{"line":13,"column":8},"end":{"line":13,"column":34}},"2":{"start":{"line":24,"column":8},"end":{"line":24,"column":55}},"3":{"start":{"line":30,"column":8},"end":{"line":30,"column":996}}},"branchMap":{"1":{"line":13,"type":"if","locations":[{"start":{"line":13,"column":8},"end":{"line":13,"column":8}},{"start":{"line":13,"column":8},"end":{"line":13,"column":8}}]},"2":{"line":22,"type":"if","locations":[{"start":{"line":22,"column":55},"end":{"line":22,"column":55}},{"start":{"line":22,"column":55},"end":{"line":22,"column":55}}]},"3":{"line":31,"type":"cond-expr","locations":[{"start":{"line":31,"column":12},"end":{"line":31,"column":64}},{"start":{"line":32,"column":12},"end":{"line":32,"column":47}}]}}},"contracts/reverseRegistrar/IReverseRegistrar.sol":{"l":{},"path":"/Volumes/Work/WorkInProgress/Popoo/pop-sc/pns-contracts/contracts/reverseRegistrar/IReverseRegistrar.sol","s":{},"b":{},"f":{},"fnMap":{},"statementMap":{},"branchMap":{}},"contracts/reverseRegistrar/ReverseClaimer.sol":{"l":{"12":140,"15":140},"path":"/Volumes/Work/WorkInProgress/Popoo/pop-sc/pns-contracts/contracts/reverseRegistrar/ReverseClaimer.sol","s":{"1":140,"2":140},"b":{},"f":{"1":140},"fnMap":{"1":{"name":"constructor","line":11,"loc":{"start":{"line":11,"column":4},"end":{"line":16,"column":4}}}},"statementMap":{"1":{"start":{"line":12,"column":8},"end":{"line":12,"column":391}},"2":{"start":{"line":15,"column":8},"end":{"line":15,"column":39}}},"branchMap":{}},"contracts/reverseRegistrar/ReverseRegistrar.sol":{"l":{"30":316,"33":316,"36":316,"37":20,"42":213,"49":209,"53":108,"57":108,"58":108,"68":162,"84":209,"85":209,"88":209,"89":209,"90":209,"104":2,"115":2,"140":42,"141":40,"142":40,"151":1,"165":210,"184":5,"185":1,"187":0},"path":"/Volumes/Work/WorkInProgress/Popoo/pop-sc/pns-contracts/contracts/reverseRegistrar/ReverseRegistrar.sol","s":{"1":316,"2":316,"3":20,"4":213,"5":108,"6":108,"7":162,"8":209,"9":209,"10":209,"11":209,"12":209,"13":2,"14":2,"15":42,"16":40,"17":40,"18":1,"19":5,"20":1,"21":0},"b":{"1":[20,296],"2":[209,4],"3":[170,36],"4":[36,2],"5":[2,1],"6":[108,0],"7":[108,0],"8":[209,4]},"f":{"1":316,"2":213,"3":108,"4":162,"5":209,"6":2,"7":2,"8":42,"9":1,"10":210,"11":5},"fnMap":{"1":{"name":"constructor","line":29,"loc":{"start":{"line":29,"column":4},"end":{"line":39,"column":4}}},"2":{"name":"authorised","line":41,"loc":{"start":{"line":41,"column":4},"end":{"line":50,"column":4}}},"3":{"name":"setDefaultResolver","line":52,"loc":{"start":{"line":52,"column":4},"end":{"line":59,"column":4}}},"4":{"name":"claim","line":67,"loc":{"start":{"line":67,"column":4},"end":{"line":69,"column":4}}},"5":{"name":"claimForAddr","line":83,"loc":{"start":{"line":79,"column":4},"end":{"line":91,"column":4}}},"6":{"name":"claimWithResolver","line":100,"loc":{"start":{"line":100,"column":4},"end":{"line":105,"column":4}}},"7":{"name":"setName","line":114,"loc":{"start":{"line":114,"column":4},"end":{"line":122,"column":4}}},"8":{"name":"setNameForAddr","line":134,"loc":{"start":{"line":134,"column":4},"end":{"line":143,"column":4}}},"9":{"name":"node","line":150,"loc":{"start":{"line":150,"column":4},"end":{"line":155,"column":4}}},"10":{"name":"sha3HexAddress","line":164,"loc":{"start":{"line":164,"column":4},"end":{"line":181,"column":4}}},"11":{"name":"ownsContract","line":183,"loc":{"start":{"line":183,"column":4},"end":{"line":189,"column":4}}}},"statementMap":{"1":{"start":{"line":33,"column":8},"end":{"line":33,"column":1030}},"2":{"start":{"line":36,"column":8},"end":{"line":36,"column":1143}},"3":{"start":{"line":37,"column":12},"end":{"line":37,"column":41}},"4":{"start":{"line":42,"column":8},"end":{"line":42,"column":1297}},"5":{"start":{"line":53,"column":8},"end":{"line":53,"column":1698}},"6":{"start":{"line":58,"column":8},"end":{"line":58,"column":59}},"7":{"start":{"line":68,"column":8},"end":{"line":68,"column":72}},"8":{"start":{"line":84,"column":8},"end":{"line":84,"column":48}},"9":{"start":{"line":85,"column":8},"end":{"line":85,"column":2933}},"10":{"start":{"line":88,"column":8},"end":{"line":88,"column":46}},"11":{"start":{"line":89,"column":8},"end":{"line":89,"column":77}},"12":{"start":{"line":90,"column":8},"end":{"line":90,"column":26}},"13":{"start":{"line":104,"column":8},"end":{"line":104,"column":56}},"14":{"start":{"line":115,"column":8},"end":{"line":115,"column":4130}},"15":{"start":{"line":140,"column":8},"end":{"line":140,"column":58}},"16":{"start":{"line":141,"column":8},"end":{"line":141,"column":49}},"17":{"start":{"line":142,"column":8},"end":{"line":142,"column":19}},"18":{"start":{"line":151,"column":8},"end":{"line":151,"column":5346}},"19":{"start":{"line":184,"column":8},"end":{"line":184,"column":6355}},"20":{"start":{"line":185,"column":12},"end":{"line":185,"column":38}},"21":{"start":{"line":187,"column":12},"end":{"line":187,"column":24}}},"branchMap":{"1":{"line":36,"type":"if","locations":[{"start":{"line":36,"column":8},"end":{"line":36,"column":8}},{"start":{"line":36,"column":8},"end":{"line":36,"column":8}}]},"2":{"line":42,"type":"if","locations":[{"start":{"line":42,"column":8},"end":{"line":42,"column":8}},{"start":{"line":42,"column":8},"end":{"line":42,"column":8}}]},"3":{"line":43,"type":"cond-expr","locations":[{"start":{"line":43,"column":12},"end":{"line":43,"column":29}},{"start":{"line":44,"column":16},"end":{"line":44,"column":38}}]},"4":{"line":43,"type":"cond-expr","locations":[{"start":{"line":43,"column":12},"end":{"line":44,"column":38}},{"start":{"line":45,"column":16},"end":{"line":45,"column":53}}]},"5":{"line":43,"type":"cond-expr","locations":[{"start":{"line":43,"column":12},"end":{"line":45,"column":53}},{"start":{"line":46,"column":16},"end":{"line":46,"column":33}}]},"6":{"line":52,"type":"if","locations":[{"start":{"line":52,"column":66},"end":{"line":52,"column":66}},{"start":{"line":52,"column":66},"end":{"line":52,"column":66}}]},"7":{"line":53,"type":"if","locations":[{"start":{"line":53,"column":8},"end":{"line":53,"column":8}},{"start":{"line":53,"column":8},"end":{"line":53,"column":8}}]},"8":{"line":83,"type":"if","locations":[{"start":{"line":83,"column":22},"end":{"line":83,"column":22}},{"start":{"line":83,"column":22},"end":{"line":83,"column":22}}]}}},"contracts/root/Controllable.sol":{"l":{"11":5,"15":3,"19":9,"20":9},"path":"/Volumes/Work/WorkInProgress/Popoo/pop-sc/pns-contracts/contracts/root/Controllable.sol","s":{"1":5,"2":9},"b":{"1":[3,2],"2":[9,2]},"f":{"1":5,"2":9},"fnMap":{"1":{"name":"onlyController","line":10,"loc":{"start":{"line":10,"column":4},"end":{"line":16,"column":4}}},"2":{"name":"setController","line":18,"loc":{"start":{"line":18,"column":4},"end":{"line":21,"column":4}}}},"statementMap":{"1":{"start":{"line":11,"column":8},"end":{"line":11,"column":283}},"2":{"start":{"line":20,"column":8},"end":{"line":20,"column":51}}},"branchMap":{"1":{"line":11,"type":"if","locations":[{"start":{"line":11,"column":8},"end":{"line":11,"column":8}},{"start":{"line":11,"column":8},"end":{"line":11,"column":8}}]},"2":{"line":18,"type":"if","locations":[{"start":{"line":18,"column":68},"end":{"line":18,"column":68}},{"start":{"line":18,"column":68},"end":{"line":18,"column":68}}]}}},"contracts/root/Root.sol":{"l":{"19":3,"23":3,"24":1,"28":0,"32":1,"33":1,"37":0},"path":"/Volumes/Work/WorkInProgress/Popoo/pop-sc/pns-contracts/contracts/root/Root.sol","s":{"1":3,"2":1,"3":0,"4":1,"5":0},"b":{"1":[3,2],"2":[1,2],"3":[0,0],"4":[1,0]},"f":{"1":3,"2":3,"3":0,"4":1,"5":0},"fnMap":{"1":{"name":"constructor","line":18,"loc":{"start":{"line":18,"column":4},"end":{"line":20,"column":4}}},"2":{"name":"setSubnodeOwner","line":22,"loc":{"start":{"line":22,"column":4},"end":{"line":25,"column":4}}},"3":{"name":"setResolver","line":27,"loc":{"start":{"line":27,"column":4},"end":{"line":29,"column":4}}},"4":{"name":"lock","line":31,"loc":{"start":{"line":31,"column":4},"end":{"line":34,"column":4}}},"5":{"name":"supportsInterface","line":36,"loc":{"start":{"line":36,"column":4},"end":{"line":38,"column":4}}}},"statementMap":{"1":{"start":{"line":23,"column":8},"end":{"line":23,"column":30}},"2":{"start":{"line":24,"column":8},"end":{"line":24,"column":51}},"3":{"start":{"line":28,"column":8},"end":{"line":28,"column":43}},"4":{"start":{"line":32,"column":8},"end":{"line":32,"column":29}},"5":{"start":{"line":37,"column":8},"end":{"line":37,"column":47}}},"branchMap":{"1":{"line":22,"type":"if","locations":[{"start":{"line":22,"column":68},"end":{"line":22,"column":68}},{"start":{"line":22,"column":68},"end":{"line":22,"column":68}}]},"2":{"line":23,"type":"if","locations":[{"start":{"line":23,"column":8},"end":{"line":23,"column":8}},{"start":{"line":23,"column":8},"end":{"line":23,"column":8}}]},"3":{"line":27,"type":"if","locations":[{"start":{"line":27,"column":52},"end":{"line":27,"column":52}},{"start":{"line":27,"column":52},"end":{"line":27,"column":52}}]},"4":{"line":31,"type":"if","locations":[{"start":{"line":31,"column":42},"end":{"line":31,"column":42}},{"start":{"line":31,"column":42},"end":{"line":31,"column":42}}]}}},"contracts/utils/ERC20Recoverable.sol":{"l":{"24":1},"path":"/Volumes/Work/WorkInProgress/Popoo/pop-sc/pns-contracts/contracts/utils/ERC20Recoverable.sol","s":{"1":1},"b":{"1":[1,1]},"f":{"1":1},"fnMap":{"1":{"name":"recoverFunds","line":23,"loc":{"start":{"line":19,"column":4},"end":{"line":25,"column":4}}}},"statementMap":{"1":{"start":{"line":24,"column":8},"end":{"line":24,"column":44}}},"branchMap":{"1":{"line":23,"type":"if","locations":[{"start":{"line":23,"column":15},"end":{"line":23,"column":15}},{"start":{"line":23,"column":15},"end":{"line":23,"column":15}}]}}},"contracts/utils/HexUtils.sol":{"l":{"16":6,"17":6,"73":2,"74":1,"75":1},"path":"/Volumes/Work/WorkInProgress/Popoo/pop-sc/pns-contracts/contracts/utils/HexUtils.sol","s":{"1":2,"2":1,"3":1,"4":1},"b":{"1":[1,1]},"f":{"1":6,"2":2},"fnMap":{"1":{"name":"hexStringToBytes32","line":11,"loc":{"start":{"line":11,"column":4},"end":{"line":60,"column":4}}},"2":{"name":"hexToAddress","line":68,"loc":{"start":{"line":68,"column":4},"end":{"line":76,"column":4}}}},"statementMap":{"1":{"start":{"line":73,"column":8},"end":{"line":73,"column":60}},"2":{"start":{"line":73,"column":32},"end":{"line":73,"column":60}},"3":{"start":{"line":74,"column":8},"end":{"line":74,"column":71}},"4":{"start":{"line":75,"column":8},"end":{"line":75,"column":52}}},"branchMap":{"1":{"line":73,"type":"if","locations":[{"start":{"line":73,"column":8},"end":{"line":73,"column":8}},{"start":{"line":73,"column":8},"end":{"line":73,"column":8}}]}}},"contracts/utils/NameEncoder.sol":{"l":{"12":3,"13":3,"14":3,"15":3,"16":3,"17":3,"18":1,"19":1,"24":2,"25":2,"26":30,"27":4,"28":4,"34":4,"36":26,"37":26,"39":30,"40":2,"45":2,"49":2,"50":2},"path":"/Volumes/Work/WorkInProgress/Popoo/pop-sc/pns-contracts/contracts/utils/NameEncoder.sol","s":{"1":3,"2":3,"3":3,"4":3,"5":1,"6":2,"7":30,"8":30,"9":2},"b":{"1":[1,2],"2":[4,26],"3":[2,28]},"f":{"1":3},"fnMap":{"1":{"name":"dnsEncodeName","line":9,"loc":{"start":{"line":9,"column":4},"end":{"line":51,"column":4}}}},"statementMap":{"1":{"start":{"line":12,"column":8},"end":{"line":12,"column":29}},"2":{"start":{"line":13,"column":8},"end":{"line":13,"column":44}},"3":{"start":{"line":14,"column":8},"end":{"line":14,"column":41}},"4":{"start":{"line":17,"column":8},"end":{"line":17,"column":486}},"5":{"start":{"line":19,"column":12},"end":{"line":19,"column":34}},"6":{"start":{"line":25,"column":12},"end":{"line":25,"column":740}},"7":{"start":{"line":26,"column":16},"end":{"line":26,"column":804}},"8":{"start":{"line":39,"column":16},"end":{"line":39,"column":1302}},"9":{"start":{"line":50,"column":8},"end":{"line":50,"column":30}}},"branchMap":{"1":{"line":17,"type":"if","locations":[{"start":{"line":17,"column":8},"end":{"line":17,"column":8}},{"start":{"line":17,"column":8},"end":{"line":17,"column":8}}]},"2":{"line":26,"type":"if","locations":[{"start":{"line":26,"column":16},"end":{"line":26,"column":16}},{"start":{"line":26,"column":16},"end":{"line":26,"column":16}}]},"3":{"line":39,"type":"if","locations":[{"start":{"line":39,"column":16},"end":{"line":39,"column":16}},{"start":{"line":39,"column":16},"end":{"line":39,"column":16}}]}}},"contracts/utils/TestHexUtils.sol":{"l":{"14":5,"22":2},"path":"/Volumes/Work/WorkInProgress/Popoo/pop-sc/pns-contracts/contracts/utils/TestHexUtils.sol","s":{"1":5,"2":2},"b":{},"f":{"1":5,"2":2},"fnMap":{"1":{"name":"hexStringToBytes32","line":9,"loc":{"start":{"line":9,"column":4},"end":{"line":15,"column":4}}},"2":{"name":"hexToAddress","line":17,"loc":{"start":{"line":17,"column":4},"end":{"line":23,"column":4}}}},"statementMap":{"1":{"start":{"line":14,"column":8},"end":{"line":14,"column":52}},"2":{"start":{"line":22,"column":8},"end":{"line":22,"column":47}}},"branchMap":{}},"contracts/utils/TestNameEncoder.sol":{"l":{"12":3},"path":"/Volumes/Work/WorkInProgress/Popoo/pop-sc/pns-contracts/contracts/utils/TestNameEncoder.sol","s":{"1":3},"b":{},"f":{"1":3},"fnMap":{"1":{"name":"encodeName","line":9,"loc":{"start":{"line":9,"column":4},"end":{"line":13,"column":4}}}},"statementMap":{"1":{"start":{"line":12,"column":8},"end":{"line":12,"column":35}}},"branchMap":{}},"contracts/wrapper/BytesUtils.sol":{"l":{"17":168,"18":168,"33":188,"34":188,"35":86,"36":85,"38":102,"53":251,"54":249,"55":249,"56":162,"58":87,"60":249},"path":"/Volumes/Work/WorkInProgress/Popoo/pop-sc/pns-contracts/contracts/wrapper/BytesUtils.sol","s":{"1":168,"2":188,"3":188,"4":86,"5":85,"6":102,"7":251,"8":249,"9":249},"b":{"1":[168,0],"2":[86,102],"3":[85,1],"4":[249,2],"5":[162,87]},"f":{"1":168,"2":188,"3":251},"fnMap":{"1":{"name":"keccak","line":12,"loc":{"start":{"line":12,"column":4},"end":{"line":21,"column":4}}},"2":{"name":"namehash","line":29,"loc":{"start":{"line":29,"column":4},"end":{"line":40,"column":4}}},"3":{"name":"readLabel","line":49,"loc":{"start":{"line":49,"column":4},"end":{"line":61,"column":4}}}},"statementMap":{"1":{"start":{"line":17,"column":8},"end":{"line":17,"column":43}},"2":{"start":{"line":33,"column":8},"end":{"line":33,"column":72}},"3":{"start":{"line":34,"column":8},"end":{"line":34,"column":1048}},"4":{"start":{"line":35,"column":12},"end":{"line":35,"column":78}},"5":{"start":{"line":36,"column":12},"end":{"line":36,"column":29}},"6":{"start":{"line":38,"column":8},"end":{"line":38,"column":1278}},"7":{"start":{"line":53,"column":8},"end":{"line":53,"column":67}},"8":{"start":{"line":54,"column":8},"end":{"line":54,"column":47}},"9":{"start":{"line":55,"column":8},"end":{"line":55,"column":1963}}},"branchMap":{"1":{"line":17,"type":"if","locations":[{"start":{"line":17,"column":8},"end":{"line":17,"column":8}},{"start":{"line":17,"column":8},"end":{"line":17,"column":8}}]},"2":{"line":34,"type":"if","locations":[{"start":{"line":34,"column":8},"end":{"line":34,"column":8}},{"start":{"line":34,"column":8},"end":{"line":34,"column":8}}]},"3":{"line":35,"type":"if","locations":[{"start":{"line":35,"column":12},"end":{"line":35,"column":12}},{"start":{"line":35,"column":12},"end":{"line":35,"column":12}}]},"4":{"line":53,"type":"if","locations":[{"start":{"line":53,"column":8},"end":{"line":53,"column":8}},{"start":{"line":53,"column":8},"end":{"line":53,"column":8}}]},"5":{"line":55,"type":"if","locations":[{"start":{"line":55,"column":8},"end":{"line":55,"column":8}},{"start":{"line":55,"column":8},"end":{"line":55,"column":8}}]}}},"contracts/wrapper/Controllable.sol":{"l":{"12":10,"13":10,"17":81,"21":80},"path":"/Volumes/Work/WorkInProgress/Popoo/pop-sc/pns-contracts/contracts/wrapper/Controllable.sol","s":{"1":10,"2":81},"b":{"1":[10,2],"2":[80,1]},"f":{"1":10,"2":81},"fnMap":{"1":{"name":"setController","line":11,"loc":{"start":{"line":11,"column":4},"end":{"line":14,"column":4}}},"2":{"name":"onlyController","line":16,"loc":{"start":{"line":16,"column":4},"end":{"line":22,"column":4}}}},"statementMap":{"1":{"start":{"line":13,"column":8},"end":{"line":13,"column":50}},"2":{"start":{"line":17,"column":8},"end":{"line":17,"column":496}}},"branchMap":{"1":{"line":11,"type":"if","locations":[{"start":{"line":11,"column":67},"end":{"line":11,"column":67}},{"start":{"line":11,"column":67},"end":{"line":11,"column":67}}]},"2":{"line":17,"type":"if","locations":[{"start":{"line":17,"column":8},"end":{"line":17,"column":8}},{"start":{"line":17,"column":8},"end":{"line":17,"column":8}}]}}},"contracts/wrapper/ERC1155Fuse.sol":{"l":{"34":706,"35":706,"42":29,"43":29,"45":29,"50":27,"59":48,"68":8,"85":57,"89":55,"90":55,"91":25,"93":30,"107":16,"112":14,"114":14,"115":32,"118":13,"128":38,"133":37,"134":37,"144":88,"153":5044,"154":5044,"155":5044,"156":5044,"169":38,"170":37,"175":35,"188":29,"192":27,"193":26,"198":25,"199":48,"200":48,"202":48,"204":48,"206":46,"210":45,"213":22,"215":22,"238":1043,"262":765,"263":765,"267":765,"270":765,"271":3,"274":765,"275":5,"278":765,"279":765,"280":760,"285":755,"286":755,"287":755,"298":61,"301":61,"303":61,"305":61,"306":61,"316":63,"318":63,"320":60,"325":54,"326":10,"329":44,"331":44,"333":44,"344":799,"345":15,"354":13,"357":1,"360":1,"362":1,"375":22,"376":15,"385":13,"389":1,"392":1,"394":1,"407":27,"408":27},"path":"/Volumes/Work/WorkInProgress/Popoo/pop-sc/pns-contracts/contracts/wrapper/ERC1155Fuse.sol","s":{"1":706,"2":706,"3":29,"4":29,"5":29,"6":27,"7":48,"8":8,"9":57,"10":55,"11":55,"12":25,"13":30,"14":16,"15":14,"16":14,"17":13,"18":38,"19":37,"20":88,"21":5044,"22":38,"23":37,"24":35,"25":29,"26":27,"27":26,"28":25,"29":48,"30":48,"31":48,"32":48,"33":46,"34":45,"35":22,"36":22,"37":765,"38":765,"39":765,"40":765,"41":765,"42":765,"43":765,"44":760,"45":755,"46":755,"47":755,"48":61,"49":61,"50":61,"51":63,"52":63,"53":60,"54":54,"55":10,"56":44,"57":44,"58":44,"59":799,"60":15,"61":13,"62":1,"63":1,"64":1,"65":22,"66":15,"67":13,"68":1,"69":1,"70":1,"71":27},"b":{"1":[29,0],"2":[27,2],"3":[26,1],"4":[3,0],"5":[0,3],"6":[55,2],"7":[25,30],"8":[14,2],"9":[37,1],"10":[37,1],"11":[35,2],"12":[30,5],"13":[27,2],"14":[26,1],"15":[25,1],"16":[21,4],"17":[45,1],"18":[3,762],"19":[5,760],"20":[765,0],"21":[760,5],"22":[755,5],"23":[54,6],"24":[10,44],"25":[15,784],"26":[1,12],"27":[15,7],"28":[1,12]},"f":{"1":706,"2":29,"3":48,"4":8,"5":57,"6":16,"7":38,"8":88,"9":5044,"10":38,"11":29,"12":1043,"13":765,"14":61,"15":63,"16":799,"17":22,"18":27},"fnMap":{"1":{"name":"ownerOf","line":33,"loc":{"start":{"line":33,"column":4},"end":{"line":36,"column":4}}},"2":{"name":"approve","line":41,"loc":{"start":{"line":41,"column":4},"end":{"line":51,"column":4}}},"3":{"name":"getApproved","line":56,"loc":{"start":{"line":56,"column":4},"end":{"line":60,"column":4}}},"4":{"name":"supportsInterface","line":65,"loc":{"start":{"line":65,"column":4},"end":{"line":72,"column":4}}},"5":{"name":"balanceOf","line":81,"loc":{"start":{"line":81,"column":4},"end":{"line":94,"column":4}}},"6":{"name":"balanceOfBatch","line":103,"loc":{"start":{"line":103,"column":4},"end":{"line":119,"column":4}}},"7":{"name":"setApprovalForAll","line":124,"loc":{"start":{"line":124,"column":4},"end":{"line":135,"column":4}}},"8":{"name":"isApprovedForAll","line":140,"loc":{"start":{"line":140,"column":4},"end":{"line":145,"column":4}}},"9":{"name":"getData","line":150,"loc":{"start":{"line":150,"column":4},"end":{"line":157,"column":4}}},"10":{"name":"safeTransferFrom","line":162,"loc":{"start":{"line":162,"column":4},"end":{"line":176,"column":4}}},"11":{"name":"safeBatchTransferFrom","line":181,"loc":{"start":{"line":181,"column":4},"end":{"line":223,"column":4}}},"12":{"name":"_setData","line":232,"loc":{"start":{"line":232,"column":4},"end":{"line":242,"column":4}}},"13":{"name":"_mint","line":256,"loc":{"start":{"line":256,"column":4},"end":{"line":295,"column":4}}},"14":{"name":"_burn","line":297,"loc":{"start":{"line":297,"column":4},"end":{"line":307,"column":4}}},"15":{"name":"_transfer","line":309,"loc":{"start":{"line":309,"column":4},"end":{"line":334,"column":4}}},"16":{"name":"_doSafeTransferAcceptanceCheck","line":336,"loc":{"start":{"line":336,"column":4},"end":{"line":365,"column":4}}},"17":{"name":"_doSafeBatchTransferAcceptanceCheck","line":367,"loc":{"start":{"line":367,"column":4},"end":{"line":397,"column":4}}},"18":{"name":"_approve","line":406,"loc":{"start":{"line":406,"column":4},"end":{"line":409,"column":4}}}},"statementMap":{"1":{"start":{"line":34,"column":8},"end":{"line":34,"column":41}},"2":{"start":{"line":35,"column":8},"end":{"line":35,"column":20}},"3":{"start":{"line":42,"column":8},"end":{"line":42,"column":40}},"4":{"start":{"line":43,"column":8},"end":{"line":43,"column":64}},"5":{"start":{"line":45,"column":8},"end":{"line":45,"column":2020}},"6":{"start":{"line":50,"column":8},"end":{"line":50,"column":28}},"7":{"start":{"line":59,"column":8},"end":{"line":59,"column":39}},"8":{"start":{"line":68,"column":8},"end":{"line":68,"column":2663}},"9":{"start":{"line":85,"column":8},"end":{"line":85,"column":3079}},"10":{"start":{"line":89,"column":8},"end":{"line":89,"column":35}},"11":{"start":{"line":90,"column":8},"end":{"line":90,"column":3237}},"12":{"start":{"line":91,"column":12},"end":{"line":91,"column":20}},"13":{"start":{"line":93,"column":8},"end":{"line":93,"column":16}},"14":{"start":{"line":107,"column":8},"end":{"line":107,"column":3634}},"15":{"start":{"line":112,"column":8},"end":{"line":112,"column":71}},"16":{"start":{"line":114,"column":8},"end":{"line":114,"column":3836}},"17":{"start":{"line":118,"column":8},"end":{"line":118,"column":28}},"18":{"start":{"line":128,"column":8},"end":{"line":128,"column":4177}},"19":{"start":{"line":134,"column":8},"end":{"line":134,"column":59}},"20":{"start":{"line":144,"column":8},"end":{"line":144,"column":52}},"21":{"start":{"line":153,"column":8},"end":{"line":153,"column":36}},"22":{"start":{"line":169,"column":8},"end":{"line":169,"column":73}},"23":{"start":{"line":170,"column":8},"end":{"line":170,"column":5343}},"24":{"start":{"line":175,"column":8},"end":{"line":175,"column":44}},"25":{"start":{"line":188,"column":8},"end":{"line":188,"column":5818}},"26":{"start":{"line":192,"column":8},"end":{"line":192,"column":73}},"27":{"start":{"line":193,"column":8},"end":{"line":193,"column":6019}},"28":{"start":{"line":198,"column":8},"end":{"line":198,"column":6183}},"29":{"start":{"line":199,"column":12},"end":{"line":199,"column":31}},"30":{"start":{"line":200,"column":12},"end":{"line":200,"column":39}},"31":{"start":{"line":202,"column":12},"end":{"line":202,"column":73}},"32":{"start":{"line":204,"column":12},"end":{"line":204,"column":45}},"33":{"start":{"line":206,"column":12},"end":{"line":206,"column":6442}},"34":{"start":{"line":210,"column":12},"end":{"line":210,"column":42}},"35":{"start":{"line":213,"column":8},"end":{"line":213,"column":62}},"36":{"start":{"line":215,"column":8},"end":{"line":215,"column":6701}},"37":{"start":{"line":262,"column":8},"end":{"line":262,"column":39}},"38":{"start":{"line":263,"column":8},"end":{"line":263,"column":7873}},"39":{"start":{"line":267,"column":8},"end":{"line":267,"column":7995}},"40":{"start":{"line":270,"column":8},"end":{"line":270,"column":8080}},"41":{"start":{"line":274,"column":8},"end":{"line":274,"column":8157}},"42":{"start":{"line":278,"column":8},"end":{"line":278,"column":73}},"43":{"start":{"line":279,"column":8},"end":{"line":279,"column":72}},"44":{"start":{"line":280,"column":8},"end":{"line":280,"column":8414}},"45":{"start":{"line":285,"column":8},"end":{"line":285,"column":46}},"46":{"start":{"line":286,"column":8},"end":{"line":286,"column":72}},"47":{"start":{"line":287,"column":8},"end":{"line":287,"column":8669}},"48":{"start":{"line":298,"column":8},"end":{"line":298,"column":8901}},"49":{"start":{"line":305,"column":8},"end":{"line":305,"column":53}},"50":{"start":{"line":306,"column":8},"end":{"line":306,"column":75}},"51":{"start":{"line":316,"column":8},"end":{"line":316,"column":69}},"52":{"start":{"line":318,"column":8},"end":{"line":318,"column":41}},"53":{"start":{"line":320,"column":8},"end":{"line":320,"column":9599}},"54":{"start":{"line":325,"column":8},"end":{"line":325,"column":9730}},"55":{"start":{"line":326,"column":12},"end":{"line":326,"column":18}},"56":{"start":{"line":329,"column":8},"end":{"line":329,"column":38}},"57":{"start":{"line":331,"column":8},"end":{"line":331,"column":61}},"58":{"start":{"line":333,"column":8},"end":{"line":333,"column":77}},"59":{"start":{"line":344,"column":8},"end":{"line":344,"column":10183}},"60":{"start":{"line":345,"column":12},"end":{"line":345,"column":10222}},"61":{"start":{"line":354,"column":16},"end":{"line":354,"column":10493}},"62":{"start":{"line":357,"column":20},"end":{"line":357,"column":69}},"63":{"start":{"line":360,"column":16},"end":{"line":360,"column":29}},"64":{"start":{"line":362,"column":16},"end":{"line":362,"column":77}},"65":{"start":{"line":375,"column":8},"end":{"line":375,"column":11127}},"66":{"start":{"line":376,"column":12},"end":{"line":376,"column":11166}},"67":{"start":{"line":385,"column":16},"end":{"line":385,"column":11444}},"68":{"start":{"line":389,"column":20},"end":{"line":389,"column":69}},"69":{"start":{"line":392,"column":16},"end":{"line":392,"column":29}},"70":{"start":{"line":394,"column":16},"end":{"line":394,"column":77}},"71":{"start":{"line":408,"column":8},"end":{"line":408,"column":52}}},"branchMap":{"1":{"line":43,"type":"if","locatio
[...]
mn":8},"end":{"line":927,"column":31144}},"150":{"start":{"line":931,"column":8},"end":{"line":931,"column":31239}},"151":{"start":{"line":933,"column":12},"end":{"line":933,"column":31347}},"152":{"start":{"line":934,"column":16},"end":{"line":934,"column":67}},"153":{"start":{"line":938,"column":12},"end":{"line":938,"column":31561}},"154":{"start":{"line":944,"column":8},"end":{"line":944,"column":31753}},"155":{"start":{"line":954,"column":8},"end":{"line":954,"column":32011}},"156":{"start":{"line":955,"column":12},"end":{"line":955,"column":32059}},"157":{"start":{"line":961,"column":8},"end":{"line":961,"column":29}},"158":{"start":{"line":968,"column":8},"end":{"line":968,"column":59}},"159":{"start":{"line":975,"column":8},"end":{"line":975,"column":32554}},"160":{"start":{"line":978,"column":8},"end":{"line":978,"column":32639}},"161":{"start":{"line":981,"column":8},"end":{"line":981,"column":72}},"162":{"start":{"line":990,"column":8},"end":{"line":990,"column":37}},"163":{"start":{"line":991,"column":8},"end":{"line":991,"column":61}},"164":{"start":{"line":992,"column":8},"end":{"line":992,"column":33049}},"165":{"start":{"line":994,"column":12},"end":{"line":994,"column":31}},"166":{"start":{"line":995,"column":12},"end":{"line":995,"column":48}},"167":{"start":{"line":997,"column":8},"end":{"line":997,"column":46}},"168":{"start":{"line":1007,"column":8},"end":{"line":1007,"column":47}},"169":{"start":{"line":1008,"column":8},"end":{"line":1008,"column":65}},"170":{"start":{"line":1019,"column":8},"end":{"line":1019,"column":63}},"171":{"start":{"line":1020,"column":8},"end":{"line":1020,"column":46}},"172":{"start":{"line":1028,"column":8},"end":{"line":1028,"column":63}},"173":{"start":{"line":1030,"column":8},"end":{"line":1030,"column":19}},"174":{"start":{"line":1041,"column":8},"end":{"line":1041,"column":34345}},"175":{"start":{"line":1044,"column":8},"end":{"line":1044,"column":63}},"176":{"start":{"line":1045,"column":8},"end":{"line":1045,"column":34519}},"177":{"start":{"line":1048,"column":8},"end":{"line":1048,"column":69}},"178":{"start":{"line":1049,"column":8},"end":{"line":1049,"column":34672}},"179":{"start":{"line":1050,"column":12},"end":{"line":1050,"column":36}},"180":{"start":{"line":1052,"column":12},"end":{"line":1052,"column":59}},"181":{"start":{"line":1063,"column":8},"end":{"line":1063,"column":55}},"182":{"start":{"line":1064,"column":8},"end":{"line":1064,"column":79}},"183":{"start":{"line":1065,"column":8},"end":{"line":1065,"column":50}},"184":{"start":{"line":1066,"column":8},"end":{"line":1066,"column":61}},"185":{"start":{"line":1074,"column":8},"end":{"line":1074,"column":35447}},"186":{"start":{"line":1077,"column":8},"end":{"line":1077,"column":68}},"187":{"start":{"line":1079,"column":8},"end":{"line":1079,"column":35610}},"188":{"start":{"line":1091,"column":8},"end":{"line":1091,"column":36006}},"189":{"start":{"line":1095,"column":8},"end":{"line":1095,"column":36131}},"190":{"start":{"line":1099,"column":8},"end":{"line":1099,"column":21}},"191":{"start":{"line":1109,"column":8},"end":{"line":1109,"column":51}},"192":{"start":{"line":1110,"column":8},"end":{"line":1110,"column":53}},"193":{"start":{"line":1112,"column":8},"end":{"line":1112,"column":59}},"194":{"start":{"line":1115,"column":8},"end":{"line":1115,"column":36666}},"195":{"start":{"line":1123,"column":8},"end":{"line":1123,"column":36830}},"196":{"start":{"line":1124,"column":12},"end":{"line":1124,"column":42}},"197":{"start":{"line":1129,"column":8},"end":{"line":1129,"column":36990}},"198":{"start":{"line":1134,"column":8},"end":{"line":1134,"column":27}},"199":{"start":{"line":1135,"column":8},"end":{"line":1135,"column":32}},"200":{"start":{"line":1137,"column":8},"end":{"line":1137,"column":39}},"201":{"start":{"line":1147,"column":8},"end":{"line":1147,"column":43}},"202":{"start":{"line":1148,"column":8},"end":{"line":1148,"column":34}},"203":{"start":{"line":1149,"column":8},"end":{"line":1149,"column":37486}},"204":{"start":{"line":1150,"column":12},"end":{"line":1150,"column":45}},"205":{"start":{"line":1160,"column":8},"end":{"line":1160,"column":37}},"206":{"start":{"line":1161,"column":8},"end":{"line":1161,"column":58}},"207":{"start":{"line":1166,"column":8},"end":{"line":1166,"column":37983}},"208":{"start":{"line":1176,"column":8},"end":{"line":1176,"column":38319}},"209":{"start":{"line":1183,"column":8},"end":{"line":1183,"column":38619}},"210":{"start":{"line":1192,"column":8},"end":{"line":1192,"column":38864}}},"branchMap":{"1":{"line":91,"type":"cond-expr","locations":[{"start":{"line":91,"column":12},"end":{"line":91,"column":56}},{"start":{"line":92,"column":12},"end":{"line":92,"column":59}}]},"2":{"line":91,"type":"cond-expr","locations":[{"start":{"line":91,"column":12},"end":{"line":92,"column":59}},{"start":{"line":93,"column":12},"end":{"line":93,"column":47}}]},"3":{"line":125,"type":"if","locations":[{"start":{"line":125,"column":8},"end":{"line":125,"column":8}},{"start":{"line":125,"column":8},"end":{"line":125,"column":8}}]},"4":{"line":142,"type":"if","locations":[{"start":{"line":142,"column":8},"end":{"line":142,"column":8}},{"start":{"line":142,"column":8},"end":{"line":142,"column":8}}]},"5":{"line":178,"type":"if","locations":[{"start":{"line":178,"column":13},"end":{"line":178,"column":13}},{"start":{"line":178,"column":13},"end":{"line":178,"column":13}}]},"6":{"line":208,"type":"if","locations":[{"start":{"line":208,"column":13},"end":{"line":208,"column":13}},{"start":{"line":208,"column":13},"end":{"line":208,"column":13}}]},"7":{"line":209,"type":"if","locations":[{"start":{"line":209,"column":8},"end":{"line":209,"column":8}},{"start":{"line":209,"column":8},"end":{"line":209,"column":8}}]},"8":{"line":216,"type":"if","locations":[{"start":{"line":216,"column":8},"end":{"line":216,"column":8}},{"start":{"line":216,"column":8},"end":{"line":216,"column":8}}]},"9":{"line":228,"type":"if","locations":[{"start":{"line":228,"column":8},"end":{"line":228,"column":8}},{"start":{"line":228,"column":8},"end":{"line":228,"column":8}}]},"10":{"line":243,"type":"if","locations":[{"start":{"line":243,"column":8},"end":{"line":243,"column":8}},{"start":{"line":243,"column":8},"end":{"line":243,"column":8}}]},"11":{"line":263,"type":"cond-expr","locations":[{"start":{"line":263,"column":13},"end":{"line":263,"column":25}},{"start":{"line":263,"column":30},"end":{"line":263,"column":58}}]},"12":{"line":280,"type":"cond-expr","locations":[{"start":{"line":280,"column":13},"end":{"line":280,"column":25}},{"start":{"line":281,"column":16},"end":{"line":281,"column":44}}]},"13":{"line":280,"type":"cond-expr","locations":[{"start":{"line":280,"column":13},"end":{"line":281,"column":44}},{"start":{"line":282,"column":16},"end":{"line":282,"column":49}}]},"14":{"line":303,"type":"if","locations":[{"start":{"line":303,"column":8},"end":{"line":303,"column":8}},{"start":{"line":303,"column":8},"end":{"line":303,"column":8}}]},"15":{"line":347,"type":"if","locations":[{"start":{"line":347,"column":15},"end":{"line":347,"column":15}},{"start":{"line":347,"column":15},"end":{"line":347,"column":15}}]},"16":{"line":370,"type":"if","locations":[{"start":{"line":370,"column":15},"end":{"line":370,"column":15}},{"start":{"line":370,"column":15},"end":{"line":370,"column":15}}]},"17":{"line":377,"type":"if","locations":[{"start":{"line":377,"column":12},"end":{"line":377,"column":12}},{"start":{"line":377,"column":12},"end":{"line":377,"column":12}}]},"18":{"line":378,"type":"cond-expr","locations":[{"start":{"line":378,"column":16},"end":{"line":378,"column":46}},{"start":{"line":379,"column":16},"end":{"line":379,"column":47}}]},"19":{"line":416,"type":"if","locations":[{"start":{"line":416,"column":8},"end":{"line":416,"column":8}},{"start":{"line":416,"column":8},"end":{"line":416,"column":8}}]},"20":{"line":422,"type":"if","locations":[{"start":{"line":422,"column":8},"end":{"line":422,"column":8}},{"start":{"line":422,"column":8},"end":{"line":422,"column":8}}]},"21":{"line":426,"type":"if","locations":[{"start":{"line":426,"column":8},"end":{"line":426,"column":8}},{"start":{"line":426,"column":8},"end":{"line":426,"column":8}}]},"22":{"line":447,"type":"if","locations":[{"start":{"line":447,"column":13},"end":{"line":447,"column":13}},{"start":{"line":447,"column":13},"end":{"line":447,"column":13}}]},"23":{"line":448,"type":"if","locations":[{"start":{"line":448,"column":8},"end":{"line":448,"column":8}},{"start":{"line":448,"column":8},"end":{"line":448,"column":8}}]},"24":{"line":471,"type":"if","locations":[{"start":{"line":471,"column":13},"end":{"line":471,"column":13}},{"start":{"line":471,"column":13},"end":{"line":471,"column":13}}]},"25":{"line":472,"type":"if","locations":[{"start":{"line":472,"column":8},"end":{"line":472,"column":8}},{"start":{"line":472,"column":8},"end":{"line":472,"column":8}}]},"26":{"line":475,"type":"if","locations":[{"start":{"line":475,"column":8},"end":{"line":475,"column":8}},{"start":{"line":475,"column":8},"end":{"line":475,"column":8}}]},"27":{"line":475,"type":"cond-expr","locations":[{"start":{"line":475,"column":12},"end":{"line":475,"column":37}},{"start":{"line":475,"column":42},"end":{"line":475,"column":68}}]},"28":{"line":493,"type":"if","locations":[{"start":{"line":493,"column":8},"end":{"line":493,"column":8}},{"start":{"line":493,"column":8},"end":{"line":493,"column":8}}]},"29":{"line":494,"type":"if","locations":[{"start":{"line":494,"column":8},"end":{"line":494,"column":8}},{"start":{"line":494,"column":8},"end":{"line":494,"column":8}}]},"30":{"line":520,"type":"if","locations":[{"start":{"line":520,"column":8},"end":{"line":520,"column":8}},{"start":{"line":520,"column":8},"end":{"line":520,"column":8}}]},"31":{"line":527,"type":"if","locations":[{"start":{"line":527,"column":8},"end":{"line":527,"column":8}},{"start":{"line":527,"column":8},"end":{"line":527,"column":8}}]},"32":{"line":536,"type":"if","locations":[{"start":{"line":536,"column":8},"end":{"line":536,"column":8}},{"start":{"line":536,"column":8},"end":{"line":536,"column":8}}]},"33":{"line":559,"type":"if","locations":[{"start":{"line":559,"column":8},"end":{"line":559,"column":8}},{"start":{"line":559,"column":8},"end":{"line":559,"column":8}}]},"34":{"line":563,"type":"if","locations":[{"start":{"line":563,"column":8},"end":{"line":563,"column":8}},{"start":{"line":563,"column":8},"end":{"line":563,"column":8}}]},"35":{"line":604,"type":"if","locations":[{"start":{"line":604,"column":8},"end":{"line":604,"column":8}},{"start":{"line":604,"column":8},"end":{"line":604,"column":8}}]},"36":{"line":604,"type":"cond-expr","locations":[{"start":{"line":604,"column":12},"end":{"line":604,"column":30}},{"start":{"line":604,"column":35},"end":{"line":604,"column":66}}]},"37":{"line":609,"type":"if","locations":[{"start":{"line":609,"column":8},"end":{"line":609,"column":8}},{"start":{"line":609,"column":8},"end":{"line":609,"column":8}}]},"38":{"line":610,"type":"if","locations":[{"start":{"line":610,"column":12},"end":{"line":610,"column":12}},{"start":{"line":610,"column":12},"end":{"line":610,"column":12}}]},"39":{"line":614,"type":"if","locations":[{"start":{"line":614,"column":12},"end":{"line":614,"column":12}},{"start":{"line":614,"column":12},"end":{"line":614,"column":12}}]},"40":{"line":624,"type":"if","locations":[{"start":{"line":624,"column":8},"end":{"line":624,"column":8}},{"start":{"line":624,"column":8},"end":{"line":624,"column":8}}]},"41":{"line":650,"type":"if","locations":[{"start":{"line":650,"column":13},"end":{"line":650,"column":13}},{"start":{"line":650,"column":13},"end":{"line":650,"column":13}}]},"42":{"line":658,"type":"if","locations":[{"start":{"line":658,"column":8},"end":{"line":658,"column":8}},{"start":{"line":658,"column":8},"end":{"line":658,"column":8}}]},"43":{"line":686,"type":"if","locations":[{"start":{"line":686,"column":13},"end":{"line":686,"column":13}},{"start":{"line":686,"column":13},"end":{"line":686,"column":13}}]},"44":{"line":693,"type":"if","locations":[{"start":{"line":693,"column":8},"end":{"line":693,"column":8}},{"start":{"line":693,"column":8},"end":{"line":693,"column":8}}]},"45":{"line":729,"type":"if","locations":[{"start":{"line":729,"column":8},"end":{"line":729,"column":8}},{"start":{"line":729,"column":8},"end":{"line":729,"column":8}}]},"46":{"line":730,"type":"if","locations":[{"start":{"line":730,"column":8},"end":{"line":730,"column":8}},{"start":{"line":730,"column":8},"end":{"line":730,"column":8}}]},"47":{"line":736,"type":"if","locations":[{"start":{"line":736,"column":8},"end":{"line":736,"column":8}},{"start":{"line":736,"column":8},"end":{"line":736,"column":8}}]},"48":{"line":738,"type":"if","locations":[{"start":{"line":738,"column":12},"end":{"line":738,"column":12}},{"start":{"line":738,"column":12},"end":{"line":738,"column":12}}]},"49":{"line":757,"type":"if","locations":[{"start":{"line":757,"column":13},"end":{"line":757,"column":13}},{"start":{"line":757,"column":13},"end":{"line":757,"column":13}}]},"50":{"line":757,"type":"if","locations":[{"start":{"line":757,"column":34},"end":{"line":757,"column":34}},{"start":{"line":757,"column":34},"end":{"line":757,"column":34}}]},"51":{"line":770,"type":"if","locations":[{"start":{"line":770,"column":13},"end":{"line":770,"column":13}},{"start":{"line":770,"column":13},"end":{"line":770,"column":13}}]},"52":{"line":770,"type":"if","locations":[{"start":{"line":770,"column":34},"end":{"line":770,"column":34}},{"start":{"line":770,"column":34},"end":{"line":770,"column":34}}]},"53":{"line":782,"type":"if","locations":[{"start":{"line":782,"column":8},"end":{"line":782,"column":8}},{"start":{"line":782,"column":8},"end":{"line":782,"column":8}}]},"54":{"line":812,"type":"if","locations":[{"start":{"line":812,"column":8},"end":{"line":812,"column":8}},{"start":{"line":812,"column":8},"end":{"line":812,"column":8}}]},"55":{"line":815,"type":"cond-expr","locations":[{"start":{"line":815,"column":13},"end":{"line":815,"column":38}},{"start":{"line":817,"column":16},"end":{"line":817,"column":47}}]},"56":{"line":820,"type":"if","locations":[{"start":{"line":820,"column":12},"end":{"line":820,"column":12}},{"start":{"line":820,"column":12},"end":{"line":820,"column":12}}]},"57":{"line":824,"type":"if","locations":[{"start":{"line":824,"column":12},"end":{"line":824,"column":12}},{"start":{"line":824,"column":12},"end":{"line":824,"column":12}}]},"58":{"line":853,"type":"if","locations":[{"start":{"line":853,"column":8},"end":{"line":853,"column":8}},{"start":{"line":853,"column":8},"end":{"line":853,"column":8}}]},"59":{"line":874,"type":"if","locations":[{"start":{"line":874,"column":8},"end":{"line":874,"column":8}},{"start":{"line":874,"column":8},"end":{"line":874,"column":8}}]},"60":{"line":891,"type":"if","locations":[{"start":{"line":891,"column":8},"end":{"line":891,"column":8}},{"start":{"line":891,"column":8},"end":{"line":891,"column":8}}]},"61":{"line":905,"type":"if","locations":[{"start":{"line":905,"column":8},"end":{"line":905,"column":8}},{"start":{"line":905,"column":8},"end":{"line":905,"column":8}}]},"62":{"line":927,"type":"if","locations":[{"start":{"line":927,"column":8},"end":{"line":927,"column":8}},{"start":{"line":927,"column":8},"end":{"line":927,"column":8}}]},"63":{"line":931,"type":"if","locations":[{"start":{"line":931,"column":8},"end":{"line":931,"column":8}},{"start":{"line":931,"column":8},"end":{"line":931,"column":8}}]},"64":{"line":933,"type":"if","locations":[{"start":{"line":933,"column":12},"end":{"line":933,"column":12}},{"start":{"line":933,"column":12},"end":{"line":933,"column":12}}]},"65":{"line":938,"type":"if","locations":[{"start":{"line":938,"column":12},"end":{"line":938,"column":12}},{"start":{"line":938,"column":12},"end":{"line":938,"column":12}}]},"66":{"line":944,"type":"if","locations":[{"start":{"line":944,"column":8},"end":{"line":944,"column":8}},{"start":{"line":944,"column":8},"end":{"line":944,"column":8}}]},"67":{"line":954,"type":"if","locations":[{"start":{"line":954,"column":8},"end":{"line":954,"column":8}},{"start":{"line":954,"column":8},"end":{"line":954,"column":8}}]},"68":{"line":955,"type":"if","locations":[{"start":{"line":955,"column":12},"end":{"line":955,"column":12}},{"start":{"line":955,"column":12},"end":{"line":955,"column":12}}]},"69":{"line":975,"type":"if","locations":[{"start":{"line":975,"column":8},"end":{"line":975,"column":8}},{"start":{"line":975,"column":8},"end":{"line":975,"column":8}}]},"70":{"line":978,"type":"if","locations":[{"start":{"line":978,"column":8},"end":{"line":978,"column":8}},{"start":{"line":978,"column":8},"end":{"line":978,"column":8}}]},"71":{"line":992,"type":"if","locations":[{"start":{"line":992,"column":8},"end":{"line":992,"column":8}},{"start":{"line":992,"column":8},"end":{"line":992,"column":8}}]},"72":{"line":1045,"type":"if","locations":[{"start":{"line":1045,"column":8},"end":{"line":1045,"column":8}},{"start":{"line":1045,"column":8},"end":{"line":1045,"column":8}}]},"73":{"line":1049,"type":"if","locations":[{"start":{"line":1049,"column":8},"end":{"line":1049,"column":8}},{"start":{"line":1049,"column":8},"end":{"line":1049,"column":8}}]},"74":{"line":1079,"type":"if","locations":[{"start":{"line":1079,"column":8},"end":{"line":1079,"column":8}},{"start":{"line":1079,"column":8},"end":{"line":1079,"column":8}}]},"75":{"line":1091,"type":"if","locations":[{"start":{"line":1091,"column":8},"end":{"line":1091,"column":8}},{"start":{"line":1091,"column":8},"end":{"line":1091,"column":8}}]},"76":{"line":1095,"type":"if","locations":[{"start":{"line":1095,"column":8},"end":{"line":1095,"column":8}},{"start":{"line":1095,"column":8},"end":{"line":1095,"column":8}}]},"77":{"line":1123,"type":"if","locations":[{"start":{"line":1123,"column":8},"end":{"line":1123,"column":8}},{"start":{"line":1123,"column":8},"end":{"line":1123,"column":8}}]},"78":{"line":1129,"type":"if","locations":[{"start":{"line":1129,"column":8},"end":{"line":1129,"column":8}},{"start":{"line":1129,"column":8},"end":{"line":1129,"column":8}}]},"79":{"line":1149,"type":"if","locations":[{"start":{"line":1149,"column":8},"end":{"line":1149,"column":8}},{"start":{"line":1149,"column":8},"end":{"line":1149,"column":8}}]},"80":{"line":1166,"type":"if","locations":[{"start":{"line":1166,"column":8},"end":{"line":1166,"column":8}},{"start":{"line":1166,"column":8},"end":{"line":1166,"column":8}}]},"81":{"line":1176,"type":"if","locations":[{"start":{"line":1176,"column":8},"end":{"line":1176,"column":8}},{"start":{"line":1176,"column":8},"end":{"line":1176,"column":8}}]},"82":{"line":1202,"type":"if","locations":[{"start":{"line":1202,"column":47},"end":{"line":1202,"column":47}},{"start":{"line":1202,"column":47},"end":{"line":1202,"column":47}}]}}},"contracts/wrapper/StaticMetadataService.sol":{"l":{"8":9,"12":1},"path":"/Volumes/Work/WorkInProgress/Popoo/pop-sc/pns-contracts/contracts/wrapper/StaticMetadataService.sol","s":{"1":1},"b":{},"f":{"1":9,"2":1},"fnMap":{"1":{"name":"constructor","line":7,"loc":{"start":{"line":7,"column":4},"end":{"line":9,"column":4}}},"2":{"name":"uri","line":11,"loc":{"start":{"line":11,"column":4},"end":{"line":13,"column":4}}}},"statementMap":{"1":{"start":{"line":12,"column":8},"end":{"line":12,"column":19}}},"branchMap":{}},"contracts/wrapper/test/TestBytesUtils.sol":{"l":{"13":5,"20":4},"path":"/Volumes/Work/WorkInProgress/Popoo/pop-sc/pns-contracts/contracts/wrapper/test/TestBytesUtils.sol","s":{"1":5,"2":4},"b":{},"f":{"1":5,"2":4},"fnMap":{"1":{"name":"readLabel","line":9,"loc":{"start":{"line":9,"column":4},"end":{"line":14,"column":4}}},"2":{"name":"namehash","line":16,"loc":{"start":{"line":16,"column":4},"end":{"line":21,"column":4}}}},"statementMap":{"1":{"start":{"line":13,"column":8},"end":{"line":13,"column":37}},"2":{"start":{"line":20,"column":8},"end":{"line":20,"column":36}}},"branchMap":{}}}